

<!DOCTYPE html>
<html>
<head>
<meta charset="UTF-8">
<meta name="viewport" content="width=device-width, initial-scale=1, shrink-to-fit=no">
<title>Storyboard Systems Test Report</title>
<link rel="apple-touch-icon" href="https://cdn.jsdelivr.net/gh/extent-framework/extent-github-cdn@b00a2d0486596e73dd7326beacf352c639623a0e/commons/img/logo.png">
<link rel="shortcut icon" href="https://cdn.jsdelivr.net/gh/extent-framework/extent-github-cdn@b00a2d0486596e73dd7326beacf352c639623a0e/commons/img/logo.png">
<link href="https://cdn.jsdelivr.net/gh/extent-framework/extent-github-cdn@ce8b10435bcbae260c334c0d0c6b61d2c19b6168/spark/css/spark-style.css" rel="stylesheet" />
<link href="https://stackpath.bootstrapcdn.com/font-awesome/4.7.0/css/font-awesome.min.css" rel="stylesheet">
<script src="https://cdn.jsdelivr.net/gh/extent-framework/extent-github-cdn@7cc78ce/spark/js/jsontree.js"></script>
<style type="text/css"></style></head><body class="spa -report standard">
  <div class="app">
    <div class="layout">
<div class="header navbar">
<div class="vheader">
<div class="nav-logo">
<a href="#">
<div class="logo" style="background-image: url('https://cdn.jsdelivr.net/gh/extent-framework/extent-github-cdn@b00a2d0486596e73dd7326beacf352c639623a0e/commons/img/logo.png')"></div>
</a>
</div>
<ul class="nav-left">
<li class="search-box">
<a class="search-toggle" href="#">
<i class="search-icon fa fa-search"></i>
<i class="search-icon-close fa fa-close"></i>
</a>
</li>
<li class="search-input"><input id="search-tests" class="form-control" type="text" placeholder="Search..."></li>
</ul>
<ul class="nav-right">
<li class="m-r-10">
<a href="#"><span class="badge badge-primary">Storyboard Systems - Test Execution Report</span></a>
</li>
<li class="m-r-10">
<a href="#"><span class="badge badge-primary">Mar 28, 2025 07:16:28 PM</span></a>
</li>
</ul>
</div>
</div><div class="side-nav">
<div class="side-nav-inner">
<ul class="side-nav-menu">
<li class="nav-item dropdown" onclick="toggleView('test-view')">
<a id="nav-test" class="dropdown-toggle" href="#">
<span class="ico"><i class="fa fa-list"></i></span>
</a>
</li>
<li class="nav-item dropdown" onclick="toggleView('exception-view')">
<a id="nav-exception" class="dropdown-toggle" href="#">
<span class="ico"><i class="fa fa-bug"></i></span>
</a>
</li>
<li class="nav-item dropdown" onclick="toggleView('dashboard-view')">
<a id="nav-dashboard" class="dropdown-toggle" href="#">
<span class="ico"><i class="fa fa-bar-chart"></i></span>
</a>
</li>
</ul>
</div>
</div>      <div class="vcontainer">
        <div class="main-content">
<div class="test-wrapper row view test-view">
  <div class="test-list">
    <div class="test-list-tools">
<ul class="tools pull-left">
<li><a href="#"><span class="font-size-14">Tests</span></a></li>
</ul>
<ul class="tools text-right">
<li class="dropdown">
<a href="#" class="dropdown-toggle" data-toggle="dropdown"><i class="fa fa-exclamation-circle"></i></a>
<ul id="status-toggle" class="dropdown-menu dropdown-md p-v-0">
<a class="dropdown-item" status="pass" href="#"><span>Pass</span><span class="status success"></span></a>
<a class="dropdown-item" status="fail" href="#"><span>Fail</span><span class="status danger"></span></a>
<div class="dropdown-divider"></div>
<a status="clear" class="dropdown-item" href="#"><span>Clear</span><span class="pull-right"><i class="fa fa-close"></i></span></a>
</ul>
</li>
</ul>
</div>    <div class="test-list-wrapper scrollable">
      <ul class="test-list-item">
        <li class="test-item"  status="pass" test-id="1"
          author=""
          tag=""
          device="">
          <div class="test-detail">
            <p class="name">runSingleScenario</p>
            <p class="text-sm">
              <span>7:16:28‚ÄØPM</span> / <span>00:00:00:000</span>
              <span class="badge pass-bg log float-right">Pass</span>
            </p>
          </div>
          <div class="test-contents d-none">
<div class="detail-head">
<div class="p-v-10">
<div class="info">
<h5 class="test-status text-pass">runSingleScenario</h5>
<span class='badge badge-success'>03.28.2025 7:16:28‚ÄØPM</span>
<span class='badge badge-danger'>03.28.2025 7:16:28‚ÄØPM</span>
<span class='badge badge-default'>00:00:00:000</span>
&middot; <span class='uri-anchor badge badge-default'>#test-id=1</span>
<span title='Skip to the next failed step' class='badge badge-danger pointer float-right ne ml-1'><i class="fa fa-fast-forward"></i></span>
<span title='Collapse all nodes' class='badge badge-default pointer float-right ct ml-1'><i class="fa fa-compress"></i></span>
<span title='Expand all nodes' class='badge badge-default pointer float-right et'><i class="fa fa-expand"></i></span>
</div>
</div>
</div>          </div>
        </li>
        <li class="test-item"  status="fail" test-id="2"
          author=""
          tag=""
          device="">
          <div class="test-detail">
            <p class="name">Test Scenario: Scenario 1</p>
            <p class="text-sm">
              <span>7:16:28‚ÄØPM</span> / <span>00:00:21:079</span>
              <span class="badge fail-bg log float-right">Fail</span>
            </p>
          </div>
          <div class="test-contents d-none">
<div class="detail-head">
<div class="p-v-10">
<div class="info">
<h5 class="test-status text-fail">Test Scenario: Scenario 1</h5>
<span class='badge badge-success'>03.28.2025 7:16:28‚ÄØPM</span>
<span class='badge badge-danger'>03.28.2025 7:16:49‚ÄØPM</span>
<span class='badge badge-default'>00:00:21:079</span>
&middot; <span class='uri-anchor badge badge-default'>#test-id=2</span>
<span title='Skip to the next failed step' class='badge badge-danger pointer float-right ne ml-1'><i class="fa fa-fast-forward"></i></span>
<span title='Collapse all nodes' class='badge badge-default pointer float-right ct ml-1'><i class="fa fa-compress"></i></span>
<span title='Expand all nodes' class='badge badge-default pointer float-right et'><i class="fa fa-expand"></i></span>
</div>
</div>
</div>    <div class="row mb-3"><div class="col-md-3">
    

<img data-featherlight='C:\Users\SankaraNarayanan\IdeaProjects\StoryboardsSystems/test-output/screenshots/After_Action_findElement_781041589619500.png' src="C:\Users\SankaraNarayanan\IdeaProjects\StoryboardsSystems/test-output/screenshots/After_Action_findElement_781041589619500.png">
  
    

    </div></div>
    <div class="row mb-3"><div class="col-md-3">
    

<img data-featherlight='C:\Users\SankaraNarayanan\IdeaProjects\StoryboardsSystems/test-output/screenshots/After_Action_sendKeys_781041880082800.png' src="C:\Users\SankaraNarayanan\IdeaProjects\StoryboardsSystems/test-output/screenshots/After_Action_sendKeys_781041880082800.png">
  
    

    </div></div>
    <div class="row mb-3"><div class="col-md-3">
    

<img data-featherlight='C:\Users\SankaraNarayanan\IdeaProjects\StoryboardsSystems/test-output/screenshots/After_Action_findElement_781042129256300.png' src="C:\Users\SankaraNarayanan\IdeaProjects\StoryboardsSystems/test-output/screenshots/After_Action_findElement_781042129256300.png">
  
    

    </div></div>
    <div class="row mb-3"><div class="col-md-3">
    

<img data-featherlight='C:\Users\SankaraNarayanan\IdeaProjects\StoryboardsSystems/test-output/screenshots/After_Action_sendKeys_781042427596400.png' src="C:\Users\SankaraNarayanan\IdeaProjects\StoryboardsSystems/test-output/screenshots/After_Action_sendKeys_781042427596400.png">
  
    

    </div></div>
    <div class="row mb-3"><div class="col-md-3">
    

<img data-featherlight='C:\Users\SankaraNarayanan\IdeaProjects\StoryboardsSystems/test-output/screenshots/After_Action_findElement_781042637321600.png' src="C:\Users\SankaraNarayanan\IdeaProjects\StoryboardsSystems/test-output/screenshots/After_Action_findElement_781042637321600.png">
  
    

    </div></div>
    <div class="row mb-3"><div class="col-md-3">
    

<img data-featherlight='C:\Users\SankaraNarayanan\IdeaProjects\StoryboardsSystems/test-output/screenshots/After_Action_sendKeys_781042840943700.png' src="C:\Users\SankaraNarayanan\IdeaProjects\StoryboardsSystems/test-output/screenshots/After_Action_sendKeys_781042840943700.png">
  
    

    </div></div>
    <div class="row mb-3"><div class="col-md-3">
    

<img data-featherlight='C:\Users\SankaraNarayanan\IdeaProjects\StoryboardsSystems/test-output/screenshots/After_Action_findElement_781043020778700.png' src="C:\Users\SankaraNarayanan\IdeaProjects\StoryboardsSystems/test-output/screenshots/After_Action_findElement_781043020778700.png">
  
    

    </div></div>
    <div class="row mb-3"><div class="col-md-3">
    

<img data-featherlight='C:\Users\SankaraNarayanan\IdeaProjects\StoryboardsSystems/test-output/screenshots/After_Action_findElement_781043293836500.png' src="C:\Users\SankaraNarayanan\IdeaProjects\StoryboardsSystems/test-output/screenshots/After_Action_findElement_781043293836500.png">
  
    

    </div></div>
    <div class="row mb-3"><div class="col-md-3">
    

<img data-featherlight='C:\Users\SankaraNarayanan\IdeaProjects\StoryboardsSystems/test-output/screenshots/After_Action_click_781043632284700.png' src="C:\Users\SankaraNarayanan\IdeaProjects\StoryboardsSystems/test-output/screenshots/After_Action_click_781043632284700.png">
  
    

    </div></div>
    <div class="row mb-3"><div class="col-md-3">
    

<img data-featherlight='C:\Users\SankaraNarayanan\IdeaProjects\StoryboardsSystems/test-output/screenshots/After_Action_LoginManager_781043886468100.png' src="C:\Users\SankaraNarayanan\IdeaProjects\StoryboardsSystems/test-output/screenshots/After_Action_LoginManager_781043886468100.png">
  
    

    </div></div>
    <div class="row mb-3"><div class="col-md-3">
    

<img data-featherlight='C:\Users\SankaraNarayanan\IdeaProjects\StoryboardsSystems/test-output/screenshots/After_Action_Navigating to Module and Menu_781047548661600.png' src="C:\Users\SankaraNarayanan\IdeaProjects\StoryboardsSystems/test-output/screenshots/After_Action_Navigating to Module and Menu_781047548661600.png">
  
    

    </div></div>
    <div class="row mb-3"><div class="col-md-3">
    

<img data-featherlight='C:\Users\SankaraNarayanan\IdeaProjects\StoryboardsSystems/test-output/screenshots/BeforeSubmit_Create Direct PO_781048642410300.png' src="C:\Users\SankaraNarayanan\IdeaProjects\StoryboardsSystems/test-output/screenshots/BeforeSubmit_Create Direct PO_781048642410300.png">
  
    

    </div></div>
    <div class="row mb-3"><div class="col-md-3">
    

<img data-featherlight='C:\Users\SankaraNarayanan\IdeaProjects\StoryboardsSystems/test-output/screenshots/BeforeSubmit_Click Submit Button_781050035178200.png' src="C:\Users\SankaraNarayanan\IdeaProjects\StoryboardsSystems/test-output/screenshots/BeforeSubmit_Click Submit Button_781050035178200.png">
  
    

    </div></div>
    <div class="row mb-3"><div class="col-md-3">
    

<img data-featherlight='C:\Users\SankaraNarayanan\IdeaProjects\StoryboardsSystems/test-output/screenshots/AfterSubmit_Fail_findElement_781060216562200.png' src="C:\Users\SankaraNarayanan\IdeaProjects\StoryboardsSystems/test-output/screenshots/AfterSubmit_Fail_findElement_781060216562200.png">
  
    

    </div></div>
    <div class="row mb-3"><div class="col-md-3">
    

<img data-featherlight='C:\Users\SankaraNarayanan\IdeaProjects\StoryboardsSystems/test-output/screenshots/Error_findElement_781060309787500.png' src="C:\Users\SankaraNarayanan\IdeaProjects\StoryboardsSystems/test-output/screenshots/Error_findElement_781060309787500.png">
  
    

    </div></div>
    <div class="row mb-3"><div class="col-md-3">
    

<img data-featherlight='C:\Users\SankaraNarayanan\IdeaProjects\StoryboardsSystems/test-output/screenshots/AfterSubmit_Fail_Click Submit Button_781060436472600.png' src="C:\Users\SankaraNarayanan\IdeaProjects\StoryboardsSystems/test-output/screenshots/AfterSubmit_Fail_Click Submit Button_781060436472600.png">
  
    

    </div></div>
    <div class="row mb-3"><div class="col-md-3">
    

<img data-featherlight='C:\Users\SankaraNarayanan\IdeaProjects\StoryboardsSystems/test-output/screenshots/Error_Click Submit Button_781060536016500.png' src="C:\Users\SankaraNarayanan\IdeaProjects\StoryboardsSystems/test-output/screenshots/Error_Click Submit Button_781060536016500.png">
  
    

    </div></div>
    <div class="row mb-3"><div class="col-md-3">
    

<img data-featherlight='C:\Users\SankaraNarayanan\IdeaProjects\StoryboardsSystems/test-output/screenshots/AfterSubmit_Fail_Create Direct PO_781060638958200.png' src="C:\Users\SankaraNarayanan\IdeaProjects\StoryboardsSystems/test-output/screenshots/AfterSubmit_Fail_Create Direct PO_781060638958200.png">
  
    

    </div></div>
    <div class="row mb-3"><div class="col-md-3">
    

<img data-featherlight='C:\Users\SankaraNarayanan\IdeaProjects\StoryboardsSystems/test-output/screenshots/Error_Create Direct PO_781060757350300.png' src="C:\Users\SankaraNarayanan\IdeaProjects\StoryboardsSystems/test-output/screenshots/Error_Create Direct PO_781060757350300.png">
  
    

    </div></div>
    <div class="row mb-3"><div class="col-md-3">
    

<img data-featherlight='C:\Users\SankaraNarayanan\IdeaProjects\StoryboardsSystems/test-output/screenshots/Error_Scenario 1_781060860849700.png' src="C:\Users\SankaraNarayanan\IdeaProjects\StoryboardsSystems/test-output/screenshots/Error_Scenario 1_781060860849700.png">
  
    

    </div></div>
    <div class="row mb-3"><div class="col-md-3">
    

<img data-featherlight='C:\Users\SankaraNarayanan\IdeaProjects\StoryboardsSystems/test-output/screenshots/AfterSubmit_Fail_Run Single Scenario_781060979463600.png' src="C:\Users\SankaraNarayanan\IdeaProjects\StoryboardsSystems/test-output/screenshots/AfterSubmit_Fail_Run Single Scenario_781060979463600.png">
  
    

    </div></div>
    <div class="row mb-3"><div class="col-md-3">
    

<img data-featherlight='C:\Users\SankaraNarayanan\IdeaProjects\StoryboardsSystems/test-output/screenshots/Error_Run Single Scenario_781061080139400.png' src="C:\Users\SankaraNarayanan\IdeaProjects\StoryboardsSystems/test-output/screenshots/Error_Run Single Scenario_781061080139400.png">
  
    

    </div></div>
<div class="detail-body mt-4">
<table class="table table-sm">
  <thead><tr><th class="status-col">Status</th><th class="timestamp-col">Timestamp</th><th class="details-col">Details</th></tr></thead>
  <tbody>
      <tr class="event-row">
        <td><span class="badge log info-bg">Info</span></td>
        <td>7:16:32‚ÄØPM</td>
        <td>
          Login successful for user: Superadmin
        </td>
      </tr>
      <tr class="event-row">
        <td><span class="badge log info-bg">Info</span></td>
        <td>7:16:32‚ÄØPM</td>
        <td>
          ‚úÖ Login successful!
        </td>
      </tr>
      <tr class="event-row">
        <td><span class="badge log info-bg">Info</span></td>
        <td>7:16:32‚ÄØPM</td>
        <td>
          üìç Branch: Vcidex
        </td>
      </tr>
      <tr class="event-row">
        <td><span class="badge log info-bg">Info</span></td>
        <td>7:16:32‚ÄØPM</td>
        <td>
          Using FilePath: C:\default\path\default.xlsx and Terms: Standard Terms
        </td>
      </tr>
      <tr class="event-row">
        <td><span class="badge log info-bg">Info</span></td>
        <td>7:16:35‚ÄØPM</td>
        <td>
          ‚ùå Failed to capture screenshot: The filename, directory name, or volume label syntax is incorrect
        </td>
      </tr>
      <tr class="event-row">
        <td><span class="badge log info-bg">Info</span></td>
        <td>7:16:35‚ÄØPM</td>
        <td>
          ‚ùå Failed to capture screenshot: The filename, directory name, or volume label syntax is incorrect
        </td>
      </tr>
      <tr class="event-row">
        <td><span class="badge log info-bg">Info</span></td>
        <td>7:16:36‚ÄØPM</td>
        <td>
          ‚ùå Failed to capture screenshot: The filename, directory name, or volume label syntax is incorrect
        </td>
      </tr>
      <tr class="event-row">
        <td><span class="badge log fail-bg">Fail</span></td>
        <td>7:16:49‚ÄØPM</td>
        <td>
          ‚ùó Error in Test: findElement
Expected condition failed: waiting for visibility of element located by By.id: submit-button (tried for 10 second(s) with 500 milliseconds interval)
Build info: version: '4.28.1', revision: '73f5ad48a2'
System info: os.name: 'Windows 10', os.arch: 'amd64', os.version: '10.0', java.version: '21.0.1'
Driver info: org.openqa.selenium.chrome.ChromeDriver
Capabilities {acceptInsecureCerts: false, browserName: chrome, browserVersion: 134.0.6998.178, chrome: {chromedriverVersion: 134.0.6998.165 (fd886e2cb29..., userDataDir: C:\Users\SANKAR~1\AppData\L...}, fedcm:accounts: true, goog:chromeOptions: {debuggerAddress: localhost:60201}, networkConnectionEnabled: false, pageLoadStrategy: normal, platformName: windows, proxy: Proxy(), se:cdp: ws://localhost:60201/devtoo..., se:cdpVersion: 134.0.6998.178, setWindowRect: true, strictFileInteractability: false, timeouts: {implicit: 0, pageLoad: 300000, script: 30000}, unhandledPromptBehavior: dismiss and notify, webauthn:extension:credBlob: true, webauthn:extension:largeBlob: true, webauthn:extension:minPinLength: true, webauthn:extension:prf: true, webauthn:virtualAuthenticators: true}
Session ID: e34e63733eba670f7d6418af396e8c94
        </td>
      </tr>
      <tr class="event-row">
        <td><span class="badge log info-bg">Info</span></td>
        <td>7:16:49‚ÄØPM</td>
        <td>
          <details><summary><b>Browser Logs for findElement (Saved to: ./browser-logs/findElement_logs.txt) (Click to expand)</b></summary><pre>Fri Mar 28 19:16:29 IST 2025 SEVERE https://erplite.storyboarderp.com/v4/main.867c50d0622862e2.js 0:1274291 "ERROR" TypeError: Cannot read properties of undefined (reading 'segments')<br>    at x.isInPaymentsPage (https://erplite.storyboarderp.com/v4/main.867c50d0622862e2.js:1:488507)<br>    at template (https://erplite.storyboarderp.com/v4/main.867c50d0622862e2.js:1:489082)<br>    at dp.runInContext (https://erplite.storyboarderp.com/v4/main.867c50d0622862e2.js:1:1274810)<br>    at _p (https://erplite.storyboarderp.com/v4/main.867c50d0622862e2.js:1:1276985)<br>    at Ip (https://erplite.storyboarderp.com/v4/main.867c50d0622862e2.js:1:1286520)<br>    at Rp (https://erplite.storyboarderp.com/v4/main.867c50d0622862e2.js:1:1287724)<br>    at Wb (https://erplite.storyboarderp.com/v4/main.867c50d0622862e2.js:1:1287587)<br>    at Up (https://erplite.storyboarderp.com/v4/main.867c50d0622862e2.js:1:1287866)<br>    at Ip (https://erplite.storyboarderp.com/v4/main.867c50d0622862e2.js:1:1287243)<br>    at Yu (https://erplite.storyboarderp.com/v4/main.867c50d0622862e2.js:1:1286242)<br>Fri Mar 28 19:16:32 IST 2025 SEVERE https://erplite.storyboarderp.com/v4/assets/Audio/logon_tone.mp3 - Failed to load resource: the server responded with a status of 404 ()<br>Fri Mar 28 19:16:32 IST 2025 SEVERE https://erplite.storyboarderp.com/v4/#/auth/login 0:0 Uncaught DOMException: Failed to load because no supported source was found.<br>Fri Mar 28 19:16:33 IST 2025 SEVERE https://erplite.storyboarderp.com/v4/main.867c50d0622862e2.js 0:1274291 "ERROR" TypeError: Cannot read properties of undefined (reading 'totalDays')<br>    at Object.next (https://erplite.storyboarderp.com/v4/hrm-module.b2cd4137efa67b59.js:1:1695185)<br>    at Se.next (https://erplite.storyboarderp.com/v4/main.867c50d0622862e2.js:1:1142226)<br>    at Ae._next (https://erplite.storyboarderp.com/v4/main.867c50d0622862e2.js:1:1141893)<br>    at Ae.next (https://erplite.storyboarderp.com/v4/main.867c50d0622862e2.js:1:1141578)<br>    at https://erplite.storyboarderp.com/v4/main.867c50d0622862e2.js:1:1152902<br>    at t._next (https://erplite.storyboarderp.com/v4/main.867c50d0622862e2.js:1:1151288)<br>    at t.next (https://erplite.storyboarderp.com/v4/main.867c50d0622862e2.js:1:1141578)<br>    at https://erplite.storyboarderp.com/v4/main.867c50d0622862e2.js:1:1152602<br>    at t._next (https://erplite.storyboarderp.com/v4/main.867c50d0622862e2.js:1:1151288)<br>    at t.next (https://erplite.storyboarderp.com/v4/main.867c50d0622862e2.js:1:1141578)<br>Fri Mar 28 19:16:35 IST 2025 SEVERE https://erplite.storyboarderp.com/v4/main.867c50d0622862e2.js 0:1274291 "ERROR" Error: Uncaught (in promise): TypeError: Cannot read properties of undefined (reading 'type')<br>TypeError: Cannot read properties of undefined (reading 'type')<br>    at v.value (https://erplite.storyboarderp.com/v4/default-node_modules_ng-apexcharts_fesm2020_ng-apexcharts_mjs.5eb13394b7867a41.js:1:81573)<br>    at v.value (https://erplite.storyboarderp.com/v4/default-node_modules_ng-apexcharts_fesm2020_ng-apexcharts_mjs.5eb13394b7867a41.js:1:90010)<br>    at new v (https://erplite.storyboarderp.com/v4/default-node_modules_ng-apexcharts_fesm2020_ng-apexcharts_mjs.5eb13394b7867a41.js:9:21157)<br>    at https://erplite.storyboarderp.com/v4/default-node_modules_ng-apexcharts_fesm2020_ng-apexcharts_mjs.5eb13394b7867a41.js:9:48737<br>    at v.invoke (https://erplite.storyboarderp.com/v4/polyfills.e4f0d6e9859019ee.js:1:6549)<br>    at h.run (https://erplite.storyboarderp.com/v4/polyfills.e4f0d6e9859019ee.js:1:1915)<br>    at Ei.runOutsideAngular (https://erplite.storyboarderp.com/v4/main.867c50d0622862e2.js:1:1339247)<br>    at V.createElement (https://erplite.storyboarderp.com/v4/default-node_modules_ng-apexcharts_fesm2020_ng-apexcharts_mjs.5eb13394b7867a41.js:9:48700)<br>    at D.<anonymous> (https://erplite.storyboarderp.com/v4/default-node_modules_ng-apexcharts_fesm2020_ng-apexcharts_mjs.5eb13394b7867a41.js:9:47684)<br>    at D._execute (https://erplite.storyboarderp.com/v4/main.867c50d0622862e2.js:1:1158389)<br>    at v.value (https://erplite.storyboarderp.com/v4/default-node_modules_ng-apexcharts_fesm2020_ng-apexcharts_mjs.5eb13394b7867a41.js:1:81573)<br>    at v.value (https://erplite.storyboarderp.com/v4/default-node_modules_ng-apexcharts_fesm2020_ng-apexcharts_mjs.5eb13394b7867a41.js:1:90010)<br>    at new v (https://erplite.storyboarderp.com/v4/default-node_modules_ng-apexcharts_fesm2020_ng-apexcharts_mjs.5eb13394b7867a41.js:9:21157)<br>    at https://erplite.storyboarderp.com/v4/default-node_modules_ng-apexcharts_fesm2020_ng-apexcharts_mjs.5eb13394b7867a41.js:9:48737<br>    at v.invoke (https://erplite.storyboarderp.com/v4/polyfills.e4f0d6e9859019ee.js:1:6549)<br>    at h.run (https://erplite.storyboarderp.com/v4/polyfills.e4f0d6e9859019ee.js:1:1915)<br>    at Ei.runOutsideAngular (https://erplite.storyboarderp.com/v4/main.867c50d0622862e2.js:1:1339247)<br>    at V.createElement (https://erplite.storyboarderp.com/v4/default-node_modules_ng-apexcharts_fesm2020_ng-apexcharts_mjs.5eb13394b7867a41.js:9:48700)<br>    at D.<anonymous> (https://erplite.storyboarderp.com/v4/default-node_modules_ng-apexcharts_fesm2020_ng-apexcharts_mjs.5eb13394b7867a41.js:9:47684)<br>    at D._execute (https://erplite.storyboarderp.com/v4/main.867c50d0622862e2.js:1:1158389)<br>    at Y (https://erplite.storyboarderp.com/v4/polyfills.e4f0d6e9859019ee.js:1:15964)<br>    at https://erplite.storyboarderp.com/v4/polyfills.e4f0d6e9859019ee.js:1:16815<br>    at v.invokeTask (https://erplite.storyboarderp.com/v4/polyfills.e4f0d6e9859019ee.js:1:7167)<br>    at Object.onInvokeTask (https://erplite.storyboarderp.com/v4/main.867c50d0622862e2.js:1:1338194)<br>    at v.invokeTask (https://erplite.storyboarderp.com/v4/polyfills.e4f0d6e9859019ee.js:1:7088)<br>    at h.runTask (https://erplite.storyboarderp.com/v4/polyfills.e4f0d6e9859019ee.js:1:2532)<br>    at T (https://erplite.storyboarderp.com/v4/polyfills.e4f0d6e9859019ee.js:1:9184)<br>Fri Mar 28 19:16:35 IST 2025 SEVERE https://erplite.storyboarderp.com/v4/main.867c50d0622862e2.js 0:1274291 "ERROR" TypeError: Cannot read properties of undefined (reading 'chart')<br>    at v.value (https://erplite.storyboarderp.com/v4/default-node_modules_ng-apexcharts_fesm2020_ng-apexcharts_mjs.5eb13394b7867a41.js:1:81567)<br>    at v.value (https://erplite.storyboarderp.com/v4/default-node_modules_ng-apexcharts_fesm2020_ng-apexcharts_mjs.5eb13394b7867a41.js:1:90010)<br>    at new v (https://erplite.storyboarderp.com/v4/default-node_modules_ng-apexcharts_fesm2020_ng-apexcharts_mjs.5eb13394b7867a41.js:9:21157)<br>    at c.renderChart (https://erplite.storyboarderp.com/v4/pmr-module.0d18352330a72815.js:1:343148)<br>    at c.getpurchaseordersixmonths (https://erplite.storyboarderp.com/v4/pmr-module.0d18352330a72815.js:1:343053)<br>    at c.ngOnInit (https://erplite.storyboarderp.com/v4/pmr-module.0d18352330a72815.js:1:341610)<br>    at dl (https://erplite.storyboarderp.com/v4/main.867c50d0622862e2.js:1:1246190)<br>    at $l (https://erplite.storyboarderp.com/v4/main.867c50d0622862e2.js:1:1246337)<br>    at cl (https://erplite.storyboarderp.com/v4/main.867c50d0622862e2.js:1:1246094)<br>    at qs (https://erplite.storyboarderp.com/v4/main.867c50d0622862e2.js:1:1245819)<br>Fri Mar 28 19:16:36 IST 2025 SEVERE https://erplite.storyboarderp.com/v4/main.867c50d0622862e2.js 0:1274291 "ERROR" TypeError: Cannot read properties of null (reading 'addControl')<br>    at J._setUpControl (https://erplite.storyboarderp.com/v4/main.867c50d0622862e2.js:1:1399422)<br>    at J.ngOnChanges (https://erplite.storyboarderp.com/v4/main.867c50d0622862e2.js:1:1398927)<br>    at J.Ls (https://erplite.storyboarderp.com/v4/main.867c50d0622862e2.js:1:1241493)<br>    at dl (https://erplite.storyboarderp.com/v4/main.867c50d0622862e2.js:1:1246190)<br>    at $l (https://erplite.storyboarderp.com/v4/main.867c50d0622862e2.js:1:1246346)<br>    at cl (https://erplite.storyboarderp.com/v4/main.867c50d0622862e2.js:1:1246094)<br>    at qs (https://erplite.storyboarderp.com/v4/main.867c50d0622862e2.js:1:1245819)<br>    at hp (https://erplite.storyboarderp.com/v4/main.867c50d0622862e2.js:1:1275210)<br>    at Object.pp (https://erplite.storyboarderp.com/v4/main.867c50d0622862e2.js:1:1275054)<br>    at template (https://erplite.storyboarderp.com/v4/pmr-module.0d18352330a72815.js:1:352588)<br>Fri Mar 28 19:16:36 IST 2025 SEVERE https://erplite.storyboarderp.com/v4/main.867c50d0622862e2.js 0:1274291 "ERROR" TypeError: Cannot read properties of undefined (reading 'series')<br>    at Le (https://erplite.storyboarderp.com/v4/pmr-module.0d18352330a72815.js:1:335313)<br>    at dp.runInContext (https://erplite.storyboarderp.com/v4/main.867c50d0622862e2.js:1:1274810)<br>    at _p (https://erplite.storyboarderp.com/v4/main.867c50d0622862e2.js:1:1276985)<br>    at Ip (https://erplite.storyboarderp.com/v4/main.867c50d0622862e2.js:1:1286520)<br>    at Rp (https://erplite.storyboarderp.com/v4/main.867c50d0622862e2.js:1:1287724)<br>    at $p (https://erplite.storyboarderp.com/v4/main.867c50d0622862e2.js:1:1287557)<br>    at Ip (https://erplite.storyboarderp.com/v4/main.867c50d0622862e2.js:1:1286805)<br>    at Rp (https://erplite.storyboarderp.com/v4/main.867c50d0622862e2.js:1:1287724)<br>    at Wb (https://erplite.storyboarderp.com/v4/main.867c50d0622862e2.js:1:1287587)<br>    at Up (https://erplite.storyboarderp.com/v4/main.867c50d0622862e2.js:1:1287866)<br>Fri Mar 28 19:16:36 IST 2025 SEVERE https://erplite.storyboarderp.com/v4/main.867c50d0622862e2.js 0:1274291 "ERROR" TypeError: Cannot read properties of undefined (reading 'series')<br>    at Le (https://erplite.storyboarderp.com/v4/pmr-module.0d18352330a72815.js:1:335313)<br>    at dp.runInContext (https://erplite.storyboarderp.com/v4/main.867c50d0622862e2.js:1:1274810)<br>    at _p (https://erplite.storyboarderp.com/v4/main.867c50d0622862e2.js:1:1276985)<br>    at Ip (https://erplite.storyboarderp.com/v4/main.867c50d0622862e2.js:1:1286520)<br>    at Rp (https://erplite.storyboarderp.com/v4/main.867c50d0622862e2.js:1:1287724)<br>    at $p (https://erplite.storyboarderp.com/v4/main.867c50d0622862e2.js:1:1287557)<br>    at Ip (https://erplite.storyboarderp.com/v4/main.867c50d0622862e2.js:1:1286805)<br>    at Rp (https://erplite.storyboarderp.com/v4/main.867c50d0622862e2.js:1:1287724)<br>    at Wb (https://erplite.storyboarderp.com/v4/main.867c50d0622862e2.js:1:1287587)<br>    at Up (https://erplite.storyboarderp.com/v4/main.867c50d0622862e2.js:1:1287866)<br>Fri Mar 28 19:16:36 IST 2025 SEVERE https://erplite.storyboarderp.com/v4/main.867c50d0622862e2.js 0:1274291 "ERROR" TypeError: Cannot read properties of undefined (reading 'series')<br>    at Le (https://erplite.storyboarderp.com/v4/pmr-module.0d18352330a72815.js:1:335313)<br>    at dp.runInContext (https://erplite.storyboarderp.com/v4/main.867c50d0622862e2.js:1:1274810)<br>    at _p (https://erplite.storyboarderp.com/v4/main.867c50d0622862e2.js:1:1276985)<br>    at Ip (https://erplite.storyboarderp.com/v4/main.867c50d0622862e2.js:1:1286520)<br>    at Rp (https://erplite.storyboarderp.com/v4/main.867c50d0622862e2.js:1:1287724)<br>    at $p (https://erplite.storyboarderp.com/v4/main.867c50d0622862e2.js:1:1287557)<br>    at Ip (https://erplite.storyboarderp.com/v4/main.867c50d0622862e2.js:1:1286805)<br>    at Rp (https://erplite.storyboarderp.com/v4/main.867c50d0622862e2.js:1:1287724)<br>    at Wb (https://erplite.storyboarderp.com/v4/main.867c50d0622862e2.js:1:1287587)<br>    at Up (https://erplite.storyboarderp.com/v4/main.867c50d0622862e2.js:1:1287866)<br>Fri Mar 28 19:16:36 IST 2025 SEVERE https://erplite.storyboarderp.com/v4/main.867c50d0622862e2.js 0:1274291 "ERROR" TypeError: Cannot read properties of undefined (reading 'series')<br>    at Le (https://erplite.storyboarderp.com/v4/pmr-module.0d18352330a72815.js:1:335313)<br>    at dp.runInContext (https://erplite.storyboarderp.com/v4/main.867c50d0622862e2.js:1:1274810)<br>    at _p (https://erplite.storyboarderp.com/v4/main.867c50d0622862e2.js:1:1276985)<br>    at Ip (https://erplite.storyboarderp.com/v4/main.867c50d0622862e2.js:1:1286520)<br>    at Rp (https://erplite.storyboarderp.com/v4/main.867c50d0622862e2.js:1:1287724)<br>    at $p (https://erplite.storyboarderp.com/v4/main.867c50d0622862e2.js:1:1287557)<br>    at Ip (https://erplite.storyboarderp.com/v4/main.867c50d0622862e2.js:1:1286805)<br>    at Rp (https://erplite.storyboarderp.com/v4/main.867c50d0622862e2.js:1:1287724)<br>    at Wb (https://erplite.storyboarderp.com/v4/main.867c50d0622862e2.js:1:1287587)<br>    at Up (https://erplite.storyboarderp.com/v4/main.867c50d0622862e2.js:1:1287866)<br>Fri Mar 28 19:16:36 IST 2025 SEVERE https://erplite.storyboarderp.com/v4/main.867c50d0622862e2.js 0:1274291 "ERROR" TypeError: Cannot read properties of undefined (reading 'series')<br>    at Le (https://erplite.storyboarderp.com/v4/pmr-module.0d18352330a72815.js:1:335313)<br>    at dp.runInContext (https://erplite.storyboarderp.com/v4/main.867c50d0622862e2.js:1:1274810)<br>    at _p (https://erplite.storyboarderp.com/v4/main.867c50d0622862e2.js:1:1276985)<br>    at Ip (https://erplite.storyboarderp.com/v4/main.867c50d0622862e2.js:1:1286520)<br>    at Rp (https://erplite.storyboarderp.com/v4/main.867c50d0622862e2.js:1:1287724)<br>    at $p (https://erplite.storyboarderp.com/v4/main.867c50d0622862e2.js:1:1287557)<br>    at Ip (https://erplite.storyboarderp.com/v4/main.867c50d0622862e2.js:1:1286805)<br>    at Rp (https://erplite.storyboarderp.com/v4/main.867c50d0622862e2.js:1:1287724)<br>    at Wb (https://erplite.storyboarderp.com/v4/main.867c50d0622862e2.js:1:1287587)<br>    at Up (https://erplite.storyboarderp.com/v4/main.867c50d0622862e2.js:1:1287866)<br>Fri Mar 28 19:16:36 IST 2025 SEVERE https://erplite.storyboarderp.com/v4/main.867c50d0622862e2.js 0:1274291 "ERROR" TypeError: Cannot read properties of undefined (reading 'series')<br>    at Le (https://erplite.storyboarderp.com/v4/pmr-module.0d18352330a72815.js:1:335313)<br>    at dp.runInContext (https://erplite.storyboarderp.com/v4/main.867c50d0622862e2.js:1:1274810)<br>    at _p (https://erplite.storyboarderp.com/v4/main.867c50d0622862e2.js:1:1276985)<br>    at Ip (https://erplite.storyboarderp.com/v4/main.867c50d0622862e2.js:1:1286520)<br>    at Rp (https://erplite.storyboarderp.com/v4/main.867c50d0622862e2.js:1:1287724)<br>    at $p (https://erplite.storyboarderp.com/v4/main.867c50d0622862e2.js:1:1287557)<br>    at Ip (https://erplite.storyboarderp.com/v4/main.867c50d0622862e2.js:1:1286805)<br>    at Rp (https://erplite.storyboarderp.com/v4/main.867c50d0622862e2.js:1:1287724)<br>    at Wb (https://erplite.storyboarderp.com/v4/main.867c50d0622862e2.js:1:1287587)<br>    at Up (https://erplite.storyboarderp.com/v4/main.867c50d0622862e2.js:1:1287866)<br>Fri Mar 28 19:16:36 IST 2025 SEVERE https://erplite.storyboarderp.com/v4/main.867c50d0622862e2.js 0:1274291 "ERROR" TypeError: Cannot read properties of undefined (reading 'series')<br>    at Le (https://erplite.storyboarderp.com/v4/pmr-module.0d18352330a72815.js:1:335313)<br>    at dp.runInContext (https://erplite.storyboarderp.com/v4/main.867c50d0622862e2.js:1:1274810)<br>    at _p (https://erplite.storyboarderp.com/v4/main.867c50d0622862e2.js:1:1276985)<br>    at Ip (https://erplite.storyboarderp.com/v4/main.867c50d0622862e2.js:1:1286520)<br>    at Rp (https://erplite.storyboarderp.com/v4/main.867c50d0622862e2.js:1:1287724)<br>    at $p (https://erplite.storyboarderp.com/v4/main.867c50d0622862e2.js:1:1287557)<br>    at Ip (https://erplite.storyboarderp.com/v4/main.867c50d0622862e2.js:1:1286805)<br>    at Rp (https://erplite.storyboarderp.com/v4/main.867c50d0622862e2.js:1:1287724)<br>    at Wb (https://erplite.storyboarderp.com/v4/main.867c50d0622862e2.js:1:1287587)<br>    at Up (https://erplite.storyboarderp.com/v4/main.867c50d0622862e2.js:1:1287866)<br>Fri Mar 28 19:16:36 IST 2025 SEVERE https://erplite.storyboarderp.com/v4/main.867c50d0622862e2.js 0:1274291 "ERROR" TypeError: Cannot read properties of undefined (reading 'series')<br>    at Le (https://erplite.storyboarderp.com/v4/pmr-module.0d18352330a72815.js:1:335313)<br>    at dp.runInContext (https://erplite.storyboarderp.com/v4/main.867c50d0622862e2.js:1:1274810)<br>    at _p (https://erplite.storyboarderp.com/v4/main.867c50d0622862e2.js:1:1276985)<br>    at Ip (https://erplite.storyboarderp.com/v4/main.867c50d0622862e2.js:1:1286520)<br>    at Rp (https://erplite.storyboarderp.com/v4/main.867c50d0622862e2.js:1:1287724)<br>    at $p (https://erplite.storyboarderp.com/v4/main.867c50d0622862e2.js:1:1287557)<br>    at Ip (https://erplite.storyboarderp.com/v4/main.867c50d0622862e2.js:1:1286805)<br>    at Rp (https://erplite.storyboarderp.com/v4/main.867c50d0622862e2.js:1:1287724)<br>    at Wb (https://erplite.storyboarderp.com/v4/main.867c50d0622862e2.js:1:1287587)<br>    at Up (https://erplite.storyboarderp.com/v4/main.867c50d0622862e2.js:1:1287866)<br>Fri Mar 28 19:16:36 IST 2025 SEVERE https://erplite.storyboarderp.com/v4/main.867c50d0622862e2.js 0:1274291 "ERROR" TypeError: Cannot read properties of undefined (reading 'series')<br>    at Le (https://erplite.storyboarderp.com/v4/pmr-module.0d18352330a72815.js:1:335313)<br>    at dp.runInContext (https://erplite.storyboarderp.com/v4/main.867c50d0622862e2.js:1:1274810)<br>    at _p (https://erplite.storyboarderp.com/v4/main.867c50d0622862e2.js:1:1276985)<br>    at Ip (https://erplite.storyboarderp.com/v4/main.867c50d0622862e2.js:1:1286520)<br>    at Rp (https://erplite.storyboarderp.com/v4/main.867c50d0622862e2.js:1:1287724)<br>    at $p (https://erplite.storyboarderp.com/v4/main.867c50d0622862e2.js:1:1287557)<br>    at Ip (https://erplite.storyboarderp.com/v4/main.867c50d0622862e2.js:1:1286805)<br>    at Rp (https://erplite.storyboarderp.com/v4/main.867c50d0622862e2.js:1:1287724)<br>    at Wb (https://erplite.storyboarderp.com/v4/main.867c50d0622862e2.js:1:1287587)<br>    at Up (https://erplite.storyboarderp.com/v4/main.867c50d0622862e2.js:1:1287866)<br>Fri Mar 28 19:16:36 IST 2025 SEVERE https://erplite.storyboarderp.com/v4/main.867c50d0622862e2.js 0:1274291 "ERROR" TypeError: Cannot read properties of undefined (reading 'series')<br>    at Le (https://erplite.storyboarderp.com/v4/pmr-module.0d18352330a72815.js:1:335313)<br>    at dp.runInContext (https://erplite.storyboarderp.com/v4/main.867c50d0622862e2.js:1:1274810)<br>    at _p (https://erplite.storyboarderp.com/v4/main.867c50d0622862e2.js:1:1276985)<br>    at Ip (https://erplite.storyboarderp.com/v4/main.867c50d0622862e2.js:1:1286520)<br>    at Rp (https://erplite.storyboarderp.com/v4/main.867c50d0622862e2.js:1:1287724)<br>    at $p (https://erplite.storyboarderp.com/v4/main.867c50d0622862e2.js:1:1287557)<br>    at Ip (https://erplite.storyboarderp.com/v4/main.867c50d0622862e2.js:1:1286805)<br>    at Rp (https://erplite.storyboarderp.com/v4/main.867c50d0622862e2.js:1:1287724)<br>    at Wb (https://erplite.storyboarderp.com/v4/main.867c50d0622862e2.js:1:1287587)<br>    at Up (https://erplite.storyboarderp.com/v4/main.867c50d0622862e2.js:1:1287866)<br>Fri Mar 28 19:16:36 IST 2025 SEVERE https://erplite.storyboarderp.com/v4/main.867c50d0622862e2.js 0:1274291 "ERROR" TypeError: Cannot read properties of undefined (reading 'series')<br>    at Le (https://erplite.storyboarderp.com/v4/pmr-module.0d18352330a72815.js:1:335313)<br>    at dp.runInContext (https://erplite.storyboarderp.com/v4/main.867c50d0622862e2.js:1:1274810)<br>    at _p (https://erplite.storyboarderp.com/v4/main.867c50d0622862e2.js:1:1276985)<br>    at Ip (https://erplite.storyboarderp.com/v4/main.867c50d0622862e2.js:1:1286520)<br>    at Rp (https://erplite.storyboarderp.com/v4/main.867c50d0622862e2.js:1:1287724)<br>    at $p (https://erplite.storyboarderp.com/v4/main.867c50d0622862e2.js:1:1287557)<br>    at Ip (https://erplite.storyboarderp.com/v4/main.867c50d0622862e2.js:1:1286805)<br>    at Rp (https://erplite.storyboarderp.com/v4/main.867c50d0622862e2.js:1:1287724)<br>    at Wb (https://erplite.storyboarderp.com/v4/main.867c50d0622862e2.js:1:1287587)<br>    at Up (https://erplite.storyboarderp.com/v4/main.867c50d0622862e2.js:1:1287866)<br>Fri Mar 28 19:16:36 IST 2025 SEVERE https://erplite.storyboarderp.com/v4/main.867c50d0622862e2.js 0:1274291 "ERROR" TypeError: Cannot read properties of undefined (reading 'series')<br>    at Le (https://erplite.storyboarderp.com/v4/pmr-module.0d18352330a72815.js:1:335313)<br>    at dp.runInContext (https://erplite.storyboarderp.com/v4/main.867c50d0622862e2.js:1:1274810)<br>    at _p (https://erplite.storyboarderp.com/v4/main.867c50d0622862e2.js:1:1276985)<br>    at Ip (https://erplite.storyboarderp.com/v4/main.867c50d0622862e2.js:1:1286520)<br>    at Rp (https://erplite.storyboarderp.com/v4/main.867c50d0622862e2.js:1:1287724)<br>    at $p (https://erplite.storyboarderp.com/v4/main.867c50d0622862e2.js:1:1287557)<br>    at Ip (https://erplite.storyboarderp.com/v4/main.867c50d0622862e2.js:1:1286805)<br>    at Rp (https://erplite.storyboarderp.com/v4/main.867c50d0622862e2.js:1:1287724)<br>    at Wb (https://erplite.storyboarderp.com/v4/main.867c50d0622862e2.js:1:1287587)<br>    at Up (https://erplite.storyboarderp.com/v4/main.867c50d0622862e2.js:1:1287866)<br>Fri Mar 28 19:16:36 IST 2025 SEVERE https://erplite.storyboarderp.com/v4/main.867c50d0622862e2.js 0:1274291 "ERROR" TypeError: Cannot read properties of undefined (reading 'series')<br>    at Le (https://erplite.storyboarderp.com/v4/pmr-module.0d18352330a72815.js:1:335313)<br>    at dp.runInContext (https://erplite.storyboarderp.com/v4/main.867c50d0622862e2.js:1:1274810)<br>    at _p (https://erplite.storyboarderp.com/v4/main.867c50d0622862e2.js:1:1276985)<br>    at Ip (https://erplite.storyboarderp.com/v4/main.867c50d0622862e2.js:1:1286520)<br>    at Rp (https://erplite.storyboarderp.com/v4/main.867c50d0622862e2.js:1:1287724)<br>    at $p (https://erplite.storyboarderp.com/v4/main.867c50d0622862e2.js:1:1287557)<br>    at Ip (https://erplite.storyboarderp.com/v4/main.867c50d0622862e2.js:1:1286805)<br>    at Rp (https://erplite.storyboarderp.com/v4/main.867c50d0622862e2.js:1:1287724)<br>    at Wb (https://erplite.storyboarderp.com/v4/main.867c50d0622862e2.js:1:1287587)<br>    at Up (https://erplite.storyboarderp.com/v4/main.867c50d0622862e2.js:1:1287866)<br>Fri Mar 28 19:16:36 IST 2025 SEVERE https://erplite.storyboarderp.com/v4/main.867c50d0622862e2.js 0:1274291 "ERROR" TypeError: Cannot read properties of undefined (reading 'series')<br>    at Le (https://erplite.storyboarderp.com/v4/pmr-module.0d18352330a72815.js:1:335313)<br>    at dp.runInContext (https://erplite.storyboarderp.com/v4/main.867c50d0622862e2.js:1:1274810)<br>    at _p (https://erplite.storyboarderp.com/v4/main.867c50d0622862e2.js:1:1276985)<br>    at Ip (https://erplite.storyboarderp.com/v4/main.867c50d0622862e2.js:1:1286520)<br>    at Rp (https://erplite.storyboarderp.com/v4/main.867c50d0622862e2.js:1:1287724)<br>    at $p (https://erplite.storyboarderp.com/v4/main.867c50d0622862e2.js:1:1287557)<br>    at Ip (https://erplite.storyboarderp.com/v4/main.867c50d0622862e2.js:1:1286805)<br>    at Rp (https://erplite.storyboarderp.com/v4/main.867c50d0622862e2.js:1:1287724)<br>    at Wb (https://erplite.storyboarderp.com/v4/main.867c50d0622862e2.js:1:1287587)<br>    at Up (https://erplite.storyboarderp.com/v4/main.867c50d0622862e2.js:1:1287866)<br>Fri Mar 28 19:16:36 IST 2025 SEVERE https://erplite.storyboarderp.com/v4/main.867c50d0622862e2.js 0:1274291 "ERROR" TypeError: Cannot read properties of undefined (reading 'series')<br>    at Le (https://erplite.storyboarderp.com/v4/pmr-module.0d18352330a72815.js:1:335313)<br>    at dp.runInContext (https://erplite.storyboarderp.com/v4/main.867c50d0622862e2.js:1:1274810)<br>    at _p (https://erplite.storyboarderp.com/v4/main.867c50d0622862e2.js:1:1276985)<br>    at Ip (https://erplite.storyboarderp.com/v4/main.867c50d0622862e2.js:1:1286520)<br>    at Rp (https://erplite.storyboarderp.com/v4/main.867c50d0622862e2.js:1:1287724)<br>    at $p (https://erplite.storyboarderp.com/v4/main.867c50d0622862e2.js:1:1287557)<br>    at Ip (https://erplite.storyboarderp.com/v4/main.867c50d0622862e2.js:1:1286805)<br>    at Rp (https://erplite.storyboarderp.com/v4/main.867c50d0622862e2.js:1:1287724)<br>    at Wb (https://erplite.storyboarderp.com/v4/main.867c50d0622862e2.js:1:1287587)<br>    at Up (https://erplite.storyboarderp.com/v4/main.867c50d0622862e2.js:1:1287866)<br>Fri Mar 28 19:16:36 IST 2025 SEVERE https://erplite.storyboarderp.com/v4/main.867c50d0622862e2.js 0:1274291 "ERROR" TypeError: Cannot read properties of undefined (reading 'series')<br>    at Le (https://erplite.storyboarderp.com/v4/pmr-module.0d18352330a72815.js:1:335313)<br>    at dp.runInContext (https://erplite.storyboarderp.com/v4/main.867c50d0622862e2.js:1:1274810)<br>    at _p (https://erplite.storyboarderp.com/v4/main.867c50d0622862e2.js:1:1276985)<br>    at Ip (https://erplite.storyboarderp.com/v4/main.867c50d0622862e2.js:1:1286520)<br>    at Rp (https://erplite.storyboarderp.com/v4/main.867c50d0622862e2.js:1:1287724)<br>    at $p (https://erplite.storyboarderp.com/v4/main.867c50d0622862e2.js:1:1287557)<br>    at Ip (https://erplite.storyboarderp.com/v4/main.867c50d0622862e2.js:1:1286805)<br>    at Rp (https://erplite.storyboarderp.com/v4/main.867c50d0622862e2.js:1:1287724)<br>    at Wb (https://erplite.storyboarderp.com/v4/main.867c50d0622862e2.js:1:1287587)<br>    at Up (https://erplite.storyboarderp.com/v4/main.867c50d0622862e2.js:1:1287866)<br>Fri Mar 28 19:16:36 IST 2025 SEVERE https://erplite.storyboarderp.com/v4/main.867c50d0622862e2.js 0:1274291 "ERROR" TypeError: Cannot read properties of undefined (reading 'series')<br>    at Le (https://erplite.storyboarderp.com/v4/pmr-module.0d18352330a72815.js:1:335313)<br>    at dp.runInContext (https://erplite.storyboarderp.com/v4/main.867c50d0622862e2.js:1:1274810)<br>    at _p (https://erplite.storyboarderp.com/v4/main.867c50d0622862e2.js:1:1276985)<br>    at Ip (https://erplite.storyboarderp.com/v4/main.867c50d0622862e2.js:1:1286520)<br>    at Rp (https://erplite.storyboarderp.com/v4/main.867c50d0622862e2.js:1:1287724)<br>    at $p (https://erplite.storyboarderp.com/v4/main.867c50d0622862e2.js:1:1287557)<br>    at Ip (https://erplite.storyboarderp.com/v4/main.867c50d0622862e2.js:1:1286805)<br>    at Rp (https://erplite.storyboarderp.com/v4/main.867c50d0622862e2.js:1:1287724)<br>    at Wb (https://erplite.storyboarderp.com/v4/main.867c50d0622862e2.js:1:1287587)<br>    at Up (https://erplite.storyboarderp.com/v4/main.867c50d0622862e2.js:1:1287866)<br>Fri Mar 28 19:16:36 IST 2025 SEVERE https://erplite.storyboarderp.com/v4/main.867c50d0622862e2.js 0:1274291 "ERROR" TypeError: Cannot read properties of undefined (reading 'series')<br>    at Le (https://erplite.storyboarderp.com/v4/pmr-module.0d18352330a72815.js:1:335313)<br>    at dp.runInContext (https://erplite.storyboarderp.com/v4/main.867c50d0622862e2.js:1:1274810)<br>    at _p (https://erplite.storyboarderp.com/v4/main.867c50d0622862e2.js:1:1276985)<br>    at Ip (https://erplite.storyboarderp.com/v4/main.867c50d0622862e2.js:1:1286520)<br>    at Rp (https://erplite.storyboarderp.com/v4/main.867c50d0622862e2.js:1:1287724)<br>    at $p (https://erplite.storyboarderp.com/v4/main.867c50d0622862e2.js:1:1287557)<br>    at Ip (https://erplite.storyboarderp.com/v4/main.867c50d0622862e2.js:1:1286805)<br>    at Rp (https://erplite.storyboarderp.com/v4/main.867c50d0622862e2.js:1:1287724)<br>    at Wb (https://erplite.storyboarderp.com/v4/main.867c50d0622862e2.js:1:1287587)<br>    at Up (https://erplite.storyboarderp.com/v4/main.867c50d0622862e2.js:1:1287866)<br></pre></details>
        </td>
      </tr>
      <tr class="event-row">
        <td><span class="badge log info-bg">Info</span></td>
        <td>7:16:49‚ÄØPM</td>
        <td>
          ‚ö†Ô∏è Failed to capture network logs: invalid argument: log type 'performance' not found
  (Session info: chrome=134.0.6998.178)
Build info: version: '4.28.1', revision: '73f5ad48a2'
System info: os.name: 'Windows 10', os.arch: 'amd64', os.version: '10.0', java.version: '21.0.1'
Driver info: org.openqa.selenium.chrome.ChromeDriver
Command: [e34e63733eba670f7d6418af396e8c94, getLog {type=performance}]
Capabilities {acceptInsecureCerts: false, browserName: chrome, browserVersion: 134.0.6998.178, chrome: {chromedriverVersion: 134.0.6998.165 (fd886e2cb29..., userDataDir: C:\Users\SANKAR~1\AppData\L...}, fedcm:accounts: true, goog:chromeOptions: {debuggerAddress: localhost:60201}, networkConnectionEnabled: false, pageLoadStrategy: normal, platformName: windows, proxy: Proxy(), se:cdp: ws://localhost:60201/devtoo..., se:cdpVersion: 134.0.6998.178, setWindowRect: true, strictFileInteractability: false, timeouts: {implicit: 0, pageLoad: 300000, script: 30000}, unhandledPromptBehavior: dismiss and notify, webauthn:extension:credBlob: true, webauthn:extension:largeBlob: true, webauthn:extension:minPinLength: true, webauthn:extension:prf: true, webauthn:virtualAuthenticators: true}
Session ID: e34e63733eba670f7d6418af396e8c94
        </td>
      </tr>
      <tr class="event-row">
        <td><span class="badge log fail-bg">Fail</span></td>
        <td>7:16:49‚ÄØPM</td>
        <td>
          ‚ùó Error in Test: Click Submit Button
org.openqa.selenium.TimeoutException: Expected condition failed: waiting for visibility of element located by By.id: submit-button (tried for 10 second(s) with 500 milliseconds interval)
Build info: version: '4.28.1', revision: '73f5ad48a2'
System info: os.name: 'Windows 10', os.arch: 'amd64', os.version: '10.0', java.version: '21.0.1'
Driver info: org.openqa.selenium.chrome.ChromeDriver
Capabilities {acceptInsecureCerts: false, browserName: chrome, browserVersion: 134.0.6998.178, chrome: {chromedriverVersion: 134.0.6998.165 (fd886e2cb29..., userDataDir: C:\Users\SANKAR~1\AppData\L...}, fedcm:accounts: true, goog:chromeOptions: {debuggerAddress: localhost:60201}, networkConnectionEnabled: false, pageLoadStrategy: normal, platformName: windows, proxy: Proxy(), se:cdp: ws://localhost:60201/devtoo..., se:cdpVersion: 134.0.6998.178, setWindowRect: true, strictFileInteractability: false, timeouts: {implicit: 0, pageLoad: 300000, script: 30000}, unhandledPromptBehavior: dismiss and notify, webauthn:extension:credBlob: true, webauthn:extension:largeBlob: true, webauthn:extension:minPinLength: true, webauthn:extension:prf: true, webauthn:virtualAuthenticators: true}
Session ID: e34e63733eba670f7d6418af396e8c94
        </td>
      </tr>
      <tr class="event-row">
        <td><span class="badge log info-bg">Info</span></td>
        <td>7:16:49‚ÄØPM</td>
        <td>
          <details><summary><b>Browser Logs for Click Submit Button (Saved to: ./browser-logs/Click Submit Button_logs.txt) (Click to expand)</b></summary><pre></pre></details>
        </td>
      </tr>
      <tr class="event-row">
        <td><span class="badge log info-bg">Info</span></td>
        <td>7:16:49‚ÄØPM</td>
        <td>
          ‚ö†Ô∏è Failed to capture network logs: invalid argument: log type 'performance' not found
  (Session info: chrome=134.0.6998.178)
Build info: version: '4.28.1', revision: '73f5ad48a2'
System info: os.name: 'Windows 10', os.arch: 'amd64', os.version: '10.0', java.version: '21.0.1'
Driver info: org.openqa.selenium.chrome.ChromeDriver
Command: [e34e63733eba670f7d6418af396e8c94, getLog {type=performance}]
Capabilities {acceptInsecureCerts: false, browserName: chrome, browserVersion: 134.0.6998.178, chrome: {chromedriverVersion: 134.0.6998.165 (fd886e2cb29..., userDataDir: C:\Users\SANKAR~1\AppData\L...}, fedcm:accounts: true, goog:chromeOptions: {debuggerAddress: localhost:60201}, networkConnectionEnabled: false, pageLoadStrategy: normal, platformName: windows, proxy: Proxy(), se:cdp: ws://localhost:60201/devtoo..., se:cdpVersion: 134.0.6998.178, setWindowRect: true, strictFileInteractability: false, timeouts: {implicit: 0, pageLoad: 300000, script: 30000}, unhandledPromptBehavior: dismiss and notify, webauthn:extension:credBlob: true, webauthn:extension:largeBlob: true, webauthn:extension:minPinLength: true, webauthn:extension:prf: true, webauthn:virtualAuthenticators: true}
Session ID: e34e63733eba670f7d6418af396e8c94
        </td>
      </tr>
      <tr class="event-row">
        <td><span class="badge log fail-bg">Fail</span></td>
        <td>7:16:49‚ÄØPM</td>
        <td>
          ‚ùó Error in Test: Create Direct PO
java.lang.RuntimeException: org.openqa.selenium.TimeoutException: Expected condition failed: waiting for visibility of element located by By.id: submit-button (tried for 10 second(s) with 500 milliseconds interval)
Build info: version: '4.28.1', revision: '73f5ad48a2'
System info: os.name: 'Windows 10', os.arch: 'amd64', os.version: '10.0', java.version: '21.0.1'
Driver info: org.openqa.selenium.chrome.ChromeDriver
Capabilities {acceptInsecureCerts: false, browserName: chrome, browserVersion: 134.0.6998.178, chrome: {chromedriverVersion: 134.0.6998.165 (fd886e2cb29..., userDataDir: C:\Users\SANKAR~1\AppData\L...}, fedcm:accounts: true, goog:chromeOptions: {debuggerAddress: localhost:60201}, networkConnectionEnabled: false, pageLoadStrategy: normal, platformName: windows, proxy: Proxy(), se:cdp: ws://localhost:60201/devtoo..., se:cdpVersion: 134.0.6998.178, setWindowRect: true, strictFileInteractability: false, timeouts: {implicit: 0, pageLoad: 300000, script: 30000}, unhandledPromptBehavior: dismiss and notify, webauthn:extension:credBlob: true, webauthn:extension:largeBlob: true, webauthn:extension:minPinLength: true, webauthn:extension:prf: true, webauthn:virtualAuthenticators: true}
Session ID: e34e63733eba670f7d6418af396e8c94
        </td>
      </tr>
      <tr class="event-row">
        <td><span class="badge log info-bg">Info</span></td>
        <td>7:16:49‚ÄØPM</td>
        <td>
          <details><summary><b>Browser Logs for Create Direct PO (Saved to: ./browser-logs/Create Direct PO_logs.txt) (Click to expand)</b></summary><pre></pre></details>
        </td>
      </tr>
      <tr class="event-row">
        <td><span class="badge log info-bg">Info</span></td>
        <td>7:16:49‚ÄØPM</td>
        <td>
          ‚ö†Ô∏è Failed to capture network logs: invalid argument: log type 'performance' not found
  (Session info: chrome=134.0.6998.178)
Build info: version: '4.28.1', revision: '73f5ad48a2'
System info: os.name: 'Windows 10', os.arch: 'amd64', os.version: '10.0', java.version: '21.0.1'
Driver info: org.openqa.selenium.chrome.ChromeDriver
Command: [e34e63733eba670f7d6418af396e8c94, getLog {type=performance}]
Capabilities {acceptInsecureCerts: false, browserName: chrome, browserVersion: 134.0.6998.178, chrome: {chromedriverVersion: 134.0.6998.165 (fd886e2cb29..., userDataDir: C:\Users\SANKAR~1\AppData\L...}, fedcm:accounts: true, goog:chromeOptions: {debuggerAddress: localhost:60201}, networkConnectionEnabled: false, pageLoadStrategy: normal, platformName: windows, proxy: Proxy(), se:cdp: ws://localhost:60201/devtoo..., se:cdpVersion: 134.0.6998.178, setWindowRect: true, strictFileInteractability: false, timeouts: {implicit: 0, pageLoad: 300000, script: 30000}, unhandledPromptBehavior: dismiss and notify, webauthn:extension:credBlob: true, webauthn:extension:largeBlob: true, webauthn:extension:minPinLength: true, webauthn:extension:prf: true, webauthn:virtualAuthenticators: true}
Session ID: e34e63733eba670f7d6418af396e8c94
        </td>
      </tr>
      <tr class="event-row">
        <td><span class="badge log fail-bg">Fail</span></td>
        <td>7:16:49‚ÄØPM</td>
        <td>
          ‚ùó Error in Test: Scenario 1
java.lang.RuntimeException: java.lang.RuntimeException: org.openqa.selenium.TimeoutException: Expected condition failed: waiting for visibility of element located by By.id: submit-button (tried for 10 second(s) with 500 milliseconds interval)
Build info: version: '4.28.1', revision: '73f5ad48a2'
System info: os.name: 'Windows 10', os.arch: 'amd64', os.version: '10.0', java.version: '21.0.1'
Driver info: org.openqa.selenium.chrome.ChromeDriver
Capabilities {acceptInsecureCerts: false, browserName: chrome, browserVersion: 134.0.6998.178, chrome: {chromedriverVersion: 134.0.6998.165 (fd886e2cb29..., userDataDir: C:\Users\SANKAR~1\AppData\L...}, fedcm:accounts: true, goog:chromeOptions: {debuggerAddress: localhost:60201}, networkConnectionEnabled: false, pageLoadStrategy: normal, platformName: windows, proxy: Proxy(), se:cdp: ws://localhost:60201/devtoo..., se:cdpVersion: 134.0.6998.178, setWindowRect: true, strictFileInteractability: false, timeouts: {implicit: 0, pageLoad: 300000, script: 30000}, unhandledPromptBehavior: dismiss and notify, webauthn:extension:credBlob: true, webauthn:extension:largeBlob: true, webauthn:extension:minPinLength: true, webauthn:extension:prf: true, webauthn:virtualAuthenticators: true}
Session ID: e34e63733eba670f7d6418af396e8c94
        </td>
      </tr>
      <tr class="event-row">
        <td><span class="badge log info-bg">Info</span></td>
        <td>7:16:49‚ÄØPM</td>
        <td>
          <details><summary><b>Browser Logs for Scenario 1 (Saved to: ./browser-logs/Scenario 1_logs.txt) (Click to expand)</b></summary><pre></pre></details>
        </td>
      </tr>
      <tr class="event-row">
        <td><span class="badge log info-bg">Info</span></td>
        <td>7:16:49‚ÄØPM</td>
        <td>
          ‚ö†Ô∏è Failed to capture network logs: invalid argument: log type 'performance' not found
  (Session info: chrome=134.0.6998.178)
Build info: version: '4.28.1', revision: '73f5ad48a2'
System info: os.name: 'Windows 10', os.arch: 'amd64', os.version: '10.0', java.version: '21.0.1'
Driver info: org.openqa.selenium.chrome.ChromeDriver
Command: [e34e63733eba670f7d6418af396e8c94, getLog {type=performance}]
Capabilities {acceptInsecureCerts: false, browserName: chrome, browserVersion: 134.0.6998.178, chrome: {chromedriverVersion: 134.0.6998.165 (fd886e2cb29..., userDataDir: C:\Users\SANKAR~1\AppData\L...}, fedcm:accounts: true, goog:chromeOptions: {debuggerAddress: localhost:60201}, networkConnectionEnabled: false, pageLoadStrategy: normal, platformName: windows, proxy: Proxy(), se:cdp: ws://localhost:60201/devtoo..., se:cdpVersion: 134.0.6998.178, setWindowRect: true, strictFileInteractability: false, timeouts: {implicit: 0, pageLoad: 300000, script: 30000}, unhandledPromptBehavior: dismiss and notify, webauthn:extension:credBlob: true, webauthn:extension:largeBlob: true, webauthn:extension:minPinLength: true, webauthn:extension:prf: true, webauthn:virtualAuthenticators: true}
Session ID: e34e63733eba670f7d6418af396e8c94
        </td>
      </tr>
      <tr class="event-row">
        <td><span class="badge log fail-bg">Fail</span></td>
        <td>7:16:49‚ÄØPM</td>
        <td>
          ‚ùó Error in Test: Run Single Scenario
java.lang.RuntimeException: java.lang.RuntimeException: java.lang.RuntimeException: org.openqa.selenium.TimeoutException: Expected condition failed: waiting for visibility of element located by By.id: submit-button (tried for 10 second(s) with 500 milliseconds interval)
Build info: version: '4.28.1', revision: '73f5ad48a2'
System info: os.name: 'Windows 10', os.arch: 'amd64', os.version: '10.0', java.version: '21.0.1'
Driver info: org.openqa.selenium.chrome.ChromeDriver
Capabilities {acceptInsecureCerts: false, browserName: chrome, browserVersion: 134.0.6998.178, chrome: {chromedriverVersion: 134.0.6998.165 (fd886e2cb29..., userDataDir: C:\Users\SANKAR~1\AppData\L...}, fedcm:accounts: true, goog:chromeOptions: {debuggerAddress: localhost:60201}, networkConnectionEnabled: false, pageLoadStrategy: normal, platformName: windows, proxy: Proxy(), se:cdp: ws://localhost:60201/devtoo..., se:cdpVersion: 134.0.6998.178, setWindowRect: true, strictFileInteractability: false, timeouts: {implicit: 0, pageLoad: 300000, script: 30000}, unhandledPromptBehavior: dismiss and notify, webauthn:extension:credBlob: true, webauthn:extension:largeBlob: true, webauthn:extension:minPinLength: true, webauthn:extension:prf: true, webauthn:virtualAuthenticators: true}
Session ID: e34e63733eba670f7d6418af396e8c94
        </td>
      </tr>
      <tr class="event-row">
        <td><span class="badge log info-bg">Info</span></td>
        <td>7:16:49‚ÄØPM</td>
        <td>
          <details><summary><b>Browser Logs for Run Single Scenario (Saved to: ./browser-logs/Run Single Scenario_logs.txt) (Click to expand)</b></summary><pre></pre></details>
        </td>
      </tr>
      <tr class="event-row">
        <td><span class="badge log info-bg">Info</span></td>
        <td>7:16:49‚ÄØPM</td>
        <td>
          ‚ö†Ô∏è Failed to capture network logs: invalid argument: log type 'performance' not found
  (Session info: chrome=134.0.6998.178)
Build info: version: '4.28.1', revision: '73f5ad48a2'
System info: os.name: 'Windows 10', os.arch: 'amd64', os.version: '10.0', java.version: '21.0.1'
Driver info: org.openqa.selenium.chrome.ChromeDriver
Command: [e34e63733eba670f7d6418af396e8c94, getLog {type=performance}]
Capabilities {acceptInsecureCerts: false, browserName: chrome, browserVersion: 134.0.6998.178, chrome: {chromedriverVersion: 134.0.6998.165 (fd886e2cb29..., userDataDir: C:\Users\SANKAR~1\AppData\L...}, fedcm:accounts: true, goog:chromeOptions: {debuggerAddress: localhost:60201}, networkConnectionEnabled: false, pageLoadStrategy: normal, platformName: windows, proxy: Proxy(), se:cdp: ws://localhost:60201/devtoo..., se:cdpVersion: 134.0.6998.178, setWindowRect: true, strictFileInteractability: false, timeouts: {implicit: 0, pageLoad: 300000, script: 30000}, unhandledPromptBehavior: dismiss and notify, webauthn:extension:credBlob: true, webauthn:extension:largeBlob: true, webauthn:extension:minPinLength: true, webauthn:extension:prf: true, webauthn:virtualAuthenticators: true}
Session ID: e34e63733eba670f7d6418af396e8c94
        </td>
      </tr>
      <tr class="event-row">
        <td><span class="badge log skip-bg">Skip</span></td>
        <td>7:16:49‚ÄØPM</td>
        <td>
          Test Skipped: java.lang.RuntimeException: java.lang.RuntimeException: java.lang.RuntimeException: java.lang.RuntimeException: java.lang.RuntimeException: org.openqa.selenium.TimeoutException: Expected condition failed: waiting for visibility of element located by By.id: submit-button (tried for 10 second(s) with 500 milliseconds interval)
Build info: version: '4.28.1', revision: '73f5ad48a2'
System info: os.name: 'Windows 10', os.arch: 'amd64', os.version: '10.0', java.version: '21.0.1'
Driver info: org.openqa.selenium.chrome.ChromeDriver
Capabilities {acceptInsecureCerts: false, browserName: chrome, browserVersion: 134.0.6998.178, chrome: {chromedriverVersion: 134.0.6998.165 (fd886e2cb29..., userDataDir: C:\Users\SANKAR~1\AppData\L...}, fedcm:accounts: true, goog:chromeOptions: {debuggerAddress: localhost:60201}, networkConnectionEnabled: false, pageLoadStrategy: normal, platformName: windows, proxy: Proxy(), se:cdp: ws://localhost:60201/devtoo..., se:cdpVersion: 134.0.6998.178, setWindowRect: true, strictFileInteractability: false, timeouts: {implicit: 0, pageLoad: 300000, script: 30000}, unhandledPromptBehavior: dismiss and notify, webauthn:extension:credBlob: true, webauthn:extension:largeBlob: true, webauthn:extension:minPinLength: true, webauthn:extension:prf: true, webauthn:virtualAuthenticators: true}
Session ID: e34e63733eba670f7d6418af396e8c94
        </td>
      </tr>
  </tbody>
</table>
</div>
          </div>
        </li>
        <li class="test-item"  status="pass" test-id="3"
          author=""
          tag=""
          device="">
          <div class="test-detail">
            <p class="name">runSingleScenario</p>
            <p class="text-sm">
              <span>7:16:49‚ÄØPM</span> / <span>00:00:00:000</span>
              <span class="badge pass-bg log float-right">Pass</span>
            </p>
          </div>
          <div class="test-contents d-none">
<div class="detail-head">
<div class="p-v-10">
<div class="info">
<h5 class="test-status text-pass">runSingleScenario</h5>
<span class='badge badge-success'>03.28.2025 7:16:49‚ÄØPM</span>
<span class='badge badge-danger'>03.28.2025 7:16:49‚ÄØPM</span>
<span class='badge badge-default'>00:00:00:000</span>
&middot; <span class='uri-anchor badge badge-default'>#test-id=3</span>
<span title='Skip to the next failed step' class='badge badge-danger pointer float-right ne ml-1'><i class="fa fa-fast-forward"></i></span>
<span title='Collapse all nodes' class='badge badge-default pointer float-right ct ml-1'><i class="fa fa-compress"></i></span>
<span title='Expand all nodes' class='badge badge-default pointer float-right et'><i class="fa fa-expand"></i></span>
</div>
</div>
</div>          </div>
        </li>
        <li class="test-item"  status="fail" test-id="4"
          author=""
          tag=""
          device="">
          <div class="test-detail">
            <p class="name">Test Scenario: Scenario 1</p>
            <p class="text-sm">
              <span>7:16:49‚ÄØPM</span> / <span>00:00:31:778</span>
              <span class="badge fail-bg log float-right">Fail</span>
            </p>
          </div>
          <div class="test-contents d-none">
<div class="detail-head">
<div class="p-v-10">
<div class="info">
<h5 class="test-status text-fail">Test Scenario: Scenario 1</h5>
<span class='badge badge-success'>03.28.2025 7:16:49‚ÄØPM</span>
<span class='badge badge-danger'>03.28.2025 7:17:21‚ÄØPM</span>
<span class='badge badge-default'>00:00:31:778</span>
&middot; <span class='uri-anchor badge badge-default'>#test-id=4</span>
<span title='Skip to the next failed step' class='badge badge-danger pointer float-right ne ml-1'><i class="fa fa-fast-forward"></i></span>
<span title='Collapse all nodes' class='badge badge-default pointer float-right ct ml-1'><i class="fa fa-compress"></i></span>
<span title='Expand all nodes' class='badge badge-default pointer float-right et'><i class="fa fa-expand"></i></span>
</div>
</div>
</div>    <div class="row mb-3"><div class="col-md-3">
    

<img data-featherlight='C:\Users\SankaraNarayanan\IdeaProjects\StoryboardsSystems/test-output/screenshots/AfterSubmit_Fail_LoginManager_781092423711500.png' src="C:\Users\SankaraNarayanan\IdeaProjects\StoryboardsSystems/test-output/screenshots/AfterSubmit_Fail_LoginManager_781092423711500.png">
  
    

    </div></div>
    <div class="row mb-3"><div class="col-md-3">
    

<img data-featherlight='C:\Users\SankaraNarayanan\IdeaProjects\StoryboardsSystems/test-output/screenshots/Error_LoginManager_781092556680500.png' src="C:\Users\SankaraNarayanan\IdeaProjects\StoryboardsSystems/test-output/screenshots/Error_LoginManager_781092556680500.png">
  
    

    </div></div>
    <div class="row mb-3"><div class="col-md-3">
    

<img data-featherlight='C:\Users\SankaraNarayanan\IdeaProjects\StoryboardsSystems/test-output/screenshots/Error_Scenario 1_781092659917600.png' src="C:\Users\SankaraNarayanan\IdeaProjects\StoryboardsSystems/test-output/screenshots/Error_Scenario 1_781092659917600.png">
  
    

    </div></div>
    <div class="row mb-3"><div class="col-md-3">
    

<img data-featherlight='C:\Users\SankaraNarayanan\IdeaProjects\StoryboardsSystems/test-output/screenshots/AfterSubmit_Fail_Run Single Scenario_781092768348700.png' src="C:\Users\SankaraNarayanan\IdeaProjects\StoryboardsSystems/test-output/screenshots/AfterSubmit_Fail_Run Single Scenario_781092768348700.png">
  
    

    </div></div>
    <div class="row mb-3"><div class="col-md-3">
    

<img data-featherlight='C:\Users\SankaraNarayanan\IdeaProjects\StoryboardsSystems/test-output/screenshots/Error_Run Single Scenario_781092866959600.png' src="C:\Users\SankaraNarayanan\IdeaProjects\StoryboardsSystems/test-output/screenshots/Error_Run Single Scenario_781092866959600.png">
  
    

    </div></div>
<div class="detail-body mt-4">
<table class="table table-sm">
  <thead><tr><th class="status-col">Status</th><th class="timestamp-col">Timestamp</th><th class="details-col">Details</th></tr></thead>
  <tbody>
      <tr class="event-row">
        <td><span class="badge log fail-bg">Fail</span></td>
        <td>7:17:21‚ÄØPM</td>
        <td>
          ‚ùó Error in Test: LoginManager
Expected condition failed: waiting for visibility of element located by By.xpath: //input[@placeholder='Enter CompanyCode'] (tried for 30 second(s) with 500 milliseconds interval)
Build info: version: '4.28.1', revision: '73f5ad48a2'
System info: os.name: 'Windows 10', os.arch: 'amd64', os.version: '10.0', java.version: '21.0.1'
Driver info: org.openqa.selenium.chrome.ChromeDriver
Capabilities {acceptInsecureCerts: false, browserName: chrome, browserVersion: 134.0.6998.178, chrome: {chromedriverVersion: 134.0.6998.165 (fd886e2cb29..., userDataDir: C:\Users\SANKAR~1\AppData\L...}, fedcm:accounts: true, goog:chromeOptions: {debuggerAddress: localhost:60201}, networkConnectionEnabled: false, pageLoadStrategy: normal, platformName: windows, proxy: Proxy(), se:cdp: ws://localhost:60201/devtoo..., se:cdpVersion: 134.0.6998.178, setWindowRect: true, strictFileInteractability: false, timeouts: {implicit: 0, pageLoad: 300000, script: 30000}, unhandledPromptBehavior: dismiss and notify, webauthn:extension:credBlob: true, webauthn:extension:largeBlob: true, webauthn:extension:minPinLength: true, webauthn:extension:prf: true, webauthn:virtualAuthenticators: true}
Session ID: e34e63733eba670f7d6418af396e8c94
        </td>
      </tr>
      <tr class="event-row">
        <td><span class="badge log info-bg">Info</span></td>
        <td>7:17:21‚ÄØPM</td>
        <td>
          <details><summary><b>Browser Logs for LoginManager (Saved to: ./browser-logs/LoginManager_logs.txt) (Click to expand)</b></summary><pre></pre></details>
        </td>
      </tr>
      <tr class="event-row">
        <td><span class="badge log info-bg">Info</span></td>
        <td>7:17:21‚ÄØPM</td>
        <td>
          ‚ö†Ô∏è Failed to capture network logs: invalid argument: log type 'performance' not found
  (Session info: chrome=134.0.6998.178)
Build info: version: '4.28.1', revision: '73f5ad48a2'
System info: os.name: 'Windows 10', os.arch: 'amd64', os.version: '10.0', java.version: '21.0.1'
Driver info: org.openqa.selenium.chrome.ChromeDriver
Command: [e34e63733eba670f7d6418af396e8c94, getLog {type=performance}]
Capabilities {acceptInsecureCerts: false, browserName: chrome, browserVersion: 134.0.6998.178, chrome: {chromedriverVersion: 134.0.6998.165 (fd886e2cb29..., userDataDir: C:\Users\SANKAR~1\AppData\L...}, fedcm:accounts: true, goog:chromeOptions: {debuggerAddress: localhost:60201}, networkConnectionEnabled: false, pageLoadStrategy: normal, platformName: windows, proxy: Proxy(), se:cdp: ws://localhost:60201/devtoo..., se:cdpVersion: 134.0.6998.178, setWindowRect: true, strictFileInteractability: false, timeouts: {implicit: 0, pageLoad: 300000, script: 30000}, unhandledPromptBehavior: dismiss and notify, webauthn:extension:credBlob: true, webauthn:extension:largeBlob: true, webauthn:extension:minPinLength: true, webauthn:extension:prf: true, webauthn:virtualAuthenticators: true}
Session ID: e34e63733eba670f7d6418af396e8c94
        </td>
      </tr>
      <tr class="event-row">
        <td><span class="badge log fail-bg">Fail</span></td>
        <td>7:17:21‚ÄØPM</td>
        <td>
          ‚ùó Error in Test: Scenario 1
org.openqa.selenium.TimeoutException: Expected condition failed: waiting for visibility of element located by By.xpath: //input[@placeholder='Enter CompanyCode'] (tried for 30 second(s) with 500 milliseconds interval)
Build info: version: '4.28.1', revision: '73f5ad48a2'
System info: os.name: 'Windows 10', os.arch: 'amd64', os.version: '10.0', java.version: '21.0.1'
Driver info: org.openqa.selenium.chrome.ChromeDriver
Capabilities {acceptInsecureCerts: false, browserName: chrome, browserVersion: 134.0.6998.178, chrome: {chromedriverVersion: 134.0.6998.165 (fd886e2cb29..., userDataDir: C:\Users\SANKAR~1\AppData\L...}, fedcm:accounts: true, goog:chromeOptions: {debuggerAddress: localhost:60201}, networkConnectionEnabled: false, pageLoadStrategy: normal, platformName: windows, proxy: Proxy(), se:cdp: ws://localhost:60201/devtoo..., se:cdpVersion: 134.0.6998.178, setWindowRect: true, strictFileInteractability: false, timeouts: {implicit: 0, pageLoad: 300000, script: 30000}, unhandledPromptBehavior: dismiss and notify, webauthn:extension:credBlob: true, webauthn:extension:largeBlob: true, webauthn:extension:minPinLength: true, webauthn:extension:prf: true, webauthn:virtualAuthenticators: true}
Session ID: e34e63733eba670f7d6418af396e8c94
        </td>
      </tr>
      <tr class="event-row">
        <td><span class="badge log info-bg">Info</span></td>
        <td>7:17:21‚ÄØPM</td>
        <td>
          <details><summary><b>Browser Logs for Scenario 1 (Saved to: ./browser-logs/Scenario 1_logs.txt) (Click to expand)</b></summary><pre></pre></details>
        </td>
      </tr>
      <tr class="event-row">
        <td><span class="badge log info-bg">Info</span></td>
        <td>7:17:21‚ÄØPM</td>
        <td>
          ‚ö†Ô∏è Failed to capture network logs: invalid argument: log type 'performance' not found
  (Session info: chrome=134.0.6998.178)
Build info: version: '4.28.1', revision: '73f5ad48a2'
System info: os.name: 'Windows 10', os.arch: 'amd64', os.version: '10.0', java.version: '21.0.1'
Driver info: org.openqa.selenium.chrome.ChromeDriver
Command: [e34e63733eba670f7d6418af396e8c94, getLog {type=performance}]
Capabilities {acceptInsecureCerts: false, browserName: chrome, browserVersion: 134.0.6998.178, chrome: {chromedriverVersion: 134.0.6998.165 (fd886e2cb29..., userDataDir: C:\Users\SANKAR~1\AppData\L...}, fedcm:accounts: true, goog:chromeOptions: {debuggerAddress: localhost:60201}, networkConnectionEnabled: false, pageLoadStrategy: normal, platformName: windows, proxy: Proxy(), se:cdp: ws://localhost:60201/devtoo..., se:cdpVersion: 134.0.6998.178, setWindowRect: true, strictFileInteractability: false, timeouts: {implicit: 0, pageLoad: 300000, script: 30000}, unhandledPromptBehavior: dismiss and notify, webauthn:extension:credBlob: true, webauthn:extension:largeBlob: true, webauthn:extension:minPinLength: true, webauthn:extension:prf: true, webauthn:virtualAuthenticators: true}
Session ID: e34e63733eba670f7d6418af396e8c94
        </td>
      </tr>
      <tr class="event-row">
        <td><span class="badge log fail-bg">Fail</span></td>
        <td>7:17:21‚ÄØPM</td>
        <td>
          ‚ùó Error in Test: Run Single Scenario
java.lang.RuntimeException: org.openqa.selenium.TimeoutException: Expected condition failed: waiting for visibility of element located by By.xpath: //input[@placeholder='Enter CompanyCode'] (tried for 30 second(s) with 500 milliseconds interval)
Build info: version: '4.28.1', revision: '73f5ad48a2'
System info: os.name: 'Windows 10', os.arch: 'amd64', os.version: '10.0', java.version: '21.0.1'
Driver info: org.openqa.selenium.chrome.ChromeDriver
Capabilities {acceptInsecureCerts: false, browserName: chrome, browserVersion: 134.0.6998.178, chrome: {chromedriverVersion: 134.0.6998.165 (fd886e2cb29..., userDataDir: C:\Users\SANKAR~1\AppData\L...}, fedcm:accounts: true, goog:chromeOptions: {debuggerAddress: localhost:60201}, networkConnectionEnabled: false, pageLoadStrategy: normal, platformName: windows, proxy: Proxy(), se:cdp: ws://localhost:60201/devtoo..., se:cdpVersion: 134.0.6998.178, setWindowRect: true, strictFileInteractability: false, timeouts: {implicit: 0, pageLoad: 300000, script: 30000}, unhandledPromptBehavior: dismiss and notify, webauthn:extension:credBlob: true, webauthn:extension:largeBlob: true, webauthn:extension:minPinLength: true, webauthn:extension:prf: true, webauthn:virtualAuthenticators: true}
Session ID: e34e63733eba670f7d6418af396e8c94
        </td>
      </tr>
      <tr class="event-row">
        <td><span class="badge log info-bg">Info</span></td>
        <td>7:17:21‚ÄØPM</td>
        <td>
          <details><summary><b>Browser Logs for Run Single Scenario (Saved to: ./browser-logs/Run Single Scenario_logs.txt) (Click to expand)</b></summary><pre></pre></details>
        </td>
      </tr>
      <tr class="event-row">
        <td><span class="badge log info-bg">Info</span></td>
        <td>7:17:21‚ÄØPM</td>
        <td>
          ‚ö†Ô∏è Failed to capture network logs: invalid argument: log type 'performance' not found
  (Session info: chrome=134.0.6998.178)
Build info: version: '4.28.1', revision: '73f5ad48a2'
System info: os.name: 'Windows 10', os.arch: 'amd64', os.version: '10.0', java.version: '21.0.1'
Driver info: org.openqa.selenium.chrome.ChromeDriver
Command: [e34e63733eba670f7d6418af396e8c94, getLog {type=performance}]
Capabilities {acceptInsecureCerts: false, browserName: chrome, browserVersion: 134.0.6998.178, chrome: {chromedriverVersion: 134.0.6998.165 (fd886e2cb29..., userDataDir: C:\Users\SANKAR~1\AppData\L...}, fedcm:accounts: true, goog:chromeOptions: {debuggerAddress: localhost:60201}, networkConnectionEnabled: false, pageLoadStrategy: normal, platformName: windows, proxy: Proxy(), se:cdp: ws://localhost:60201/devtoo..., se:cdpVersion: 134.0.6998.178, setWindowRect: true, strictFileInteractability: false, timeouts: {implicit: 0, pageLoad: 300000, script: 30000}, unhandledPromptBehavior: dismiss and notify, webauthn:extension:credBlob: true, webauthn:extension:largeBlob: true, webauthn:extension:minPinLength: true, webauthn:extension:prf: true, webauthn:virtualAuthenticators: true}
Session ID: e34e63733eba670f7d6418af396e8c94
        </td>
      </tr>
      <tr class="event-row">
        <td><span class="badge log skip-bg">Skip</span></td>
        <td>7:17:21‚ÄØPM</td>
        <td>
          Test Skipped: java.lang.RuntimeException: java.lang.RuntimeException: java.lang.RuntimeException: org.openqa.selenium.TimeoutException: Expected condition failed: waiting for visibility of element located by By.xpath: //input[@placeholder='Enter CompanyCode'] (tried for 30 second(s) with 500 milliseconds interval)
Build info: version: '4.28.1', revision: '73f5ad48a2'
System info: os.name: 'Windows 10', os.arch: 'amd64', os.version: '10.0', java.version: '21.0.1'
Driver info: org.openqa.selenium.chrome.ChromeDriver
Capabilities {acceptInsecureCerts: false, browserName: chrome, browserVersion: 134.0.6998.178, chrome: {chromedriverVersion: 134.0.6998.165 (fd886e2cb29..., userDataDir: C:\Users\SANKAR~1\AppData\L...}, fedcm:accounts: true, goog:chromeOptions: {debuggerAddress: localhost:60201}, networkConnectionEnabled: false, pageLoadStrategy: normal, platformName: windows, proxy: Proxy(), se:cdp: ws://localhost:60201/devtoo..., se:cdpVersion: 134.0.6998.178, setWindowRect: true, strictFileInteractability: false, timeouts: {implicit: 0, pageLoad: 300000, script: 30000}, unhandledPromptBehavior: dismiss and notify, webauthn:extension:credBlob: true, webauthn:extension:largeBlob: true, webauthn:extension:minPinLength: true, webauthn:extension:prf: true, webauthn:virtualAuthenticators: true}
Session ID: e34e63733eba670f7d6418af396e8c94
        </td>
      </tr>
  </tbody>
</table>
</div>
          </div>
        </li>
        <li class="test-item"  status="pass" test-id="5"
          author=""
          tag=""
          device="">
          <div class="test-detail">
            <p class="name">runSingleScenario</p>
            <p class="text-sm">
              <span>7:17:21‚ÄØPM</span> / <span>00:00:00:000</span>
              <span class="badge pass-bg log float-right">Pass</span>
            </p>
          </div>
          <div class="test-contents d-none">
<div class="detail-head">
<div class="p-v-10">
<div class="info">
<h5 class="test-status text-pass">runSingleScenario</h5>
<span class='badge badge-success'>03.28.2025 7:17:21‚ÄØPM</span>
<span class='badge badge-danger'>03.28.2025 7:17:21‚ÄØPM</span>
<span class='badge badge-default'>00:00:00:000</span>
&middot; <span class='uri-anchor badge badge-default'>#test-id=5</span>
<span title='Skip to the next failed step' class='badge badge-danger pointer float-right ne ml-1'><i class="fa fa-fast-forward"></i></span>
<span title='Collapse all nodes' class='badge badge-default pointer float-right ct ml-1'><i class="fa fa-compress"></i></span>
<span title='Expand all nodes' class='badge badge-default pointer float-right et'><i class="fa fa-expand"></i></span>
</div>
</div>
</div>          </div>
        </li>
        <li class="test-item"  status="fail" test-id="6"
          author=""
          tag=""
          device="">
          <div class="test-detail">
            <p class="name">Test Scenario: Scenario 1</p>
            <p class="text-sm">
              <span>7:17:21‚ÄØPM</span> / <span>00:00:31:888</span>
              <span class="badge fail-bg log float-right">Fail</span>
            </p>
          </div>
          <div class="test-contents d-none">
<div class="detail-head">
<div class="p-v-10">
<div class="info">
<h5 class="test-status text-fail">Test Scenario: Scenario 1</h5>
<span class='badge badge-success'>03.28.2025 7:17:21‚ÄØPM</span>
<span class='badge badge-danger'>03.28.2025 7:17:53‚ÄØPM</span>
<span class='badge badge-default'>00:00:31:888</span>
&middot; <span class='uri-anchor badge badge-default'>#test-id=6</span>
<span title='Skip to the next failed step' class='badge badge-danger pointer float-right ne ml-1'><i class="fa fa-fast-forward"></i></span>
<span title='Collapse all nodes' class='badge badge-default pointer float-right ct ml-1'><i class="fa fa-compress"></i></span>
<span title='Expand all nodes' class='badge badge-default pointer float-right et'><i class="fa fa-expand"></i></span>
</div>
</div>
</div>    <div class="row mb-3"><div class="col-md-3">
    

<img data-featherlight='C:\Users\SankaraNarayanan\IdeaProjects\StoryboardsSystems/test-output/screenshots/AfterSubmit_Fail_LoginManager_781124198442700.png' src="C:\Users\SankaraNarayanan\IdeaProjects\StoryboardsSystems/test-output/screenshots/AfterSubmit_Fail_LoginManager_781124198442700.png">
  
    

    </div></div>
    <div class="row mb-3"><div class="col-md-3">
    

<img data-featherlight='C:\Users\SankaraNarayanan\IdeaProjects\StoryboardsSystems/test-output/screenshots/Error_LoginManager_781124315389000.png' src="C:\Users\SankaraNarayanan\IdeaProjects\StoryboardsSystems/test-output/screenshots/Error_LoginManager_781124315389000.png">
  
    

    </div></div>
    <div class="row mb-3"><div class="col-md-3">
    

<img data-featherlight='C:\Users\SankaraNarayanan\IdeaProjects\StoryboardsSystems/test-output/screenshots/Error_Scenario 1_781124436748400.png' src="C:\Users\SankaraNarayanan\IdeaProjects\StoryboardsSystems/test-output/screenshots/Error_Scenario 1_781124436748400.png">
  
    

    </div></div>
    <div class="row mb-3"><div class="col-md-3">
    

<img data-featherlight='C:\Users\SankaraNarayanan\IdeaProjects\StoryboardsSystems/test-output/screenshots/AfterSubmit_Fail_Run Single Scenario_781124537143800.png' src="C:\Users\SankaraNarayanan\IdeaProjects\StoryboardsSystems/test-output/screenshots/AfterSubmit_Fail_Run Single Scenario_781124537143800.png">
  
    

    </div></div>
    <div class="row mb-3"><div class="col-md-3">
    

<img data-featherlight='C:\Users\SankaraNarayanan\IdeaProjects\StoryboardsSystems/test-output/screenshots/Error_Run Single Scenario_781124631894500.png' src="C:\Users\SankaraNarayanan\IdeaProjects\StoryboardsSystems/test-output/screenshots/Error_Run Single Scenario_781124631894500.png">
  
    

    </div></div>
    <div class="row mb-3"><div class="col-md-3">
    

<img data-featherlight='C:\Users\SankaraNarayanan\IdeaProjects\StoryboardsSystems/test-output/screenshots/Failure_runSingleScenario_781124758990000.png' src="C:\Users\SankaraNarayanan\IdeaProjects\StoryboardsSystems/test-output/screenshots/Failure_runSingleScenario_781124758990000.png">
  
    

    </div></div>
<div class="detail-body mt-4">
<table class="table table-sm">
  <thead><tr><th class="status-col">Status</th><th class="timestamp-col">Timestamp</th><th class="details-col">Details</th></tr></thead>
  <tbody>
      <tr class="event-row">
        <td><span class="badge log fail-bg">Fail</span></td>
        <td>7:17:53‚ÄØPM</td>
        <td>
          ‚ùó Error in Test: LoginManager
Expected condition failed: waiting for visibility of element located by By.xpath: //input[@placeholder='Enter CompanyCode'] (tried for 30 second(s) with 500 milliseconds interval)
Build info: version: '4.28.1', revision: '73f5ad48a2'
System info: os.name: 'Windows 10', os.arch: 'amd64', os.version: '10.0', java.version: '21.0.1'
Driver info: org.openqa.selenium.chrome.ChromeDriver
Capabilities {acceptInsecureCerts: false, browserName: chrome, browserVersion: 134.0.6998.178, chrome: {chromedriverVersion: 134.0.6998.165 (fd886e2cb29..., userDataDir: C:\Users\SANKAR~1\AppData\L...}, fedcm:accounts: true, goog:chromeOptions: {debuggerAddress: localhost:60201}, networkConnectionEnabled: false, pageLoadStrategy: normal, platformName: windows, proxy: Proxy(), se:cdp: ws://localhost:60201/devtoo..., se:cdpVersion: 134.0.6998.178, setWindowRect: true, strictFileInteractability: false, timeouts: {implicit: 0, pageLoad: 300000, script: 30000}, unhandledPromptBehavior: dismiss and notify, webauthn:extension:credBlob: true, webauthn:extension:largeBlob: true, webauthn:extension:minPinLength: true, webauthn:extension:prf: true, webauthn:virtualAuthenticators: true}
Session ID: e34e63733eba670f7d6418af396e8c94
        </td>
      </tr>
      <tr class="event-row">
        <td><span class="badge log info-bg">Info</span></td>
        <td>7:17:53‚ÄØPM</td>
        <td>
          <details><summary><b>Browser Logs for LoginManager (Saved to: ./browser-logs/LoginManager_logs.txt) (Click to expand)</b></summary><pre></pre></details>
        </td>
      </tr>
      <tr class="event-row">
        <td><span class="badge log info-bg">Info</span></td>
        <td>7:17:53‚ÄØPM</td>
        <td>
          ‚ö†Ô∏è Failed to capture network logs: invalid argument: log type 'performance' not found
  (Session info: chrome=134.0.6998.178)
Build info: version: '4.28.1', revision: '73f5ad48a2'
System info: os.name: 'Windows 10', os.arch: 'amd64', os.version: '10.0', java.version: '21.0.1'
Driver info: org.openqa.selenium.chrome.ChromeDriver
Command: [e34e63733eba670f7d6418af396e8c94, getLog {type=performance}]
Capabilities {acceptInsecureCerts: false, browserName: chrome, browserVersion: 134.0.6998.178, chrome: {chromedriverVersion: 134.0.6998.165 (fd886e2cb29..., userDataDir: C:\Users\SANKAR~1\AppData\L...}, fedcm:accounts: true, goog:chromeOptions: {debuggerAddress: localhost:60201}, networkConnectionEnabled: false, pageLoadStrategy: normal, platformName: windows, proxy: Proxy(), se:cdp: ws://localhost:60201/devtoo..., se:cdpVersion: 134.0.6998.178, setWindowRect: true, strictFileInteractability: false, timeouts: {implicit: 0, pageLoad: 300000, script: 30000}, unhandledPromptBehavior: dismiss and notify, webauthn:extension:credBlob: true, webauthn:extension:largeBlob: true, webauthn:extension:minPinLength: true, webauthn:extension:prf: true, webauthn:virtualAuthenticators: true}
Session ID: e34e63733eba670f7d6418af396e8c94
        </td>
      </tr>
      <tr class="event-row">
        <td><span class="badge log fail-bg">Fail</span></td>
        <td>7:17:53‚ÄØPM</td>
        <td>
          ‚ùó Error in Test: Scenario 1
org.openqa.selenium.TimeoutException: Expected condition failed: waiting for visibility of element located by By.xpath: //input[@placeholder='Enter CompanyCode'] (tried for 30 second(s) with 500 milliseconds interval)
Build info: version: '4.28.1', revision: '73f5ad48a2'
System info: os.name: 'Windows 10', os.arch: 'amd64', os.version: '10.0', java.version: '21.0.1'
Driver info: org.openqa.selenium.chrome.ChromeDriver
Capabilities {acceptInsecureCerts: false, browserName: chrome, browserVersion: 134.0.6998.178, chrome: {chromedriverVersion: 134.0.6998.165 (fd886e2cb29..., userDataDir: C:\Users\SANKAR~1\AppData\L...}, fedcm:accounts: true, goog:chromeOptions: {debuggerAddress: localhost:60201}, networkConnectionEnabled: false, pageLoadStrategy: normal, platformName: windows, proxy: Proxy(), se:cdp: ws://localhost:60201/devtoo..., se:cdpVersion: 134.0.6998.178, setWindowRect: true, strictFileInteractability: false, timeouts: {implicit: 0, pageLoad: 300000, script: 30000}, unhandledPromptBehavior: dismiss and notify, webauthn:extension:credBlob: true, webauthn:extension:largeBlob: true, webauthn:extension:minPinLength: true, webauthn:extension:prf: true, webauthn:virtualAuthenticators: true}
Session ID: e34e63733eba670f7d6418af396e8c94
        </td>
      </tr>
      <tr class="event-row">
        <td><span class="badge log info-bg">Info</span></td>
        <td>7:17:53‚ÄØPM</td>
        <td>
          <details><summary><b>Browser Logs for Scenario 1 (Saved to: ./browser-logs/Scenario 1_logs.txt) (Click to expand)</b></summary><pre></pre></details>
        </td>
      </tr>
      <tr class="event-row">
        <td><span class="badge log info-bg">Info</span></td>
        <td>7:17:53‚ÄØPM</td>
        <td>
          ‚ö†Ô∏è Failed to capture network logs: invalid argument: log type 'performance' not found
  (Session info: chrome=134.0.6998.178)
Build info: version: '4.28.1', revision: '73f5ad48a2'
System info: os.name: 'Windows 10', os.arch: 'amd64', os.version: '10.0', java.version: '21.0.1'
Driver info: org.openqa.selenium.chrome.ChromeDriver
Command: [e34e63733eba670f7d6418af396e8c94, getLog {type=performance}]
Capabilities {acceptInsecureCerts: false, browserName: chrome, browserVersion: 134.0.6998.178, chrome: {chromedriverVersion: 134.0.6998.165 (fd886e2cb29..., userDataDir: C:\Users\SANKAR~1\AppData\L...}, fedcm:accounts: true, goog:chromeOptions: {debuggerAddress: localhost:60201}, networkConnectionEnabled: false, pageLoadStrategy: normal, platformName: windows, proxy: Proxy(), se:cdp: ws://localhost:60201/devtoo..., se:cdpVersion: 134.0.6998.178, setWindowRect: true, strictFileInteractability: false, timeouts: {implicit: 0, pageLoad: 300000, script: 30000}, unhandledPromptBehavior: dismiss and notify, webauthn:extension:credBlob: true, webauthn:extension:largeBlob: true, webauthn:extension:minPinLength: true, webauthn:extension:prf: true, webauthn:virtualAuthenticators: true}
Session ID: e34e63733eba670f7d6418af396e8c94
        </td>
      </tr>
      <tr class="event-row">
        <td><span class="badge log fail-bg">Fail</span></td>
        <td>7:17:53‚ÄØPM</td>
        <td>
          ‚ùó Error in Test: Run Single Scenario
java.lang.RuntimeException: org.openqa.selenium.TimeoutException: Expected condition failed: waiting for visibility of element located by By.xpath: //input[@placeholder='Enter CompanyCode'] (tried for 30 second(s) with 500 milliseconds interval)
Build info: version: '4.28.1', revision: '73f5ad48a2'
System info: os.name: 'Windows 10', os.arch: 'amd64', os.version: '10.0', java.version: '21.0.1'
Driver info: org.openqa.selenium.chrome.ChromeDriver
Capabilities {acceptInsecureCerts: false, browserName: chrome, browserVersion: 134.0.6998.178, chrome: {chromedriverVersion: 134.0.6998.165 (fd886e2cb29..., userDataDir: C:\Users\SANKAR~1\AppData\L...}, fedcm:accounts: true, goog:chromeOptions: {debuggerAddress: localhost:60201}, networkConnectionEnabled: false, pageLoadStrategy: normal, platformName: windows, proxy: Proxy(), se:cdp: ws://localhost:60201/devtoo..., se:cdpVersion: 134.0.6998.178, setWindowRect: true, strictFileInteractability: false, timeouts: {implicit: 0, pageLoad: 300000, script: 30000}, unhandledPromptBehavior: dismiss and notify, webauthn:extension:credBlob: true, webauthn:extension:largeBlob: true, webauthn:extension:minPinLength: true, webauthn:extension:prf: true, webauthn:virtualAuthenticators: true}
Session ID: e34e63733eba670f7d6418af396e8c94
        </td>
      </tr>
      <tr class="event-row">
        <td><span class="badge log info-bg">Info</span></td>
        <td>7:17:53‚ÄØPM</td>
        <td>
          <details><summary><b>Browser Logs for Run Single Scenario (Saved to: ./browser-logs/Run Single Scenario_logs.txt) (Click to expand)</b></summary><pre></pre></details>
        </td>
      </tr>
      <tr class="event-row">
        <td><span class="badge log info-bg">Info</span></td>
        <td>7:17:53‚ÄØPM</td>
        <td>
          ‚ö†Ô∏è Failed to capture network logs: invalid argument: log type 'performance' not found
  (Session info: chrome=134.0.6998.178)
Build info: version: '4.28.1', revision: '73f5ad48a2'
System info: os.name: 'Windows 10', os.arch: 'amd64', os.version: '10.0', java.version: '21.0.1'
Driver info: org.openqa.selenium.chrome.ChromeDriver
Command: [e34e63733eba670f7d6418af396e8c94, getLog {type=performance}]
Capabilities {acceptInsecureCerts: false, browserName: chrome, browserVersion: 134.0.6998.178, chrome: {chromedriverVersion: 134.0.6998.165 (fd886e2cb29..., userDataDir: C:\Users\SANKAR~1\AppData\L...}, fedcm:accounts: true, goog:chromeOptions: {debuggerAddress: localhost:60201}, networkConnectionEnabled: false, pageLoadStrategy: normal, platformName: windows, proxy: Proxy(), se:cdp: ws://localhost:60201/devtoo..., se:cdpVersion: 134.0.6998.178, setWindowRect: true, strictFileInteractability: false, timeouts: {implicit: 0, pageLoad: 300000, script: 30000}, unhandledPromptBehavior: dismiss and notify, webauthn:extension:credBlob: true, webauthn:extension:largeBlob: true, webauthn:extension:minPinLength: true, webauthn:extension:prf: true, webauthn:virtualAuthenticators: true}
Session ID: e34e63733eba670f7d6418af396e8c94
        </td>
      </tr>
      <tr class="event-row">
        <td><span class="badge log info-bg">Info</span></td>
        <td>7:17:53‚ÄØPM</td>
        <td>
          <details><summary><b>Browser Logs for runSingleScenario (Saved to: ./browser-logs/runSingleScenario_logs.txt) (Click to expand)</b></summary><pre></pre></details>
        </td>
      </tr>
      <tr class="event-row">
        <td><span class="badge log info-bg">Info</span></td>
        <td>7:17:53‚ÄØPM</td>
        <td>
          ‚ö†Ô∏è Failed to capture network logs: invalid argument: log type 'performance' not found
  (Session info: chrome=134.0.6998.178)
Build info: version: '4.28.1', revision: '73f5ad48a2'
System info: os.name: 'Windows 10', os.arch: 'amd64', os.version: '10.0', java.version: '21.0.1'
Driver info: org.openqa.selenium.chrome.ChromeDriver
Command: [e34e63733eba670f7d6418af396e8c94, getLog {type=performance}]
Capabilities {acceptInsecureCerts: false, browserName: chrome, browserVersion: 134.0.6998.178, chrome: {chromedriverVersion: 134.0.6998.165 (fd886e2cb29..., userDataDir: C:\Users\SANKAR~1\AppData\L...}, fedcm:accounts: true, goog:chromeOptions: {debuggerAddress: localhost:60201}, networkConnectionEnabled: false, pageLoadStrategy: normal, platformName: windows, proxy: Proxy(), se:cdp: ws://localhost:60201/devtoo..., se:cdpVersion: 134.0.6998.178, setWindowRect: true, strictFileInteractability: false, timeouts: {implicit: 0, pageLoad: 300000, script: 30000}, unhandledPromptBehavior: dismiss and notify, webauthn:extension:credBlob: true, webauthn:extension:largeBlob: true, webauthn:extension:minPinLength: true, webauthn:extension:prf: true, webauthn:virtualAuthenticators: true}
Session ID: e34e63733eba670f7d6418af396e8c94
        </td>
      </tr>
      <tr class="event-row">
        <td><span class="badge log fail-bg">Fail</span></td>
        <td>7:17:53‚ÄØPM</td>
        <td>
          <textarea readonly class="code-block">java.lang.RuntimeException: java.lang.RuntimeException: java.lang.RuntimeException: org.openqa.selenium.TimeoutException: Expected condition failed: waiting for visibility of element located by By.xpath: //input[@placeholder='Enter CompanyCode'] (tried for 30 second(s) with 500 milliseconds interval)
Build info: version: '4.28.1', revision: '73f5ad48a2'
System info: os.name: 'Windows 10', os.arch: 'amd64', os.version: '10.0', java.version: '21.0.1'
Driver info: org.openqa.selenium.chrome.ChromeDriver
Capabilities {acceptInsecureCerts: false, browserName: chrome, browserVersion: 134.0.6998.178, chrome: {chromedriverVersion: 134.0.6998.165 (fd886e2cb29..., userDataDir: C:\Users\SANKAR~1\AppData\L...}, fedcm:accounts: true, goog:chromeOptions: {debuggerAddress: localhost:60201}, networkConnectionEnabled: false, pageLoadStrategy: normal, platformName: windows, proxy: Proxy(), se:cdp: ws://localhost:60201/devtoo..., se:cdpVersion: 134.0.6998.178, setWindowRect: true, strictFileInteractability: false, timeouts: {implicit: 0, pageLoad: 300000, script: 30000}, unhandledPromptBehavior: dismiss and notify, webauthn:extension:credBlob: true, webauthn:extension:largeBlob: true, webauthn:extension:minPinLength: true, webauthn:extension:prf: true, webauthn:virtualAuthenticators: true}
Session ID: e34e63733eba670f7d6418af396e8c94
	at com.Vcidex.StoryboardSystems.Utils.Reporting.ErrorHandler.handleException(ErrorHandler.java:125)
	at com.Vcidex.StoryboardSystems.Utils.Reporting.ErrorHandler.safeExecute(ErrorHandler.java:87)
	at com.Vcidex.StoryboardSystems.Purchase.DirectPO_Flow.DirectPO_Text_Run.runSingleScenario(DirectPO_Text_Run.java:24)
	at java.base/jdk.internal.reflect.DirectMethodHandleAccessor.invoke(DirectMethodHandleAccessor.java:103)
	at java.base/java.lang.reflect.Method.invoke(Method.java:580)
	at org.testng.internal.invokers.MethodInvocationHelper.invokeMethod(MethodInvocationHelper.java:141)
	at org.testng.internal.invokers.TestInvoker.invokeMethod(TestInvoker.java:686)
	at org.testng.internal.invokers.TestInvoker.retryFailed(TestInvoker.java:269)
	at org.testng.internal.invokers.MethodRunner.runInSequence(MethodRunner.java:76)
	at org.testng.internal.invokers.TestInvoker$MethodInvocationAgent.invoke(TestInvoker.java:992)
	at org.testng.internal.invokers.TestInvoker.invokeTestMethods(TestInvoker.java:203)
	at org.testng.internal.invokers.TestMethodWorker.invokeTestMethods(TestMethodWorker.java:154)
	at org.testng.internal.invokers.TestMethodWorker.run(TestMethodWorker.java:134)
	at java.base/java.util.ArrayList.forEach(ArrayList.java:1596)
	at org.testng.TestRunner.privateRun(TestRunner.java:739)
	at org.testng.TestRunner.run(TestRunner.java:614)
	at org.testng.SuiteRunner.runTest(SuiteRunner.java:421)
	at org.testng.SuiteRunner.runSequentially(SuiteRunner.java:413)
	at org.testng.SuiteRunner.privateRun(SuiteRunner.java:373)
	at org.testng.SuiteRunner.run(SuiteRunner.java:312)
	at org.testng.SuiteRunnerWorker.runSuite(SuiteRunnerWorker.java:52)
	at org.testng.SuiteRunnerWorker.run(SuiteRunnerWorker.java:95)
	at org.testng.TestNG.runSuitesSequentially(TestNG.java:1274)
	at org.testng.TestNG.runSuitesLocally(TestNG.java:1208)
	at org.testng.TestNG.runSuites(TestNG.java:1112)
	at org.testng.TestNG.run(TestNG.java:1079)
	at com.intellij.rt.testng.IDEARemoteTestNG.run(IDEARemoteTestNG.java:65)
	at com.intellij.rt.testng.RemoteTestNGStarter.main(RemoteTestNGStarter.java:105)
Caused by: java.lang.RuntimeException: java.lang.RuntimeException: org.openqa.selenium.TimeoutException: Expected condition failed: waiting for visibility of element located by By.xpath: //input[@placeholder='Enter CompanyCode'] (tried for 30 second(s) with 500 milliseconds interval)
Build info: version: '4.28.1', revision: '73f5ad48a2'
System info: os.name: 'Windows 10', os.arch: 'amd64', os.version: '10.0', java.version: '21.0.1'
Driver info: org.openqa.selenium.chrome.ChromeDriver
Capabilities {acceptInsecureCerts: false, browserName: chrome, browserVersion: 134.0.6998.178, chrome: {chromedriverVersion: 134.0.6998.165 (fd886e2cb29..., userDataDir: C:\Users\SANKAR~1\AppData\L...}, fedcm:accounts: true, goog:chromeOptions: {debuggerAddress: localhost:60201}, networkConnectionEnabled: false, pageLoadStrategy: normal, platformName: windows, proxy: Proxy(), se:cdp: ws://localhost:60201/devtoo..., se:cdpVersion: 134.0.6998.178, setWindowRect: true, strictFileInteractability: false, timeouts: {implicit: 0, pageLoad: 300000, script: 30000}, unhandledPromptBehavior: dismiss and notify, webauthn:extension:credBlob: true, webauthn:extension:largeBlob: true, webauthn:extension:minPinLength: true, webauthn:extension:prf: true, webauthn:virtualAuthenticators: true}
Session ID: e34e63733eba670f7d6418af396e8c94
	at com.Vcidex.StoryboardSystems.Utils.Reporting.ErrorHandler.handleException(ErrorHandler.java:125)
	at com.Vcidex.StoryboardSystems.Purchase.DirectPO_Flow.DirectPO_Text_Run.lambda$runSingleScenario$0(DirectPO_Text_Run.java:52)
	at com.Vcidex.StoryboardSystems.Utils.Reporting.ErrorHandler.safeExecute(ErrorHandler.java:83)
	... 26 more
Caused by: java.lang.RuntimeException: org.openqa.selenium.TimeoutException: Expected condition failed: waiting for visibility of element located by By.xpath: //input[@placeholder='Enter CompanyCode'] (tried for 30 second(s) with 500 milliseconds interval)
Build info: version: '4.28.1', revision: '73f5ad48a2'
System info: os.name: 'Windows 10', os.arch: 'amd64', os.version: '10.0', java.version: '21.0.1'
Driver info: org.openqa.selenium.chrome.ChromeDriver
Capabilities {acceptInsecureCerts: false, browserName: chrome, browserVersion: 134.0.6998.178, chrome: {chromedriverVersion: 134.0.6998.165 (fd886e2cb29..., userDataDir: C:\Users\SANKAR~1\AppData\L...}, fedcm:accounts: true, goog:chromeOptions: {debuggerAddress: localhost:60201}, networkConnectionEnabled: false, pageLoadStrategy: normal, platformName: windows, proxy: Proxy(), se:cdp: ws://localhost:60201/devtoo..., se:cdpVersion: 134.0.6998.178, setWindowRect: true, strictFileInteractability: false, timeouts: {implicit: 0, pageLoad: 300000, script: 30000}, unhandledPromptBehavior: dismiss and notify, webauthn:extension:credBlob: true, webauthn:extension:largeBlob: true, webauthn:extension:minPinLength: true, webauthn:extension:prf: true, webauthn:virtualAuthenticators: true}
Session ID: e34e63733eba670f7d6418af396e8c94
	at com.Vcidex.StoryboardSystems.Utils.Reporting.ErrorHandler.handleException(ErrorHandler.java:125)
	at com.Vcidex.StoryboardSystems.Utils.Reporting.ErrorHandler.safeExecute(ErrorHandler.java:87)
	at com.Vcidex.StoryboardSystems.Common.Authentication.LoginManager.login(LoginManager.java:29)
	at com.Vcidex.StoryboardSystems.Purchase.DirectPO_Flow.DirectPO_Text_Run.lambda$runSingleScenario$0(DirectPO_Text_Run.java:27)
	... 27 more
Caused by: org.openqa.selenium.TimeoutException: Expected condition failed: waiting for visibility of element located by By.xpath: //input[@placeholder='Enter CompanyCode'] (tried for 30 second(s) with 500 milliseconds interval)
Build info: version: '4.28.1', revision: '73f5ad48a2'
System info: os.name: 'Windows 10', os.arch: 'amd64', os.version: '10.0', java.version: '21.0.1'
Driver info: org.openqa.selenium.chrome.ChromeDriver
Capabilities {acceptInsecureCerts: false, browserName: chrome, browserVersion: 134.0.6998.178, chrome: {chromedriverVersion: 134.0.6998.165 (fd886e2cb29..., userDataDir: C:\Users\SANKAR~1\AppData\L...}, fedcm:accounts: true, goog:chromeOptions: {debuggerAddress: localhost:60201}, networkConnectionEnabled: false, pageLoadStrategy: normal, platformName: windows, proxy: Proxy(), se:cdp: ws://localhost:60201/devtoo..., se:cdpVersion: 134.0.6998.178, setWindowRect: true, strictFileInteractability: false, timeouts: {implicit: 0, pageLoad: 300000, script: 30000}, unhandledPromptBehavior: dismiss and notify, webauthn:extension:credBlob: true, webauthn:extension:largeBlob: true, webauthn:extension:minPinLength: true, webauthn:extension:prf: true, webauthn:virtualAuthenticators: true}
Session ID: e34e63733eba670f7d6418af396e8c94
	at org.openqa.selenium.support.ui.WebDriverWait.timeoutException(WebDriverWait.java:84)
	at org.openqa.selenium.support.ui.FluentWait.until(FluentWait.java:228)
	at com.Vcidex.StoryboardSystems.Common.Authentication.LoginManager.lambda$login$0(LoginManager.java:38)
	at com.Vcidex.StoryboardSystems.Utils.Reporting.ErrorHandler.safeExecute(ErrorHandler.java:83)
	... 29 more
</textarea>
          
        </td>
      </tr>
  </tbody>
</table>
</div>
          </div>
        </li>
      </ul>
    </div>
  </div>
<div class="test-content scrollable">
<div class="test-content-tools">
<ul><li><a class="back-to-test" href="#"><i class="fa fa-arrow-left"></i></a></li></ul>
</div>
<div class="test-content-detail"><div class="detail-body"></div></div>
</div></div>
<div class="test-wrapper row view exception-view attributes-view">
<div class="test-list">
<div class="test-list-tools">
<ul class="tools pull-left"><li><a href=""><span class="font-size-14">Exception</span></a></li></ul>
<ul class="tools text-right"><li><a href="#"><span class="badge badge-primary">1</span></a></li></ul>
</div>
<div class="test-list-wrapper scrollable">
<ul class="test-list-item">
<li class="test-item">
<div class="test-detail">
<span class="meta">
<span class='badge log badge-danger'>1</span>
</span>
<p class="name">java.lang.RuntimeException</p>
<p class="duration text-sm">1 tests</p>
</div>
<div class="test-contents d-none">
<div class="info">
<h4>java.lang.RuntimeException</h4>
<span status="fail" class='badge log badge-danger'>1 failed</span>
</div>
<table class='table table-sm mt-4'>
<thead>
<tr>
<th class="status-col">Status</th>
<th class="timestamp-col">Timestamp</th>
<th>TestName</th>
</tr>
</thead>
<tbody>
<tr class="tag-test-status" status="fail">
<td><span class="badge log fail-bg">Fail</span></td>
<td>19:17:21 PM</td>
<td>
<a href="#" class="linked" test-id='6' id='6'>Test Scenario: Scenario 1</a>
</td>
</tr>
</tbody>
</table>
</div>
</li>
</ul>
</div>
</div>
<div class="test-content scrollable">
<div class="test-content-detail">
<div class="detail-body"></div>
</div>
</div>
</div><div class="container-fluid p-4 view dashboard-view">
<div class="row">
<div class="col-md-3">
<div class="card"><div class="card-body">
<p class="m-b-0">Started</p>
<h3>Mar 28, 2025 07:16:28 PM</h3>
</div></div>
</div>
<div class="col-md-3">
<div class="card"><div class="card-body">
<p class="m-b-0">Ended</p>
<h3>Mar 28, 2025 07:17:54 PM</h3>
</div></div>
</div>
<div class="col-md-3">
<div class="card"><div class="card-body">
<p class="m-b-0 text-pass">Tests Passed</p>
<h3>3</h3>
</div></div>
</div>
<div class="col-md-3">
<div class="card"><div class="card-body">
<p class="m-b-0 text-fail">Tests Failed</p>
<h3>3</h3>
</div></div>
</div>
</div>
<div class="row">
<div class="col-md-6">
<div class="card">
<div class="card-header">
<h6 class="card-title">Tests</h6>
</div>
<div class="card-body">
<div class="">
<canvas id='parent-analysis' width='115' height='90'></canvas>
</div>
</div>
<div class="card-footer">
<div><small data-tooltip='50%'>
<b>3</b> tests passed
</small>
</div>
<div>
<small data-tooltip='50%'><b>3</b> tests failed,
<b>0</b> skipped, <b data-tooltip='0%'>0</b> others
</small>
</div>
</div>
</div>
</div>
<div class="col-md-6">
<div class="card">
<div class="card-header">
<h6 class="card-title">Log events</h6>
</div>
<div class="card-body">
<div class="">
<canvas id='events-analysis' width='115' height='90'></canvas>
</div>
</div>
<div class="card-footer">
<div><small data-tooltip='0%'><b>0</b> events passed</small></div>
<div>
<small data-tooltip='26%'><b>12</b> events failed,
<b data-tooltip='%'>33</b> others
</small>
</div>
</div>
</div>
</div>
</div>
<div class="row"><div class="col-md-12">
<div class="card"><div class="card-header"><p>Timeline</p></div>
<div class="card-body pt-0"><div>
<canvas id="timeline" height="120"></canvas>
</div></div>
</div>
</div></div>
<script>
var timeline = {
"runSingleScenario":0,"Test Scenario: Scenario 1":21.079,"runSingleScenario":0,"Test Scenario: Scenario 1":31.778,"runSingleScenario":0,"Test Scenario: Scenario 1":31.888
};
</script>
<div class="row">
</div>
</div>
<script>
var statusGroup = {
parentCount: 5,
passParent: 3,
failParent: 3,
warningParent: 0,
skipParent: 0,
childCount: 5,
passChild: 0,
failChild: 0,
warningChild: 0,
skipChild: 0,
infoChild: 0,
grandChildCount: 5,
passGrandChild: 0,
failGrandChild: 0,
warningGrandChild: 0,
skipGrandChild: 0,
infoGrandChild: 0,
eventsCount: 5,
passEvents: 0,
failEvents: 12,
warningEvents: 0,
skipEvents: 2,
infoEvents: 31
};
</script>        </div>
      </div>
    </div>
  </div>
<script src="https://cdn.jsdelivr.net/gh/extent-framework/extent-github-cdn@c05cd28cde1617b9d0c05a831daff6cb97fd9fd5/spark/js/spark-script.js"></script>
<script type="text/javascript"></script></body>
</html>