

<!DOCTYPE html>
<html>
<head>
<meta charset="UTF-8">
<meta name="viewport" content="width=device-width, initial-scale=1, shrink-to-fit=no">
<title>Storyboard Systems Test Report</title>
<link rel="apple-touch-icon" href="https://cdn.jsdelivr.net/gh/extent-framework/extent-github-cdn@b00a2d0486596e73dd7326beacf352c639623a0e/commons/img/logo.png">
<link rel="shortcut icon" href="https://cdn.jsdelivr.net/gh/extent-framework/extent-github-cdn@b00a2d0486596e73dd7326beacf352c639623a0e/commons/img/logo.png">
<link href="https://cdn.jsdelivr.net/gh/extent-framework/extent-github-cdn@ce8b10435bcbae260c334c0d0c6b61d2c19b6168/spark/css/spark-style.css" rel="stylesheet" />
<link href="https://stackpath.bootstrapcdn.com/font-awesome/4.7.0/css/font-awesome.min.css" rel="stylesheet">
<script src="https://cdn.jsdelivr.net/gh/extent-framework/extent-github-cdn@7cc78ce/spark/js/jsontree.js"></script>
<style type="text/css"></style></head><body class="spa -report standard">
  <div class="app">
    <div class="layout">
<div class="header navbar">
<div class="vheader">
<div class="nav-logo">
<a href="#">
<div class="logo" style="background-image: url('https://cdn.jsdelivr.net/gh/extent-framework/extent-github-cdn@b00a2d0486596e73dd7326beacf352c639623a0e/commons/img/logo.png')"></div>
</a>
</div>
<ul class="nav-left">
<li class="search-box">
<a class="search-toggle" href="#">
<i class="search-icon fa fa-search"></i>
<i class="search-icon-close fa fa-close"></i>
</a>
</li>
<li class="search-input"><input id="search-tests" class="form-control" type="text" placeholder="Search..."></li>
</ul>
<ul class="nav-right">
<li class="m-r-10">
<a href="#"><span class="badge badge-primary">Storyboard Systems - Test Execution Report</span></a>
</li>
<li class="m-r-10">
<a href="#"><span class="badge badge-primary">Mar 28, 2025 06:49:38 PM</span></a>
</li>
</ul>
</div>
</div><div class="side-nav">
<div class="side-nav-inner">
<ul class="side-nav-menu">
<li class="nav-item dropdown" onclick="toggleView('test-view')">
<a id="nav-test" class="dropdown-toggle" href="#">
<span class="ico"><i class="fa fa-list"></i></span>
</a>
</li>
<li class="nav-item dropdown" onclick="toggleView('exception-view')">
<a id="nav-exception" class="dropdown-toggle" href="#">
<span class="ico"><i class="fa fa-bug"></i></span>
</a>
</li>
<li class="nav-item dropdown" onclick="toggleView('dashboard-view')">
<a id="nav-dashboard" class="dropdown-toggle" href="#">
<span class="ico"><i class="fa fa-bar-chart"></i></span>
</a>
</li>
</ul>
</div>
</div>      <div class="vcontainer">
        <div class="main-content">
<div class="test-wrapper row view test-view">
  <div class="test-list">
    <div class="test-list-tools">
<ul class="tools pull-left">
<li><a href="#"><span class="font-size-14">Tests</span></a></li>
</ul>
<ul class="tools text-right">
<li class="dropdown">
<a href="#" class="dropdown-toggle" data-toggle="dropdown"><i class="fa fa-exclamation-circle"></i></a>
<ul id="status-toggle" class="dropdown-menu dropdown-md p-v-0">
<a class="dropdown-item" status="pass" href="#"><span>Pass</span><span class="status success"></span></a>
<a class="dropdown-item" status="fail" href="#"><span>Fail</span><span class="status danger"></span></a>
<div class="dropdown-divider"></div>
<a status="clear" class="dropdown-item" href="#"><span>Clear</span><span class="pull-right"><i class="fa fa-close"></i></span></a>
</ul>
</li>
</ul>
</div>    <div class="test-list-wrapper scrollable">
      <ul class="test-list-item">
        <li class="test-item"  status="pass" test-id="1"
          author=""
          tag=""
          device="">
          <div class="test-detail">
            <p class="name">runSingleScenario</p>
            <p class="text-sm">
              <span>6:49:38‚ÄØPM</span> / <span>00:00:00:000</span>
              <span class="badge pass-bg log float-right">Pass</span>
            </p>
          </div>
          <div class="test-contents d-none">
<div class="detail-head">
<div class="p-v-10">
<div class="info">
<h5 class="test-status text-pass">runSingleScenario</h5>
<span class='badge badge-success'>03.28.2025 6:49:38‚ÄØPM</span>
<span class='badge badge-danger'>03.28.2025 6:49:38‚ÄØPM</span>
<span class='badge badge-default'>00:00:00:000</span>
&middot; <span class='uri-anchor badge badge-default'>#test-id=1</span>
<span title='Skip to the next failed step' class='badge badge-danger pointer float-right ne ml-1'><i class="fa fa-fast-forward"></i></span>
<span title='Collapse all nodes' class='badge badge-default pointer float-right ct ml-1'><i class="fa fa-compress"></i></span>
<span title='Expand all nodes' class='badge badge-default pointer float-right et'><i class="fa fa-expand"></i></span>
</div>
</div>
</div>          </div>
        </li>
        <li class="test-item"  status="fail" test-id="2"
          author=""
          tag=""
          device="">
          <div class="test-detail">
            <p class="name">Test Scenario: Scenario 1</p>
            <p class="text-sm">
              <span>6:49:38‚ÄØPM</span> / <span>00:00:23:228</span>
              <span class="badge fail-bg log float-right">Fail</span>
            </p>
          </div>
          <div class="test-contents d-none">
<div class="detail-head">
<div class="p-v-10">
<div class="info">
<h5 class="test-status text-fail">Test Scenario: Scenario 1</h5>
<span class='badge badge-success'>03.28.2025 6:49:38‚ÄØPM</span>
<span class='badge badge-danger'>03.28.2025 6:50:01‚ÄØPM</span>
<span class='badge badge-default'>00:00:23:228</span>
&middot; <span class='uri-anchor badge badge-default'>#test-id=2</span>
<span title='Skip to the next failed step' class='badge badge-danger pointer float-right ne ml-1'><i class="fa fa-fast-forward"></i></span>
<span title='Collapse all nodes' class='badge badge-default pointer float-right ct ml-1'><i class="fa fa-compress"></i></span>
<span title='Expand all nodes' class='badge badge-default pointer float-right et'><i class="fa fa-expand"></i></span>
</div>
</div>
</div>    <div class="row mb-3"><div class="col-md-3">
    

<img data-featherlight='C:\Users\SankaraNarayanan\IdeaProjects\StoryboardsSystems/test-output/screenshots/After_Action_findElement_779431267790400.png' src="C:\Users\SankaraNarayanan\IdeaProjects\StoryboardsSystems/test-output/screenshots/After_Action_findElement_779431267790400.png">
  
    

    </div></div>
    <div class="row mb-3"><div class="col-md-3">
    

<img data-featherlight='C:\Users\SankaraNarayanan\IdeaProjects\StoryboardsSystems/test-output/screenshots/After_Action_sendKeys_779431683153200.png' src="C:\Users\SankaraNarayanan\IdeaProjects\StoryboardsSystems/test-output/screenshots/After_Action_sendKeys_779431683153200.png">
  
    

    </div></div>
    <div class="row mb-3"><div class="col-md-3">
    

<img data-featherlight='C:\Users\SankaraNarayanan\IdeaProjects\StoryboardsSystems/test-output/screenshots/After_Action_findElement_779431863240400.png' src="C:\Users\SankaraNarayanan\IdeaProjects\StoryboardsSystems/test-output/screenshots/After_Action_findElement_779431863240400.png">
  
    

    </div></div>
    <div class="row mb-3"><div class="col-md-3">
    

<img data-featherlight='C:\Users\SankaraNarayanan\IdeaProjects\StoryboardsSystems/test-output/screenshots/After_Action_sendKeys_779432165392800.png' src="C:\Users\SankaraNarayanan\IdeaProjects\StoryboardsSystems/test-output/screenshots/After_Action_sendKeys_779432165392800.png">
  
    

    </div></div>
    <div class="row mb-3"><div class="col-md-3">
    

<img data-featherlight='C:\Users\SankaraNarayanan\IdeaProjects\StoryboardsSystems/test-output/screenshots/After_Action_findElement_779432316458200.png' src="C:\Users\SankaraNarayanan\IdeaProjects\StoryboardsSystems/test-output/screenshots/After_Action_findElement_779432316458200.png">
  
    

    </div></div>
    <div class="row mb-3"><div class="col-md-3">
    

<img data-featherlight='C:\Users\SankaraNarayanan\IdeaProjects\StoryboardsSystems/test-output/screenshots/After_Action_sendKeys_779432585617800.png' src="C:\Users\SankaraNarayanan\IdeaProjects\StoryboardsSystems/test-output/screenshots/After_Action_sendKeys_779432585617800.png">
  
    

    </div></div>
    <div class="row mb-3"><div class="col-md-3">
    

<img data-featherlight='C:\Users\SankaraNarayanan\IdeaProjects\StoryboardsSystems/test-output/screenshots/After_Action_findElement_779432741989000.png' src="C:\Users\SankaraNarayanan\IdeaProjects\StoryboardsSystems/test-output/screenshots/After_Action_findElement_779432741989000.png">
  
    

    </div></div>
    <div class="row mb-3"><div class="col-md-3">
    

<img data-featherlight='C:\Users\SankaraNarayanan\IdeaProjects\StoryboardsSystems/test-output/screenshots/After_Action_findElement_779432918085200.png' src="C:\Users\SankaraNarayanan\IdeaProjects\StoryboardsSystems/test-output/screenshots/After_Action_findElement_779432918085200.png">
  
    

    </div></div>
    <div class="row mb-3"><div class="col-md-3">
    

<img data-featherlight='C:\Users\SankaraNarayanan\IdeaProjects\StoryboardsSystems/test-output/screenshots/After_Action_click_779433193158700.png' src="C:\Users\SankaraNarayanan\IdeaProjects\StoryboardsSystems/test-output/screenshots/After_Action_click_779433193158700.png">
  
    

    </div></div>
    <div class="row mb-3"><div class="col-md-3">
    

<img data-featherlight='C:\Users\SankaraNarayanan\IdeaProjects\StoryboardsSystems/test-output/screenshots/After_Action_LoginManager_779433438202500.png' src="C:\Users\SankaraNarayanan\IdeaProjects\StoryboardsSystems/test-output/screenshots/After_Action_LoginManager_779433438202500.png">
  
    

    </div></div>
    <div class="row mb-3"><div class="col-md-3">
    

<img data-featherlight='C:\Users\SankaraNarayanan\IdeaProjects\StoryboardsSystems/test-output/screenshots/After_Action_Navigating to Module and Menu_779439253436900.png' src="C:\Users\SankaraNarayanan\IdeaProjects\StoryboardsSystems/test-output/screenshots/After_Action_Navigating to Module and Menu_779439253436900.png">
  
    

    </div></div>
    <div class="row mb-3"><div class="col-md-3">
    

<img data-featherlight='C:\Users\SankaraNarayanan\IdeaProjects\StoryboardsSystems/test-output/screenshots/BeforeSubmit_Create Direct PO_779439433631500.png' src="C:\Users\SankaraNarayanan\IdeaProjects\StoryboardsSystems/test-output/screenshots/BeforeSubmit_Create Direct PO_779439433631500.png">
  
    

    </div></div>
    <div class="row mb-3"><div class="col-md-3">
    

<img data-featherlight='C:\Users\SankaraNarayanan\IdeaProjects\StoryboardsSystems/test-output/screenshots/BeforeSubmit_Click Submit Button_779441774816300.png' src="C:\Users\SankaraNarayanan\IdeaProjects\StoryboardsSystems/test-output/screenshots/BeforeSubmit_Click Submit Button_779441774816300.png">
  
    

    </div></div>
    <div class="row mb-3"><div class="col-md-3">
    

<img data-featherlight='C:\Users\SankaraNarayanan\IdeaProjects\StoryboardsSystems/test-output/screenshots/AfterSubmit_Fail_findElement_779451917734700.png' src="C:\Users\SankaraNarayanan\IdeaProjects\StoryboardsSystems/test-output/screenshots/AfterSubmit_Fail_findElement_779451917734700.png">
  
    

    </div></div>
    <div class="row mb-3"><div class="col-md-3">
    

<img data-featherlight='C:\Users\SankaraNarayanan\IdeaProjects\StoryboardsSystems/test-output/screenshots/Error_findElement_779452017514800.png' src="C:\Users\SankaraNarayanan\IdeaProjects\StoryboardsSystems/test-output/screenshots/Error_findElement_779452017514800.png">
  
    

    </div></div>
    <div class="row mb-3"><div class="col-md-3">
    

<img data-featherlight='C:\Users\SankaraNarayanan\IdeaProjects\StoryboardsSystems/test-output/screenshots/AfterSubmit_Fail_Click Submit Button_779452131669700.png' src="C:\Users\SankaraNarayanan\IdeaProjects\StoryboardsSystems/test-output/screenshots/AfterSubmit_Fail_Click Submit Button_779452131669700.png">
  
    

    </div></div>
    <div class="row mb-3"><div class="col-md-3">
    

<img data-featherlight='C:\Users\SankaraNarayanan\IdeaProjects\StoryboardsSystems/test-output/screenshots/Error_Click Submit Button_779452298396000.png' src="C:\Users\SankaraNarayanan\IdeaProjects\StoryboardsSystems/test-output/screenshots/Error_Click Submit Button_779452298396000.png">
  
    

    </div></div>
    <div class="row mb-3"><div class="col-md-3">
    

<img data-featherlight='C:\Users\SankaraNarayanan\IdeaProjects\StoryboardsSystems/test-output/screenshots/AfterSubmit_Fail_Create Direct PO_779452412535200.png' src="C:\Users\SankaraNarayanan\IdeaProjects\StoryboardsSystems/test-output/screenshots/AfterSubmit_Fail_Create Direct PO_779452412535200.png">
  
    

    </div></div>
    <div class="row mb-3"><div class="col-md-3">
    

<img data-featherlight='C:\Users\SankaraNarayanan\IdeaProjects\StoryboardsSystems/test-output/screenshots/Error_Create Direct PO_779452509642000.png' src="C:\Users\SankaraNarayanan\IdeaProjects\StoryboardsSystems/test-output/screenshots/Error_Create Direct PO_779452509642000.png">
  
    

    </div></div>
    <div class="row mb-3"><div class="col-md-3">
    

<img data-featherlight='C:\Users\SankaraNarayanan\IdeaProjects\StoryboardsSystems/test-output/screenshots/Error_Scenario 1_779452614324900.png' src="C:\Users\SankaraNarayanan\IdeaProjects\StoryboardsSystems/test-output/screenshots/Error_Scenario 1_779452614324900.png">
  
    

    </div></div>
    <div class="row mb-3"><div class="col-md-3">
    

<img data-featherlight='C:\Users\SankaraNarayanan\IdeaProjects\StoryboardsSystems/test-output/screenshots/AfterSubmit_Fail_Run Single Scenario_779452758808600.png' src="C:\Users\SankaraNarayanan\IdeaProjects\StoryboardsSystems/test-output/screenshots/AfterSubmit_Fail_Run Single Scenario_779452758808600.png">
  
    

    </div></div>
    <div class="row mb-3"><div class="col-md-3">
    

<img data-featherlight='C:\Users\SankaraNarayanan\IdeaProjects\StoryboardsSystems/test-output/screenshots/Error_Run Single Scenario_779452846867000.png' src="C:\Users\SankaraNarayanan\IdeaProjects\StoryboardsSystems/test-output/screenshots/Error_Run Single Scenario_779452846867000.png">
  
    

    </div></div>
<div class="detail-body mt-4">
<table class="table table-sm">
  <thead><tr><th class="status-col">Status</th><th class="timestamp-col">Timestamp</th><th class="details-col">Details</th></tr></thead>
  <tbody>
      <tr class="event-row">
        <td><span class="badge log info-bg">Info</span></td>
        <td>6:49:42‚ÄØPM</td>
        <td>
          Login successful for user: Superadmin
        </td>
      </tr>
      <tr class="event-row">
        <td><span class="badge log info-bg">Info</span></td>
        <td>6:49:42‚ÄØPM</td>
        <td>
          ‚úÖ Login successful!
        </td>
      </tr>
      <tr class="event-row">
        <td><span class="badge log info-bg">Info</span></td>
        <td>6:49:42‚ÄØPM</td>
        <td>
          üìç Branch: Vcidex
        </td>
      </tr>
      <tr class="event-row">
        <td><span class="badge log info-bg">Info</span></td>
        <td>6:49:42‚ÄØPM</td>
        <td>
          Using FilePath: C:\default\path\default.xlsx and Terms: Standard Terms
        </td>
      </tr>
      <tr class="event-row">
        <td><span class="badge log info-bg">Info</span></td>
        <td>6:49:46‚ÄØPM</td>
        <td>
          ‚ùå Failed to capture screenshot: The filename, directory name, or volume label syntax is incorrect
        </td>
      </tr>
      <tr class="event-row">
        <td><span class="badge log info-bg">Info</span></td>
        <td>6:49:47‚ÄØPM</td>
        <td>
          ‚ùå Failed to capture screenshot: The filename, directory name, or volume label syntax is incorrect
        </td>
      </tr>
      <tr class="event-row">
        <td><span class="badge log info-bg">Info</span></td>
        <td>6:49:47‚ÄØPM</td>
        <td>
          ‚ùå Failed to capture screenshot: The filename, directory name, or volume label syntax is incorrect
        </td>
      </tr>
      <tr class="event-row">
        <td><span class="badge log fail-bg">Fail</span></td>
        <td>6:50:00‚ÄØPM</td>
        <td>
          ‚ùó Error in Test: findElement
Expected condition failed: waiting for visibility of element located by By.id: submit-button (tried for 10 second(s) with 500 milliseconds interval)
Build info: version: '4.28.1', revision: '73f5ad48a2'
System info: os.name: 'Windows 10', os.arch: 'amd64', os.version: '10.0', java.version: '21.0.1'
Driver info: org.openqa.selenium.chrome.ChromeDriver
Capabilities {acceptInsecureCerts: false, browserName: chrome, browserVersion: 134.0.6998.178, chrome: {chromedriverVersion: 134.0.6998.165 (fd886e2cb29..., userDataDir: C:\Users\SANKAR~1\AppData\L...}, fedcm:accounts: true, goog:chromeOptions: {debuggerAddress: localhost:59765}, networkConnectionEnabled: false, pageLoadStrategy: normal, platformName: windows, proxy: Proxy(), se:cdp: ws://localhost:59765/devtoo..., se:cdpVersion: 134.0.6998.178, setWindowRect: true, strictFileInteractability: false, timeouts: {implicit: 0, pageLoad: 300000, script: 30000}, unhandledPromptBehavior: dismiss and notify, webauthn:extension:credBlob: true, webauthn:extension:largeBlob: true, webauthn:extension:minPinLength: true, webauthn:extension:prf: true, webauthn:virtualAuthenticators: true}
Session ID: 2e7f663c5e3700e856bfdb50a0b02e12
        </td>
      </tr>
      <tr class="event-row">
        <td><span class="badge log info-bg">Info</span></td>
        <td>6:50:00‚ÄØPM</td>
        <td>
          <b>Browser Logs for findElement:</b><br><b>Saved to:</b> ./browser-logs/findElement_logs.txt<br><pre>Fri Mar 28 18:49:39 IST 2025 SEVERE https://erplite.storyboarderp.com/v4/main.867c50d0622862e2.js 0:1274291 "ERROR" TypeError: Cannot read properties of undefined (reading 'segments')
    at x.isInPaymentsPage (https://erplite.storyboarderp.com/v4/main.867c50d0622862e2.js:1:488507)
    at template (https://erplite.storyboarderp.com/v4/main.867c50d0622862e2.js:1:489082)
    at dp.runInContext (https://erplite.storyboarderp.com/v4/main.867c50d0622862e2.js:1:1274810)
    at _p (https://erplite.storyboarderp.com/v4/main.867c50d0622862e2.js:1:1276985)
    at Ip (https://erplite.storyboarderp.com/v4/main.867c50d0622862e2.js:1:1286520)
    at Rp (https://erplite.storyboarderp.com/v4/main.867c50d0622862e2.js:1:1287724)
    at Wb (https://erplite.storyboarderp.com/v4/main.867c50d0622862e2.js:1:1287587)
    at Up (https://erplite.storyboarderp.com/v4/main.867c50d0622862e2.js:1:1287866)
    at Ip (https://erplite.storyboarderp.com/v4/main.867c50d0622862e2.js:1:1287243)
    at Yu (https://erplite.storyboarderp.com/v4/main.867c50d0622862e2.js:1:1286242)
Fri Mar 28 18:49:43 IST 2025 SEVERE https://erplite.storyboarderp.com/v4/assets/Audio/logon_tone.mp3 - Failed to load resource: the server responded with a status of 404 ()
Fri Mar 28 18:49:43 IST 2025 SEVERE https://erplite.storyboarderp.com/v4/#/auth/login 0:0 Uncaught DOMException: Failed to load because no supported source was found.
Fri Mar 28 18:49:44 IST 2025 SEVERE https://erplite.storyboarderp.com/v4/main.867c50d0622862e2.js 0:1274291 "ERROR" TypeError: Cannot read properties of undefined (reading 'totalDays')
    at Object.next (https://erplite.storyboarderp.com/v4/hrm-module.b2cd4137efa67b59.js:1:1695185)
    at Se.next (https://erplite.storyboarderp.com/v4/main.867c50d0622862e2.js:1:1142226)
    at Ae._next (https://erplite.storyboarderp.com/v4/main.867c50d0622862e2.js:1:1141893)
    at Ae.next (https://erplite.storyboarderp.com/v4/main.867c50d0622862e2.js:1:1141578)
    at https://erplite.storyboarderp.com/v4/main.867c50d0622862e2.js:1:1152902
    at t._next (https://erplite.storyboarderp.com/v4/main.867c50d0622862e2.js:1:1151288)
    at t.next (https://erplite.storyboarderp.com/v4/main.867c50d0622862e2.js:1:1141578)
    at https://erplite.storyboarderp.com/v4/main.867c50d0622862e2.js:1:1152602
    at t._next (https://erplite.storyboarderp.com/v4/main.867c50d0622862e2.js:1:1151288)
    at t.next (https://erplite.storyboarderp.com/v4/main.867c50d0622862e2.js:1:1141578)
Fri Mar 28 18:49:47 IST 2025 SEVERE https://erplite.storyboarderp.com/v4/main.867c50d0622862e2.js 0:1274291 "ERROR" Error: Uncaught (in promise): TypeError: Cannot read properties of undefined (reading 'type')
TypeError: Cannot read properties of undefined (reading 'type')
    at v.value (https://erplite.storyboarderp.com/v4/default-node_modules_ng-apexcharts_fesm2020_ng-apexcharts_mjs.5eb13394b7867a41.js:1:81573)
    at v.value (https://erplite.storyboarderp.com/v4/default-node_modules_ng-apexcharts_fesm2020_ng-apexcharts_mjs.5eb13394b7867a41.js:1:90010)
    at new v (https://erplite.storyboarderp.com/v4/default-node_modules_ng-apexcharts_fesm2020_ng-apexcharts_mjs.5eb13394b7867a41.js:9:21157)
    at https://erplite.storyboarderp.com/v4/default-node_modules_ng-apexcharts_fesm2020_ng-apexcharts_mjs.5eb13394b7867a41.js:9:48737
    at v.invoke (https://erplite.storyboarderp.com/v4/polyfills.e4f0d6e9859019ee.js:1:6549)
    at h.run (https://erplite.storyboarderp.com/v4/polyfills.e4f0d6e9859019ee.js:1:1915)
    at Ei.runOutsideAngular (https://erplite.storyboarderp.com/v4/main.867c50d0622862e2.js:1:1339247)
    at V.createElement (https://erplite.storyboarderp.com/v4/default-node_modules_ng-apexcharts_fesm2020_ng-apexcharts_mjs.5eb13394b7867a41.js:9:48700)
    at D.<anonymous> (https://erplite.storyboarderp.com/v4/default-node_modules_ng-apexcharts_fesm2020_ng-apexcharts_mjs.5eb13394b7867a41.js:9:47684)
    at D._execute (https://erplite.storyboarderp.com/v4/main.867c50d0622862e2.js:1:1158389)
    at v.value (https://erplite.storyboarderp.com/v4/default-node_modules_ng-apexcharts_fesm2020_ng-apexcharts_mjs.5eb13394b7867a41.js:1:81573)
    at v.value (https://erplite.storyboarderp.com/v4/default-node_modules_ng-apexcharts_fesm2020_ng-apexcharts_mjs.5eb13394b7867a41.js:1:90010)
    at new v (https://erplite.storyboarderp.com/v4/default-node_modules_ng-apexcharts_fesm2020_ng-apexcharts_mjs.5eb13394b7867a41.js:9:21157)
    at https://erplite.storyboarderp.com/v4/default-node_modules_ng-apexcharts_fesm2020_ng-apexcharts_mjs.5eb13394b7867a41.js:9:48737
    at v.invoke (https://erplite.storyboarderp.com/v4/polyfills.e4f0d6e9859019ee.js:1:6549)
    at h.run (https://erplite.storyboarderp.com/v4/polyfills.e4f0d6e9859019ee.js:1:1915)
    at Ei.runOutsideAngular (https://erplite.storyboarderp.com/v4/main.867c50d0622862e2.js:1:1339247)
    at V.createElement (https://erplite.storyboarderp.com/v4/default-node_modules_ng-apexcharts_fesm2020_ng-apexcharts_mjs.5eb13394b7867a41.js:9:48700)
    at D.<anonymous> (https://erplite.storyboarderp.com/v4/default-node_modules_ng-apexcharts_fesm2020_ng-apexcharts_mjs.5eb13394b7867a41.js:9:47684)
    at D._execute (https://erplite.storyboarderp.com/v4/main.867c50d0622862e2.js:1:1158389)
    at Y (https://erplite.storyboarderp.com/v4/polyfills.e4f0d6e9859019ee.js:1:15964)
    at https://erplite.storyboarderp.com/v4/polyfills.e4f0d6e9859019ee.js:1:16815
    at v.invokeTask (https://erplite.storyboarderp.com/v4/polyfills.e4f0d6e9859019ee.js:1:7167)
    at Object.onInvokeTask (https://erplite.storyboarderp.com/v4/main.867c50d0622862e2.js:1:1338194)
    at v.invokeTask (https://erplite.storyboarderp.com/v4/polyfills.e4f0d6e9859019ee.js:1:7088)
    at h.runTask (https://erplite.storyboarderp.com/v4/polyfills.e4f0d6e9859019ee.js:1:2532)
    at T (https://erplite.storyboarderp.com/v4/polyfills.e4f0d6e9859019ee.js:1:9184)
Fri Mar 28 18:49:47 IST 2025 SEVERE https://erplite.storyboarderp.com/v4/main.867c50d0622862e2.js 0:1274291 "ERROR" TypeError: Cannot read properties of undefined (reading 'chart')
    at v.value (https://erplite.storyboarderp.com/v4/default-node_modules_ng-apexcharts_fesm2020_ng-apexcharts_mjs.5eb13394b7867a41.js:1:81567)
    at v.value (https://erplite.storyboarderp.com/v4/default-node_modules_ng-apexcharts_fesm2020_ng-apexcharts_mjs.5eb13394b7867a41.js:1:90010)
    at new v (https://erplite.storyboarderp.com/v4/default-node_modules_ng-apexcharts_fesm2020_ng-apexcharts_mjs.5eb13394b7867a41.js:9:21157)
    at c.renderChart (https://erplite.storyboarderp.com/v4/pmr-module.0d18352330a72815.js:1:343148)
    at c.getpurchaseordersixmonths (https://erplite.storyboarderp.com/v4/pmr-module.0d18352330a72815.js:1:343053)
    at c.ngOnInit (https://erplite.storyboarderp.com/v4/pmr-module.0d18352330a72815.js:1:341610)
    at dl (https://erplite.storyboarderp.com/v4/main.867c50d0622862e2.js:1:1246190)
    at $l (https://erplite.storyboarderp.com/v4/main.867c50d0622862e2.js:1:1246337)
    at cl (https://erplite.storyboarderp.com/v4/main.867c50d0622862e2.js:1:1246094)
    at qs (https://erplite.storyboarderp.com/v4/main.867c50d0622862e2.js:1:1245819)
Fri Mar 28 18:49:47 IST 2025 SEVERE https://erplite.storyboarderp.com/v4/main.867c50d0622862e2.js 0:1274291 "ERROR" TypeError: Cannot read properties of null (reading 'addControl')
    at J._setUpControl (https://erplite.storyboarderp.com/v4/main.867c50d0622862e2.js:1:1399422)
    at J.ngOnChanges (https://erplite.storyboarderp.com/v4/main.867c50d0622862e2.js:1:1398927)
    at J.Ls (https://erplite.storyboarderp.com/v4/main.867c50d0622862e2.js:1:1241493)
    at dl (https://erplite.storyboarderp.com/v4/main.867c50d0622862e2.js:1:1246190)
    at $l (https://erplite.storyboarderp.com/v4/main.867c50d0622862e2.js:1:1246346)
    at cl (https://erplite.storyboarderp.com/v4/main.867c50d0622862e2.js:1:1246094)
    at qs (https://erplite.storyboarderp.com/v4/main.867c50d0622862e2.js:1:1245819)
    at hp (https://erplite.storyboarderp.com/v4/main.867c50d0622862e2.js:1:1275210)
    at Object.pp (https://erplite.storyboarderp.com/v4/main.867c50d0622862e2.js:1:1275054)
    at template (https://erplite.storyboarderp.com/v4/pmr-module.0d18352330a72815.js:1:352588)
Fri Mar 28 18:49:47 IST 2025 SEVERE https://erplite.storyboarderp.com/v4/main.867c50d0622862e2.js 0:1274291 "ERROR" TypeError: Cannot read properties of undefined (reading 'series')
    at Le (https://erplite.storyboarderp.com/v4/pmr-module.0d18352330a72815.js:1:335313)
    at dp.runInContext (https://erplite.storyboarderp.com/v4/main.867c50d0622862e2.js:1:1274810)
    at _p (https://erplite.storyboarderp.com/v4/main.867c50d0622862e2.js:1:1276985)
    at Ip (https://erplite.storyboarderp.com/v4/main.867c50d0622862e2.js:1:1286520)
    at Rp (https://erplite.storyboarderp.com/v4/main.867c50d0622862e2.js:1:1287724)
    at $p (https://erplite.storyboarderp.com/v4/main.867c50d0622862e2.js:1:1287557)
    at Ip (https://erplite.storyboarderp.com/v4/main.867c50d0622862e2.js:1:1286805)
    at Rp (https://erplite.storyboarderp.com/v4/main.867c50d0622862e2.js:1:1287724)
    at Wb (https://erplite.storyboarderp.com/v4/main.867c50d0622862e2.js:1:1287587)
    at Up (https://erplite.storyboarderp.com/v4/main.867c50d0622862e2.js:1:1287866)
Fri Mar 28 18:49:47 IST 2025 SEVERE https://erplite.storyboarderp.com/v4/main.867c50d0622862e2.js 0:1274291 "ERROR" TypeError: Cannot read properties of undefined (reading 'series')
    at Le (https://erplite.storyboarderp.com/v4/pmr-module.0d18352330a72815.js:1:335313)
    at dp.runInContext (https://erplite.storyboarderp.com/v4/main.867c50d0622862e2.js:1:1274810)
    at _p (https://erplite.storyboarderp.com/v4/main.867c50d0622862e2.js:1:1276985)
    at Ip (https://erplite.storyboarderp.com/v4/main.867c50d0622862e2.js:1:1286520)
    at Rp (https://erplite.storyboarderp.com/v4/main.867c50d0622862e2.js:1:1287724)
    at $p (https://erplite.storyboarderp.com/v4/main.867c50d0622862e2.js:1:1287557)
    at Ip (https://erplite.storyboarderp.com/v4/main.867c50d0622862e2.js:1:1286805)
    at Rp (https://erplite.storyboarderp.com/v4/main.867c50d0622862e2.js:1:1287724)
    at Wb (https://erplite.storyboarderp.com/v4/main.867c50d0622862e2.js:1:1287587)
    at Up (https://erplite.storyboarderp.com/v4/main.867c50d0622862e2.js:1:1287866)
Fri Mar 28 18:49:47 IST 2025 SEVERE https://erplite.storyboarderp.com/v4/main.867c50d0622862e2.js 0:1274291 "ERROR" TypeError: Cannot read properties of undefined (reading 'series')
    at Le (https://erplite.storyboarderp.com/v4/pmr-module.0d18352330a72815.js:1:335313)
    at dp.runInContext (https://erplite.storyboarderp.com/v4/main.867c50d0622862e2.js:1:1274810)
    at _p (https://erplite.storyboarderp.com/v4/main.867c50d0622862e2.js:1:1276985)
    at Ip (https://erplite.storyboarderp.com/v4/main.867c50d0622862e2.js:1:1286520)
    at Rp (https://erplite.storyboarderp.com/v4/main.867c50d0622862e2.js:1:1287724)
    at $p (https://erplite.storyboarderp.com/v4/main.867c50d0622862e2.js:1:1287557)
    at Ip (https://erplite.storyboarderp.com/v4/main.867c50d0622862e2.js:1:1286805)
    at Rp (https://erplite.storyboarderp.com/v4/main.867c50d0622862e2.js:1:1287724)
    at Wb (https://erplite.storyboarderp.com/v4/main.867c50d0622862e2.js:1:1287587)
    at Up (https://erplite.storyboarderp.com/v4/main.867c50d0622862e2.js:1:1287866)
</pre>
        </td>
      </tr>
      <tr class="event-row">
        <td><span class="badge log info-bg">Info</span></td>
        <td>6:50:00‚ÄØPM</td>
        <td>
          ‚ö†Ô∏è Failed to capture network logs: invalid argument: log type 'performance' not found
  (Session info: chrome=134.0.6998.178)
Build info: version: '4.28.1', revision: '73f5ad48a2'
System info: os.name: 'Windows 10', os.arch: 'amd64', os.version: '10.0', java.version: '21.0.1'
Driver info: org.openqa.selenium.chrome.ChromeDriver
Command: [2e7f663c5e3700e856bfdb50a0b02e12, getLog {type=performance}]
Capabilities {acceptInsecureCerts: false, browserName: chrome, browserVersion: 134.0.6998.178, chrome: {chromedriverVersion: 134.0.6998.165 (fd886e2cb29..., userDataDir: C:\Users\SANKAR~1\AppData\L...}, fedcm:accounts: true, goog:chromeOptions: {debuggerAddress: localhost:59765}, networkConnectionEnabled: false, pageLoadStrategy: normal, platformName: windows, proxy: Proxy(), se:cdp: ws://localhost:59765/devtoo..., se:cdpVersion: 134.0.6998.178, setWindowRect: true, strictFileInteractability: false, timeouts: {implicit: 0, pageLoad: 300000, script: 30000}, unhandledPromptBehavior: dismiss and notify, webauthn:extension:credBlob: true, webauthn:extension:largeBlob: true, webauthn:extension:minPinLength: true, webauthn:extension:prf: true, webauthn:virtualAuthenticators: true}
Session ID: 2e7f663c5e3700e856bfdb50a0b02e12
        </td>
      </tr>
      <tr class="event-row">
        <td><span class="badge log fail-bg">Fail</span></td>
        <td>6:50:01‚ÄØPM</td>
        <td>
          ‚ùó Error in Test: Click Submit Button
org.openqa.selenium.TimeoutException: Expected condition failed: waiting for visibility of element located by By.id: submit-button (tried for 10 second(s) with 500 milliseconds interval)
Build info: version: '4.28.1', revision: '73f5ad48a2'
System info: os.name: 'Windows 10', os.arch: 'amd64', os.version: '10.0', java.version: '21.0.1'
Driver info: org.openqa.selenium.chrome.ChromeDriver
Capabilities {acceptInsecureCerts: false, browserName: chrome, browserVersion: 134.0.6998.178, chrome: {chromedriverVersion: 134.0.6998.165 (fd886e2cb29..., userDataDir: C:\Users\SANKAR~1\AppData\L...}, fedcm:accounts: true, goog:chromeOptions: {debuggerAddress: localhost:59765}, networkConnectionEnabled: false, pageLoadStrategy: normal, platformName: windows, proxy: Proxy(), se:cdp: ws://localhost:59765/devtoo..., se:cdpVersion: 134.0.6998.178, setWindowRect: true, strictFileInteractability: false, timeouts: {implicit: 0, pageLoad: 300000, script: 30000}, unhandledPromptBehavior: dismiss and notify, webauthn:extension:credBlob: true, webauthn:extension:largeBlob: true, webauthn:extension:minPinLength: true, webauthn:extension:prf: true, webauthn:virtualAuthenticators: true}
Session ID: 2e7f663c5e3700e856bfdb50a0b02e12
        </td>
      </tr>
      <tr class="event-row">
        <td><span class="badge log info-bg">Info</span></td>
        <td>6:50:01‚ÄØPM</td>
        <td>
          <b>Browser Logs for Click Submit Button:</b><br><b>Saved to:</b> ./browser-logs/Click Submit Button_logs.txt<br><pre></pre>
        </td>
      </tr>
      <tr class="event-row">
        <td><span class="badge log info-bg">Info</span></td>
        <td>6:50:01‚ÄØPM</td>
        <td>
          ‚ö†Ô∏è Failed to capture network logs: invalid argument: log type 'performance' not found
  (Session info: chrome=134.0.6998.178)
Build info: version: '4.28.1', revision: '73f5ad48a2'
System info: os.name: 'Windows 10', os.arch: 'amd64', os.version: '10.0', java.version: '21.0.1'
Driver info: org.openqa.selenium.chrome.ChromeDriver
Command: [2e7f663c5e3700e856bfdb50a0b02e12, getLog {type=performance}]
Capabilities {acceptInsecureCerts: false, browserName: chrome, browserVersion: 134.0.6998.178, chrome: {chromedriverVersion: 134.0.6998.165 (fd886e2cb29..., userDataDir: C:\Users\SANKAR~1\AppData\L...}, fedcm:accounts: true, goog:chromeOptions: {debuggerAddress: localhost:59765}, networkConnectionEnabled: false, pageLoadStrategy: normal, platformName: windows, proxy: Proxy(), se:cdp: ws://localhost:59765/devtoo..., se:cdpVersion: 134.0.6998.178, setWindowRect: true, strictFileInteractability: false, timeouts: {implicit: 0, pageLoad: 300000, script: 30000}, unhandledPromptBehavior: dismiss and notify, webauthn:extension:credBlob: true, webauthn:extension:largeBlob: true, webauthn:extension:minPinLength: true, webauthn:extension:prf: true, webauthn:virtualAuthenticators: true}
Session ID: 2e7f663c5e3700e856bfdb50a0b02e12
        </td>
      </tr>
      <tr class="event-row">
        <td><span class="badge log fail-bg">Fail</span></td>
        <td>6:50:01‚ÄØPM</td>
        <td>
          ‚ùó Error in Test: Create Direct PO
java.lang.RuntimeException: org.openqa.selenium.TimeoutException: Expected condition failed: waiting for visibility of element located by By.id: submit-button (tried for 10 second(s) with 500 milliseconds interval)
Build info: version: '4.28.1', revision: '73f5ad48a2'
System info: os.name: 'Windows 10', os.arch: 'amd64', os.version: '10.0', java.version: '21.0.1'
Driver info: org.openqa.selenium.chrome.ChromeDriver
Capabilities {acceptInsecureCerts: false, browserName: chrome, browserVersion: 134.0.6998.178, chrome: {chromedriverVersion: 134.0.6998.165 (fd886e2cb29..., userDataDir: C:\Users\SANKAR~1\AppData\L...}, fedcm:accounts: true, goog:chromeOptions: {debuggerAddress: localhost:59765}, networkConnectionEnabled: false, pageLoadStrategy: normal, platformName: windows, proxy: Proxy(), se:cdp: ws://localhost:59765/devtoo..., se:cdpVersion: 134.0.6998.178, setWindowRect: true, strictFileInteractability: false, timeouts: {implicit: 0, pageLoad: 300000, script: 30000}, unhandledPromptBehavior: dismiss and notify, webauthn:extension:credBlob: true, webauthn:extension:largeBlob: true, webauthn:extension:minPinLength: true, webauthn:extension:prf: true, webauthn:virtualAuthenticators: true}
Session ID: 2e7f663c5e3700e856bfdb50a0b02e12
        </td>
      </tr>
      <tr class="event-row">
        <td><span class="badge log info-bg">Info</span></td>
        <td>6:50:01‚ÄØPM</td>
        <td>
          <b>Browser Logs for Create Direct PO:</b><br><b>Saved to:</b> ./browser-logs/Create Direct PO_logs.txt<br><pre></pre>
        </td>
      </tr>
      <tr class="event-row">
        <td><span class="badge log info-bg">Info</span></td>
        <td>6:50:01‚ÄØPM</td>
        <td>
          ‚ö†Ô∏è Failed to capture network logs: invalid argument: log type 'performance' not found
  (Session info: chrome=134.0.6998.178)
Build info: version: '4.28.1', revision: '73f5ad48a2'
System info: os.name: 'Windows 10', os.arch: 'amd64', os.version: '10.0', java.version: '21.0.1'
Driver info: org.openqa.selenium.chrome.ChromeDriver
Command: [2e7f663c5e3700e856bfdb50a0b02e12, getLog {type=performance}]
Capabilities {acceptInsecureCerts: false, browserName: chrome, browserVersion: 134.0.6998.178, chrome: {chromedriverVersion: 134.0.6998.165 (fd886e2cb29..., userDataDir: C:\Users\SANKAR~1\AppData\L...}, fedcm:accounts: true, goog:chromeOptions: {debuggerAddress: localhost:59765}, networkConnectionEnabled: false, pageLoadStrategy: normal, platformName: windows, proxy: Proxy(), se:cdp: ws://localhost:59765/devtoo..., se:cdpVersion: 134.0.6998.178, setWindowRect: true, strictFileInteractability: false, timeouts: {implicit: 0, pageLoad: 300000, script: 30000}, unhandledPromptBehavior: dismiss and notify, webauthn:extension:credBlob: true, webauthn:extension:largeBlob: true, webauthn:extension:minPinLength: true, webauthn:extension:prf: true, webauthn:virtualAuthenticators: true}
Session ID: 2e7f663c5e3700e856bfdb50a0b02e12
        </td>
      </tr>
      <tr class="event-row">
        <td><span class="badge log fail-bg">Fail</span></td>
        <td>6:50:01‚ÄØPM</td>
        <td>
          ‚ùó Error in Test: Scenario 1
java.lang.RuntimeException: java.lang.RuntimeException: org.openqa.selenium.TimeoutException: Expected condition failed: waiting for visibility of element located by By.id: submit-button (tried for 10 second(s) with 500 milliseconds interval)
Build info: version: '4.28.1', revision: '73f5ad48a2'
System info: os.name: 'Windows 10', os.arch: 'amd64', os.version: '10.0', java.version: '21.0.1'
Driver info: org.openqa.selenium.chrome.ChromeDriver
Capabilities {acceptInsecureCerts: false, browserName: chrome, browserVersion: 134.0.6998.178, chrome: {chromedriverVersion: 134.0.6998.165 (fd886e2cb29..., userDataDir: C:\Users\SANKAR~1\AppData\L...}, fedcm:accounts: true, goog:chromeOptions: {debuggerAddress: localhost:59765}, networkConnectionEnabled: false, pageLoadStrategy: normal, platformName: windows, proxy: Proxy(), se:cdp: ws://localhost:59765/devtoo..., se:cdpVersion: 134.0.6998.178, setWindowRect: true, strictFileInteractability: false, timeouts: {implicit: 0, pageLoad: 300000, script: 30000}, unhandledPromptBehavior: dismiss and notify, webauthn:extension:credBlob: true, webauthn:extension:largeBlob: true, webauthn:extension:minPinLength: true, webauthn:extension:prf: true, webauthn:virtualAuthenticators: true}
Session ID: 2e7f663c5e3700e856bfdb50a0b02e12
        </td>
      </tr>
      <tr class="event-row">
        <td><span class="badge log info-bg">Info</span></td>
        <td>6:50:01‚ÄØPM</td>
        <td>
          <b>Browser Logs for Scenario 1:</b><br><b>Saved to:</b> ./browser-logs/Scenario 1_logs.txt<br><pre></pre>
        </td>
      </tr>
      <tr class="event-row">
        <td><span class="badge log info-bg">Info</span></td>
        <td>6:50:01‚ÄØPM</td>
        <td>
          ‚ö†Ô∏è Failed to capture network logs: invalid argument: log type 'performance' not found
  (Session info: chrome=134.0.6998.178)
Build info: version: '4.28.1', revision: '73f5ad48a2'
System info: os.name: 'Windows 10', os.arch: 'amd64', os.version: '10.0', java.version: '21.0.1'
Driver info: org.openqa.selenium.chrome.ChromeDriver
Command: [2e7f663c5e3700e856bfdb50a0b02e12, getLog {type=performance}]
Capabilities {acceptInsecureCerts: false, browserName: chrome, browserVersion: 134.0.6998.178, chrome: {chromedriverVersion: 134.0.6998.165 (fd886e2cb29..., userDataDir: C:\Users\SANKAR~1\AppData\L...}, fedcm:accounts: true, goog:chromeOptions: {debuggerAddress: localhost:59765}, networkConnectionEnabled: false, pageLoadStrategy: normal, platformName: windows, proxy: Proxy(), se:cdp: ws://localhost:59765/devtoo..., se:cdpVersion: 134.0.6998.178, setWindowRect: true, strictFileInteractability: false, timeouts: {implicit: 0, pageLoad: 300000, script: 30000}, unhandledPromptBehavior: dismiss and notify, webauthn:extension:credBlob: true, webauthn:extension:largeBlob: true, webauthn:extension:minPinLength: true, webauthn:extension:prf: true, webauthn:virtualAuthenticators: true}
Session ID: 2e7f663c5e3700e856bfdb50a0b02e12
        </td>
      </tr>
      <tr class="event-row">
        <td><span class="badge log fail-bg">Fail</span></td>
        <td>6:50:01‚ÄØPM</td>
        <td>
          ‚ùó Error in Test: Run Single Scenario
java.lang.RuntimeException: java.lang.RuntimeException: java.lang.RuntimeException: org.openqa.selenium.TimeoutException: Expected condition failed: waiting for visibility of element located by By.id: submit-button (tried for 10 second(s) with 500 milliseconds interval)
Build info: version: '4.28.1', revision: '73f5ad48a2'
System info: os.name: 'Windows 10', os.arch: 'amd64', os.version: '10.0', java.version: '21.0.1'
Driver info: org.openqa.selenium.chrome.ChromeDriver
Capabilities {acceptInsecureCerts: false, browserName: chrome, browserVersion: 134.0.6998.178, chrome: {chromedriverVersion: 134.0.6998.165 (fd886e2cb29..., userDataDir: C:\Users\SANKAR~1\AppData\L...}, fedcm:accounts: true, goog:chromeOptions: {debuggerAddress: localhost:59765}, networkConnectionEnabled: false, pageLoadStrategy: normal, platformName: windows, proxy: Proxy(), se:cdp: ws://localhost:59765/devtoo..., se:cdpVersion: 134.0.6998.178, setWindowRect: true, strictFileInteractability: false, timeouts: {implicit: 0, pageLoad: 300000, script: 30000}, unhandledPromptBehavior: dismiss and notify, webauthn:extension:credBlob: true, webauthn:extension:largeBlob: true, webauthn:extension:minPinLength: true, webauthn:extension:prf: true, webauthn:virtualAuthenticators: true}
Session ID: 2e7f663c5e3700e856bfdb50a0b02e12
        </td>
      </tr>
      <tr class="event-row">
        <td><span class="badge log info-bg">Info</span></td>
        <td>6:50:01‚ÄØPM</td>
        <td>
          <b>Browser Logs for Run Single Scenario:</b><br><b>Saved to:</b> ./browser-logs/Run Single Scenario_logs.txt<br><pre></pre>
        </td>
      </tr>
      <tr class="event-row">
        <td><span class="badge log info-bg">Info</span></td>
        <td>6:50:01‚ÄØPM</td>
        <td>
          ‚ö†Ô∏è Failed to capture network logs: invalid argument: log type 'performance' not found
  (Session info: chrome=134.0.6998.178)
Build info: version: '4.28.1', revision: '73f5ad48a2'
System info: os.name: 'Windows 10', os.arch: 'amd64', os.version: '10.0', java.version: '21.0.1'
Driver info: org.openqa.selenium.chrome.ChromeDriver
Command: [2e7f663c5e3700e856bfdb50a0b02e12, getLog {type=performance}]
Capabilities {acceptInsecureCerts: false, browserName: chrome, browserVersion: 134.0.6998.178, chrome: {chromedriverVersion: 134.0.6998.165 (fd886e2cb29..., userDataDir: C:\Users\SANKAR~1\AppData\L...}, fedcm:accounts: true, goog:chromeOptions: {debuggerAddress: localhost:59765}, networkConnectionEnabled: false, pageLoadStrategy: normal, platformName: windows, proxy: Proxy(), se:cdp: ws://localhost:59765/devtoo..., se:cdpVersion: 134.0.6998.178, setWindowRect: true, strictFileInteractability: false, timeouts: {implicit: 0, pageLoad: 300000, script: 30000}, unhandledPromptBehavior: dismiss and notify, webauthn:extension:credBlob: true, webauthn:extension:largeBlob: true, webauthn:extension:minPinLength: true, webauthn:extension:prf: true, webauthn:virtualAuthenticators: true}
Session ID: 2e7f663c5e3700e856bfdb50a0b02e12
        </td>
      </tr>
      <tr class="event-row">
        <td><span class="badge log skip-bg">Skip</span></td>
        <td>6:50:01‚ÄØPM</td>
        <td>
          Test Skipped: java.lang.RuntimeException: java.lang.RuntimeException: java.lang.RuntimeException: java.lang.RuntimeException: java.lang.RuntimeException: org.openqa.selenium.TimeoutException: Expected condition failed: waiting for visibility of element located by By.id: submit-button (tried for 10 second(s) with 500 milliseconds interval)
Build info: version: '4.28.1', revision: '73f5ad48a2'
System info: os.name: 'Windows 10', os.arch: 'amd64', os.version: '10.0', java.version: '21.0.1'
Driver info: org.openqa.selenium.chrome.ChromeDriver
Capabilities {acceptInsecureCerts: false, browserName: chrome, browserVersion: 134.0.6998.178, chrome: {chromedriverVersion: 134.0.6998.165 (fd886e2cb29..., userDataDir: C:\Users\SANKAR~1\AppData\L...}, fedcm:accounts: true, goog:chromeOptions: {debuggerAddress: localhost:59765}, networkConnectionEnabled: false, pageLoadStrategy: normal, platformName: windows, proxy: Proxy(), se:cdp: ws://localhost:59765/devtoo..., se:cdpVersion: 134.0.6998.178, setWindowRect: true, strictFileInteractability: false, timeouts: {implicit: 0, pageLoad: 300000, script: 30000}, unhandledPromptBehavior: dismiss and notify, webauthn:extension:credBlob: true, webauthn:extension:largeBlob: true, webauthn:extension:minPinLength: true, webauthn:extension:prf: true, webauthn:virtualAuthenticators: true}
Session ID: 2e7f663c5e3700e856bfdb50a0b02e12
        </td>
      </tr>
  </tbody>
</table>
</div>
          </div>
        </li>
        <li class="test-item"  status="pass" test-id="3"
          author=""
          tag=""
          device="">
          <div class="test-detail">
            <p class="name">runSingleScenario</p>
            <p class="text-sm">
              <span>6:50:01‚ÄØPM</span> / <span>00:00:00:000</span>
              <span class="badge pass-bg log float-right">Pass</span>
            </p>
          </div>
          <div class="test-contents d-none">
<div class="detail-head">
<div class="p-v-10">
<div class="info">
<h5 class="test-status text-pass">runSingleScenario</h5>
<span class='badge badge-success'>03.28.2025 6:50:01‚ÄØPM</span>
<span class='badge badge-danger'>03.28.2025 6:50:01‚ÄØPM</span>
<span class='badge badge-default'>00:00:00:000</span>
&middot; <span class='uri-anchor badge badge-default'>#test-id=3</span>
<span title='Skip to the next failed step' class='badge badge-danger pointer float-right ne ml-1'><i class="fa fa-fast-forward"></i></span>
<span title='Collapse all nodes' class='badge badge-default pointer float-right ct ml-1'><i class="fa fa-compress"></i></span>
<span title='Expand all nodes' class='badge badge-default pointer float-right et'><i class="fa fa-expand"></i></span>
</div>
</div>
</div>          </div>
        </li>
        <li class="test-item"  status="fail" test-id="4"
          author=""
          tag=""
          device="">
          <div class="test-detail">
            <p class="name">Test Scenario: Scenario 1</p>
            <p class="text-sm">
              <span>6:50:01‚ÄØPM</span> / <span>00:00:31:933</span>
              <span class="badge fail-bg log float-right">Fail</span>
            </p>
          </div>
          <div class="test-contents d-none">
<div class="detail-head">
<div class="p-v-10">
<div class="info">
<h5 class="test-status text-fail">Test Scenario: Scenario 1</h5>
<span class='badge badge-success'>03.28.2025 6:50:01‚ÄØPM</span>
<span class='badge badge-danger'>03.28.2025 6:50:33‚ÄØPM</span>
<span class='badge badge-default'>00:00:31:933</span>
&middot; <span class='uri-anchor badge badge-default'>#test-id=4</span>
<span title='Skip to the next failed step' class='badge badge-danger pointer float-right ne ml-1'><i class="fa fa-fast-forward"></i></span>
<span title='Collapse all nodes' class='badge badge-default pointer float-right ct ml-1'><i class="fa fa-compress"></i></span>
<span title='Expand all nodes' class='badge badge-default pointer float-right et'><i class="fa fa-expand"></i></span>
</div>
</div>
</div>    <div class="row mb-3"><div class="col-md-3">
    

<img data-featherlight='C:\Users\SankaraNarayanan\IdeaProjects\StoryboardsSystems/test-output/screenshots/AfterSubmit_Fail_LoginManager_779484224800400.png' src="C:\Users\SankaraNarayanan\IdeaProjects\StoryboardsSystems/test-output/screenshots/AfterSubmit_Fail_LoginManager_779484224800400.png">
  
    

    </div></div>
    <div class="row mb-3"><div class="col-md-3">
    

<img data-featherlight='C:\Users\SankaraNarayanan\IdeaProjects\StoryboardsSystems/test-output/screenshots/Error_LoginManager_779484390307400.png' src="C:\Users\SankaraNarayanan\IdeaProjects\StoryboardsSystems/test-output/screenshots/Error_LoginManager_779484390307400.png">
  
    

    </div></div>
    <div class="row mb-3"><div class="col-md-3">
    

<img data-featherlight='C:\Users\SankaraNarayanan\IdeaProjects\StoryboardsSystems/test-output/screenshots/Error_Scenario 1_779484545314100.png' src="C:\Users\SankaraNarayanan\IdeaProjects\StoryboardsSystems/test-output/screenshots/Error_Scenario 1_779484545314100.png">
  
    

    </div></div>
    <div class="row mb-3"><div class="col-md-3">
    

<img data-featherlight='C:\Users\SankaraNarayanan\IdeaProjects\StoryboardsSystems/test-output/screenshots/AfterSubmit_Fail_Run Single Scenario_779484690643900.png' src="C:\Users\SankaraNarayanan\IdeaProjects\StoryboardsSystems/test-output/screenshots/AfterSubmit_Fail_Run Single Scenario_779484690643900.png">
  
    

    </div></div>
    <div class="row mb-3"><div class="col-md-3">
    

<img data-featherlight='C:\Users\SankaraNarayanan\IdeaProjects\StoryboardsSystems/test-output/screenshots/Error_Run Single Scenario_779484785822500.png' src="C:\Users\SankaraNarayanan\IdeaProjects\StoryboardsSystems/test-output/screenshots/Error_Run Single Scenario_779484785822500.png">
  
    

    </div></div>
<div class="detail-body mt-4">
<table class="table table-sm">
  <thead><tr><th class="status-col">Status</th><th class="timestamp-col">Timestamp</th><th class="details-col">Details</th></tr></thead>
  <tbody>
      <tr class="event-row">
        <td><span class="badge log fail-bg">Fail</span></td>
        <td>6:50:33‚ÄØPM</td>
        <td>
          ‚ùó Error in Test: LoginManager
Expected condition failed: waiting for visibility of element located by By.xpath: //input[@placeholder='Enter CompanyCode'] (tried for 30 second(s) with 500 milliseconds interval)
Build info: version: '4.28.1', revision: '73f5ad48a2'
System info: os.name: 'Windows 10', os.arch: 'amd64', os.version: '10.0', java.version: '21.0.1'
Driver info: org.openqa.selenium.chrome.ChromeDriver
Capabilities {acceptInsecureCerts: false, browserName: chrome, browserVersion: 134.0.6998.178, chrome: {chromedriverVersion: 134.0.6998.165 (fd886e2cb29..., userDataDir: C:\Users\SANKAR~1\AppData\L...}, fedcm:accounts: true, goog:chromeOptions: {debuggerAddress: localhost:59765}, networkConnectionEnabled: false, pageLoadStrategy: normal, platformName: windows, proxy: Proxy(), se:cdp: ws://localhost:59765/devtoo..., se:cdpVersion: 134.0.6998.178, setWindowRect: true, strictFileInteractability: false, timeouts: {implicit: 0, pageLoad: 300000, script: 30000}, unhandledPromptBehavior: dismiss and notify, webauthn:extension:credBlob: true, webauthn:extension:largeBlob: true, webauthn:extension:minPinLength: true, webauthn:extension:prf: true, webauthn:virtualAuthenticators: true}
Session ID: 2e7f663c5e3700e856bfdb50a0b02e12
        </td>
      </tr>
      <tr class="event-row">
        <td><span class="badge log info-bg">Info</span></td>
        <td>6:50:33‚ÄØPM</td>
        <td>
          <b>Browser Logs for LoginManager:</b><br><b>Saved to:</b> ./browser-logs/LoginManager_logs.txt<br><pre></pre>
        </td>
      </tr>
      <tr class="event-row">
        <td><span class="badge log info-bg">Info</span></td>
        <td>6:50:33‚ÄØPM</td>
        <td>
          ‚ö†Ô∏è Failed to capture network logs: invalid argument: log type 'performance' not found
  (Session info: chrome=134.0.6998.178)
Build info: version: '4.28.1', revision: '73f5ad48a2'
System info: os.name: 'Windows 10', os.arch: 'amd64', os.version: '10.0', java.version: '21.0.1'
Driver info: org.openqa.selenium.chrome.ChromeDriver
Command: [2e7f663c5e3700e856bfdb50a0b02e12, getLog {type=performance}]
Capabilities {acceptInsecureCerts: false, browserName: chrome, browserVersion: 134.0.6998.178, chrome: {chromedriverVersion: 134.0.6998.165 (fd886e2cb29..., userDataDir: C:\Users\SANKAR~1\AppData\L...}, fedcm:accounts: true, goog:chromeOptions: {debuggerAddress: localhost:59765}, networkConnectionEnabled: false, pageLoadStrategy: normal, platformName: windows, proxy: Proxy(), se:cdp: ws://localhost:59765/devtoo..., se:cdpVersion: 134.0.6998.178, setWindowRect: true, strictFileInteractability: false, timeouts: {implicit: 0, pageLoad: 300000, script: 30000}, unhandledPromptBehavior: dismiss and notify, webauthn:extension:credBlob: true, webauthn:extension:largeBlob: true, webauthn:extension:minPinLength: true, webauthn:extension:prf: true, webauthn:virtualAuthenticators: true}
Session ID: 2e7f663c5e3700e856bfdb50a0b02e12
        </td>
      </tr>
      <tr class="event-row">
        <td><span class="badge log fail-bg">Fail</span></td>
        <td>6:50:33‚ÄØPM</td>
        <td>
          ‚ùó Error in Test: Scenario 1
org.openqa.selenium.TimeoutException: Expected condition failed: waiting for visibility of element located by By.xpath: //input[@placeholder='Enter CompanyCode'] (tried for 30 second(s) with 500 milliseconds interval)
Build info: version: '4.28.1', revision: '73f5ad48a2'
System info: os.name: 'Windows 10', os.arch: 'amd64', os.version: '10.0', java.version: '21.0.1'
Driver info: org.openqa.selenium.chrome.ChromeDriver
Capabilities {acceptInsecureCerts: false, browserName: chrome, browserVersion: 134.0.6998.178, chrome: {chromedriverVersion: 134.0.6998.165 (fd886e2cb29..., userDataDir: C:\Users\SANKAR~1\AppData\L...}, fedcm:accounts: true, goog:chromeOptions: {debuggerAddress: localhost:59765}, networkConnectionEnabled: false, pageLoadStrategy: normal, platformName: windows, proxy: Proxy(), se:cdp: ws://localhost:59765/devtoo..., se:cdpVersion: 134.0.6998.178, setWindowRect: true, strictFileInteractability: false, timeouts: {implicit: 0, pageLoad: 300000, script: 30000}, unhandledPromptBehavior: dismiss and notify, webauthn:extension:credBlob: true, webauthn:extension:largeBlob: true, webauthn:extension:minPinLength: true, webauthn:extension:prf: true, webauthn:virtualAuthenticators: true}
Session ID: 2e7f663c5e3700e856bfdb50a0b02e12
        </td>
      </tr>
      <tr class="event-row">
        <td><span class="badge log info-bg">Info</span></td>
        <td>6:50:33‚ÄØPM</td>
        <td>
          <b>Browser Logs for Scenario 1:</b><br><b>Saved to:</b> ./browser-logs/Scenario 1_logs.txt<br><pre></pre>
        </td>
      </tr>
      <tr class="event-row">
        <td><span class="badge log info-bg">Info</span></td>
        <td>6:50:33‚ÄØPM</td>
        <td>
          ‚ö†Ô∏è Failed to capture network logs: invalid argument: log type 'performance' not found
  (Session info: chrome=134.0.6998.178)
Build info: version: '4.28.1', revision: '73f5ad48a2'
System info: os.name: 'Windows 10', os.arch: 'amd64', os.version: '10.0', java.version: '21.0.1'
Driver info: org.openqa.selenium.chrome.ChromeDriver
Command: [2e7f663c5e3700e856bfdb50a0b02e12, getLog {type=performance}]
Capabilities {acceptInsecureCerts: false, browserName: chrome, browserVersion: 134.0.6998.178, chrome: {chromedriverVersion: 134.0.6998.165 (fd886e2cb29..., userDataDir: C:\Users\SANKAR~1\AppData\L...}, fedcm:accounts: true, goog:chromeOptions: {debuggerAddress: localhost:59765}, networkConnectionEnabled: false, pageLoadStrategy: normal, platformName: windows, proxy: Proxy(), se:cdp: ws://localhost:59765/devtoo..., se:cdpVersion: 134.0.6998.178, setWindowRect: true, strictFileInteractability: false, timeouts: {implicit: 0, pageLoad: 300000, script: 30000}, unhandledPromptBehavior: dismiss and notify, webauthn:extension:credBlob: true, webauthn:extension:largeBlob: true, webauthn:extension:minPinLength: true, webauthn:extension:prf: true, webauthn:virtualAuthenticators: true}
Session ID: 2e7f663c5e3700e856bfdb50a0b02e12
        </td>
      </tr>
      <tr class="event-row">
        <td><span class="badge log fail-bg">Fail</span></td>
        <td>6:50:33‚ÄØPM</td>
        <td>
          ‚ùó Error in Test: Run Single Scenario
java.lang.RuntimeException: org.openqa.selenium.TimeoutException: Expected condition failed: waiting for visibility of element located by By.xpath: //input[@placeholder='Enter CompanyCode'] (tried for 30 second(s) with 500 milliseconds interval)
Build info: version: '4.28.1', revision: '73f5ad48a2'
System info: os.name: 'Windows 10', os.arch: 'amd64', os.version: '10.0', java.version: '21.0.1'
Driver info: org.openqa.selenium.chrome.ChromeDriver
Capabilities {acceptInsecureCerts: false, browserName: chrome, browserVersion: 134.0.6998.178, chrome: {chromedriverVersion: 134.0.6998.165 (fd886e2cb29..., userDataDir: C:\Users\SANKAR~1\AppData\L...}, fedcm:accounts: true, goog:chromeOptions: {debuggerAddress: localhost:59765}, networkConnectionEnabled: false, pageLoadStrategy: normal, platformName: windows, proxy: Proxy(), se:cdp: ws://localhost:59765/devtoo..., se:cdpVersion: 134.0.6998.178, setWindowRect: true, strictFileInteractability: false, timeouts: {implicit: 0, pageLoad: 300000, script: 30000}, unhandledPromptBehavior: dismiss and notify, webauthn:extension:credBlob: true, webauthn:extension:largeBlob: true, webauthn:extension:minPinLength: true, webauthn:extension:prf: true, webauthn:virtualAuthenticators: true}
Session ID: 2e7f663c5e3700e856bfdb50a0b02e12
        </td>
      </tr>
      <tr class="event-row">
        <td><span class="badge log info-bg">Info</span></td>
        <td>6:50:33‚ÄØPM</td>
        <td>
          <b>Browser Logs for Run Single Scenario:</b><br><b>Saved to:</b> ./browser-logs/Run Single Scenario_logs.txt<br><pre></pre>
        </td>
      </tr>
      <tr class="event-row">
        <td><span class="badge log info-bg">Info</span></td>
        <td>6:50:33‚ÄØPM</td>
        <td>
          ‚ö†Ô∏è Failed to capture network logs: invalid argument: log type 'performance' not found
  (Session info: chrome=134.0.6998.178)
Build info: version: '4.28.1', revision: '73f5ad48a2'
System info: os.name: 'Windows 10', os.arch: 'amd64', os.version: '10.0', java.version: '21.0.1'
Driver info: org.openqa.selenium.chrome.ChromeDriver
Command: [2e7f663c5e3700e856bfdb50a0b02e12, getLog {type=performance}]
Capabilities {acceptInsecureCerts: false, browserName: chrome, browserVersion: 134.0.6998.178, chrome: {chromedriverVersion: 134.0.6998.165 (fd886e2cb29..., userDataDir: C:\Users\SANKAR~1\AppData\L...}, fedcm:accounts: true, goog:chromeOptions: {debuggerAddress: localhost:59765}, networkConnectionEnabled: false, pageLoadStrategy: normal, platformName: windows, proxy: Proxy(), se:cdp: ws://localhost:59765/devtoo..., se:cdpVersion: 134.0.6998.178, setWindowRect: true, strictFileInteractability: false, timeouts: {implicit: 0, pageLoad: 300000, script: 30000}, unhandledPromptBehavior: dismiss and notify, webauthn:extension:credBlob: true, webauthn:extension:largeBlob: true, webauthn:extension:minPinLength: true, webauthn:extension:prf: true, webauthn:virtualAuthenticators: true}
Session ID: 2e7f663c5e3700e856bfdb50a0b02e12
        </td>
      </tr>
      <tr class="event-row">
        <td><span class="badge log skip-bg">Skip</span></td>
        <td>6:50:33‚ÄØPM</td>
        <td>
          Test Skipped: java.lang.RuntimeException: java.lang.RuntimeException: java.lang.RuntimeException: org.openqa.selenium.TimeoutException: Expected condition failed: waiting for visibility of element located by By.xpath: //input[@placeholder='Enter CompanyCode'] (tried for 30 second(s) with 500 milliseconds interval)
Build info: version: '4.28.1', revision: '73f5ad48a2'
System info: os.name: 'Windows 10', os.arch: 'amd64', os.version: '10.0', java.version: '21.0.1'
Driver info: org.openqa.selenium.chrome.ChromeDriver
Capabilities {acceptInsecureCerts: false, browserName: chrome, browserVersion: 134.0.6998.178, chrome: {chromedriverVersion: 134.0.6998.165 (fd886e2cb29..., userDataDir: C:\Users\SANKAR~1\AppData\L...}, fedcm:accounts: true, goog:chromeOptions: {debuggerAddress: localhost:59765}, networkConnectionEnabled: false, pageLoadStrategy: normal, platformName: windows, proxy: Proxy(), se:cdp: ws://localhost:59765/devtoo..., se:cdpVersion: 134.0.6998.178, setWindowRect: true, strictFileInteractability: false, timeouts: {implicit: 0, pageLoad: 300000, script: 30000}, unhandledPromptBehavior: dismiss and notify, webauthn:extension:credBlob: true, webauthn:extension:largeBlob: true, webauthn:extension:minPinLength: true, webauthn:extension:prf: true, webauthn:virtualAuthenticators: true}
Session ID: 2e7f663c5e3700e856bfdb50a0b02e12
        </td>
      </tr>
  </tbody>
</table>
</div>
          </div>
        </li>
        <li class="test-item"  status="pass" test-id="5"
          author=""
          tag=""
          device="">
          <div class="test-detail">
            <p class="name">runSingleScenario</p>
            <p class="text-sm">
              <span>6:50:33‚ÄØPM</span> / <span>00:00:00:000</span>
              <span class="badge pass-bg log float-right">Pass</span>
            </p>
          </div>
          <div class="test-contents d-none">
<div class="detail-head">
<div class="p-v-10">
<div class="info">
<h5 class="test-status text-pass">runSingleScenario</h5>
<span class='badge badge-success'>03.28.2025 6:50:33‚ÄØPM</span>
<span class='badge badge-danger'>03.28.2025 6:50:33‚ÄØPM</span>
<span class='badge badge-default'>00:00:00:000</span>
&middot; <span class='uri-anchor badge badge-default'>#test-id=5</span>
<span title='Skip to the next failed step' class='badge badge-danger pointer float-right ne ml-1'><i class="fa fa-fast-forward"></i></span>
<span title='Collapse all nodes' class='badge badge-default pointer float-right ct ml-1'><i class="fa fa-compress"></i></span>
<span title='Expand all nodes' class='badge badge-default pointer float-right et'><i class="fa fa-expand"></i></span>
</div>
</div>
</div>          </div>
        </li>
        <li class="test-item"  status="fail" test-id="6"
          author=""
          tag=""
          device="">
          <div class="test-detail">
            <p class="name">Test Scenario: Scenario 1</p>
            <p class="text-sm">
              <span>6:50:33‚ÄØPM</span> / <span>00:00:31:808</span>
              <span class="badge fail-bg log float-right">Fail</span>
            </p>
          </div>
          <div class="test-contents d-none">
<div class="detail-head">
<div class="p-v-10">
<div class="info">
<h5 class="test-status text-fail">Test Scenario: Scenario 1</h5>
<span class='badge badge-success'>03.28.2025 6:50:33‚ÄØPM</span>
<span class='badge badge-danger'>03.28.2025 6:51:05‚ÄØPM</span>
<span class='badge badge-default'>00:00:31:808</span>
&middot; <span class='uri-anchor badge badge-default'>#test-id=6</span>
<span title='Skip to the next failed step' class='badge badge-danger pointer float-right ne ml-1'><i class="fa fa-fast-forward"></i></span>
<span title='Collapse all nodes' class='badge badge-default pointer float-right ct ml-1'><i class="fa fa-compress"></i></span>
<span title='Expand all nodes' class='badge badge-default pointer float-right et'><i class="fa fa-expand"></i></span>
</div>
</div>
</div>    <div class="row mb-3"><div class="col-md-3">
    

<img data-featherlight='C:\Users\SankaraNarayanan\IdeaProjects\StoryboardsSystems/test-output/screenshots/AfterSubmit_Fail_LoginManager_779516070014700.png' src="C:\Users\SankaraNarayanan\IdeaProjects\StoryboardsSystems/test-output/screenshots/AfterSubmit_Fail_LoginManager_779516070014700.png">
  
    

    </div></div>
    <div class="row mb-3"><div class="col-md-3">
    

<img data-featherlight='C:\Users\SankaraNarayanan\IdeaProjects\StoryboardsSystems/test-output/screenshots/Error_LoginManager_779516157706300.png' src="C:\Users\SankaraNarayanan\IdeaProjects\StoryboardsSystems/test-output/screenshots/Error_LoginManager_779516157706300.png">
  
    

    </div></div>
    <div class="row mb-3"><div class="col-md-3">
    

<img data-featherlight='C:\Users\SankaraNarayanan\IdeaProjects\StoryboardsSystems/test-output/screenshots/Error_Scenario 1_779516272390100.png' src="C:\Users\SankaraNarayanan\IdeaProjects\StoryboardsSystems/test-output/screenshots/Error_Scenario 1_779516272390100.png">
  
    

    </div></div>
    <div class="row mb-3"><div class="col-md-3">
    

<img data-featherlight='C:\Users\SankaraNarayanan\IdeaProjects\StoryboardsSystems/test-output/screenshots/AfterSubmit_Fail_Run Single Scenario_779516388379200.png' src="C:\Users\SankaraNarayanan\IdeaProjects\StoryboardsSystems/test-output/screenshots/AfterSubmit_Fail_Run Single Scenario_779516388379200.png">
  
    

    </div></div>
    <div class="row mb-3"><div class="col-md-3">
    

<img data-featherlight='C:\Users\SankaraNarayanan\IdeaProjects\StoryboardsSystems/test-output/screenshots/Error_Run Single Scenario_779516492875500.png' src="C:\Users\SankaraNarayanan\IdeaProjects\StoryboardsSystems/test-output/screenshots/Error_Run Single Scenario_779516492875500.png">
  
    

    </div></div>
    <div class="row mb-3"><div class="col-md-3">
    

<img data-featherlight='C:\Users\SankaraNarayanan\IdeaProjects\StoryboardsSystems/test-output/screenshots/Failure_runSingleScenario_779516595587000.png' src="C:\Users\SankaraNarayanan\IdeaProjects\StoryboardsSystems/test-output/screenshots/Failure_runSingleScenario_779516595587000.png">
  
    

    </div></div>
<div class="detail-body mt-4">
<table class="table table-sm">
  <thead><tr><th class="status-col">Status</th><th class="timestamp-col">Timestamp</th><th class="details-col">Details</th></tr></thead>
  <tbody>
      <tr class="event-row">
        <td><span class="badge log fail-bg">Fail</span></td>
        <td>6:51:04‚ÄØPM</td>
        <td>
          ‚ùó Error in Test: LoginManager
Expected condition failed: waiting for visibility of element located by By.xpath: //input[@placeholder='Enter CompanyCode'] (tried for 30 second(s) with 500 milliseconds interval)
Build info: version: '4.28.1', revision: '73f5ad48a2'
System info: os.name: 'Windows 10', os.arch: 'amd64', os.version: '10.0', java.version: '21.0.1'
Driver info: org.openqa.selenium.chrome.ChromeDriver
Capabilities {acceptInsecureCerts: false, browserName: chrome, browserVersion: 134.0.6998.178, chrome: {chromedriverVersion: 134.0.6998.165 (fd886e2cb29..., userDataDir: C:\Users\SANKAR~1\AppData\L...}, fedcm:accounts: true, goog:chromeOptions: {debuggerAddress: localhost:59765}, networkConnectionEnabled: false, pageLoadStrategy: normal, platformName: windows, proxy: Proxy(), se:cdp: ws://localhost:59765/devtoo..., se:cdpVersion: 134.0.6998.178, setWindowRect: true, strictFileInteractability: false, timeouts: {implicit: 0, pageLoad: 300000, script: 30000}, unhandledPromptBehavior: dismiss and notify, webauthn:extension:credBlob: true, webauthn:extension:largeBlob: true, webauthn:extension:minPinLength: true, webauthn:extension:prf: true, webauthn:virtualAuthenticators: true}
Session ID: 2e7f663c5e3700e856bfdb50a0b02e12
        </td>
      </tr>
      <tr class="event-row">
        <td><span class="badge log info-bg">Info</span></td>
        <td>6:51:05‚ÄØPM</td>
        <td>
          <b>Browser Logs for LoginManager:</b><br><b>Saved to:</b> ./browser-logs/LoginManager_logs.txt<br><pre></pre>
        </td>
      </tr>
      <tr class="event-row">
        <td><span class="badge log info-bg">Info</span></td>
        <td>6:51:05‚ÄØPM</td>
        <td>
          ‚ö†Ô∏è Failed to capture network logs: invalid argument: log type 'performance' not found
  (Session info: chrome=134.0.6998.178)
Build info: version: '4.28.1', revision: '73f5ad48a2'
System info: os.name: 'Windows 10', os.arch: 'amd64', os.version: '10.0', java.version: '21.0.1'
Driver info: org.openqa.selenium.chrome.ChromeDriver
Command: [2e7f663c5e3700e856bfdb50a0b02e12, getLog {type=performance}]
Capabilities {acceptInsecureCerts: false, browserName: chrome, browserVersion: 134.0.6998.178, chrome: {chromedriverVersion: 134.0.6998.165 (fd886e2cb29..., userDataDir: C:\Users\SANKAR~1\AppData\L...}, fedcm:accounts: true, goog:chromeOptions: {debuggerAddress: localhost:59765}, networkConnectionEnabled: false, pageLoadStrategy: normal, platformName: windows, proxy: Proxy(), se:cdp: ws://localhost:59765/devtoo..., se:cdpVersion: 134.0.6998.178, setWindowRect: true, strictFileInteractability: false, timeouts: {implicit: 0, pageLoad: 300000, script: 30000}, unhandledPromptBehavior: dismiss and notify, webauthn:extension:credBlob: true, webauthn:extension:largeBlob: true, webauthn:extension:minPinLength: true, webauthn:extension:prf: true, webauthn:virtualAuthenticators: true}
Session ID: 2e7f663c5e3700e856bfdb50a0b02e12
        </td>
      </tr>
      <tr class="event-row">
        <td><span class="badge log fail-bg">Fail</span></td>
        <td>6:51:05‚ÄØPM</td>
        <td>
          ‚ùó Error in Test: Scenario 1
org.openqa.selenium.TimeoutException: Expected condition failed: waiting for visibility of element located by By.xpath: //input[@placeholder='Enter CompanyCode'] (tried for 30 second(s) with 500 milliseconds interval)
Build info: version: '4.28.1', revision: '73f5ad48a2'
System info: os.name: 'Windows 10', os.arch: 'amd64', os.version: '10.0', java.version: '21.0.1'
Driver info: org.openqa.selenium.chrome.ChromeDriver
Capabilities {acceptInsecureCerts: false, browserName: chrome, browserVersion: 134.0.6998.178, chrome: {chromedriverVersion: 134.0.6998.165 (fd886e2cb29..., userDataDir: C:\Users\SANKAR~1\AppData\L...}, fedcm:accounts: true, goog:chromeOptions: {debuggerAddress: localhost:59765}, networkConnectionEnabled: false, pageLoadStrategy: normal, platformName: windows, proxy: Proxy(), se:cdp: ws://localhost:59765/devtoo..., se:cdpVersion: 134.0.6998.178, setWindowRect: true, strictFileInteractability: false, timeouts: {implicit: 0, pageLoad: 300000, script: 30000}, unhandledPromptBehavior: dismiss and notify, webauthn:extension:credBlob: true, webauthn:extension:largeBlob: true, webauthn:extension:minPinLength: true, webauthn:extension:prf: true, webauthn:virtualAuthenticators: true}
Session ID: 2e7f663c5e3700e856bfdb50a0b02e12
        </td>
      </tr>
      <tr class="event-row">
        <td><span class="badge log info-bg">Info</span></td>
        <td>6:51:05‚ÄØPM</td>
        <td>
          <b>Browser Logs for Scenario 1:</b><br><b>Saved to:</b> ./browser-logs/Scenario 1_logs.txt<br><pre></pre>
        </td>
      </tr>
      <tr class="event-row">
        <td><span class="badge log info-bg">Info</span></td>
        <td>6:51:05‚ÄØPM</td>
        <td>
          ‚ö†Ô∏è Failed to capture network logs: invalid argument: log type 'performance' not found
  (Session info: chrome=134.0.6998.178)
Build info: version: '4.28.1', revision: '73f5ad48a2'
System info: os.name: 'Windows 10', os.arch: 'amd64', os.version: '10.0', java.version: '21.0.1'
Driver info: org.openqa.selenium.chrome.ChromeDriver
Command: [2e7f663c5e3700e856bfdb50a0b02e12, getLog {type=performance}]
Capabilities {acceptInsecureCerts: false, browserName: chrome, browserVersion: 134.0.6998.178, chrome: {chromedriverVersion: 134.0.6998.165 (fd886e2cb29..., userDataDir: C:\Users\SANKAR~1\AppData\L...}, fedcm:accounts: true, goog:chromeOptions: {debuggerAddress: localhost:59765}, networkConnectionEnabled: false, pageLoadStrategy: normal, platformName: windows, proxy: Proxy(), se:cdp: ws://localhost:59765/devtoo..., se:cdpVersion: 134.0.6998.178, setWindowRect: true, strictFileInteractability: false, timeouts: {implicit: 0, pageLoad: 300000, script: 30000}, unhandledPromptBehavior: dismiss and notify, webauthn:extension:credBlob: true, webauthn:extension:largeBlob: true, webauthn:extension:minPinLength: true, webauthn:extension:prf: true, webauthn:virtualAuthenticators: true}
Session ID: 2e7f663c5e3700e856bfdb50a0b02e12
        </td>
      </tr>
      <tr class="event-row">
        <td><span class="badge log fail-bg">Fail</span></td>
        <td>6:51:05‚ÄØPM</td>
        <td>
          ‚ùó Error in Test: Run Single Scenario
java.lang.RuntimeException: org.openqa.selenium.TimeoutException: Expected condition failed: waiting for visibility of element located by By.xpath: //input[@placeholder='Enter CompanyCode'] (tried for 30 second(s) with 500 milliseconds interval)
Build info: version: '4.28.1', revision: '73f5ad48a2'
System info: os.name: 'Windows 10', os.arch: 'amd64', os.version: '10.0', java.version: '21.0.1'
Driver info: org.openqa.selenium.chrome.ChromeDriver
Capabilities {acceptInsecureCerts: false, browserName: chrome, browserVersion: 134.0.6998.178, chrome: {chromedriverVersion: 134.0.6998.165 (fd886e2cb29..., userDataDir: C:\Users\SANKAR~1\AppData\L...}, fedcm:accounts: true, goog:chromeOptions: {debuggerAddress: localhost:59765}, networkConnectionEnabled: false, pageLoadStrategy: normal, platformName: windows, proxy: Proxy(), se:cdp: ws://localhost:59765/devtoo..., se:cdpVersion: 134.0.6998.178, setWindowRect: true, strictFileInteractability: false, timeouts: {implicit: 0, pageLoad: 300000, script: 30000}, unhandledPromptBehavior: dismiss and notify, webauthn:extension:credBlob: true, webauthn:extension:largeBlob: true, webauthn:extension:minPinLength: true, webauthn:extension:prf: true, webauthn:virtualAuthenticators: true}
Session ID: 2e7f663c5e3700e856bfdb50a0b02e12
        </td>
      </tr>
      <tr class="event-row">
        <td><span class="badge log info-bg">Info</span></td>
        <td>6:51:05‚ÄØPM</td>
        <td>
          <b>Browser Logs for Run Single Scenario:</b><br><b>Saved to:</b> ./browser-logs/Run Single Scenario_logs.txt<br><pre></pre>
        </td>
      </tr>
      <tr class="event-row">
        <td><span class="badge log info-bg">Info</span></td>
        <td>6:51:05‚ÄØPM</td>
        <td>
          ‚ö†Ô∏è Failed to capture network logs: invalid argument: log type 'performance' not found
  (Session info: chrome=134.0.6998.178)
Build info: version: '4.28.1', revision: '73f5ad48a2'
System info: os.name: 'Windows 10', os.arch: 'amd64', os.version: '10.0', java.version: '21.0.1'
Driver info: org.openqa.selenium.chrome.ChromeDriver
Command: [2e7f663c5e3700e856bfdb50a0b02e12, getLog {type=performance}]
Capabilities {acceptInsecureCerts: false, browserName: chrome, browserVersion: 134.0.6998.178, chrome: {chromedriverVersion: 134.0.6998.165 (fd886e2cb29..., userDataDir: C:\Users\SANKAR~1\AppData\L...}, fedcm:accounts: true, goog:chromeOptions: {debuggerAddress: localhost:59765}, networkConnectionEnabled: false, pageLoadStrategy: normal, platformName: windows, proxy: Proxy(), se:cdp: ws://localhost:59765/devtoo..., se:cdpVersion: 134.0.6998.178, setWindowRect: true, strictFileInteractability: false, timeouts: {implicit: 0, pageLoad: 300000, script: 30000}, unhandledPromptBehavior: dismiss and notify, webauthn:extension:credBlob: true, webauthn:extension:largeBlob: true, webauthn:extension:minPinLength: true, webauthn:extension:prf: true, webauthn:virtualAuthenticators: true}
Session ID: 2e7f663c5e3700e856bfdb50a0b02e12
        </td>
      </tr>
      <tr class="event-row">
        <td><span class="badge log info-bg">Info</span></td>
        <td>6:51:05‚ÄØPM</td>
        <td>
          <b>Browser Logs for runSingleScenario:</b><br><b>Saved to:</b> ./browser-logs/runSingleScenario_logs.txt<br><pre></pre>
        </td>
      </tr>
      <tr class="event-row">
        <td><span class="badge log info-bg">Info</span></td>
        <td>6:51:05‚ÄØPM</td>
        <td>
          ‚ö†Ô∏è Failed to capture network logs: invalid argument: log type 'performance' not found
  (Session info: chrome=134.0.6998.178)
Build info: version: '4.28.1', revision: '73f5ad48a2'
System info: os.name: 'Windows 10', os.arch: 'amd64', os.version: '10.0', java.version: '21.0.1'
Driver info: org.openqa.selenium.chrome.ChromeDriver
Command: [2e7f663c5e3700e856bfdb50a0b02e12, getLog {type=performance}]
Capabilities {acceptInsecureCerts: false, browserName: chrome, browserVersion: 134.0.6998.178, chrome: {chromedriverVersion: 134.0.6998.165 (fd886e2cb29..., userDataDir: C:\Users\SANKAR~1\AppData\L...}, fedcm:accounts: true, goog:chromeOptions: {debuggerAddress: localhost:59765}, networkConnectionEnabled: false, pageLoadStrategy: normal, platformName: windows, proxy: Proxy(), se:cdp: ws://localhost:59765/devtoo..., se:cdpVersion: 134.0.6998.178, setWindowRect: true, strictFileInteractability: false, timeouts: {implicit: 0, pageLoad: 300000, script: 30000}, unhandledPromptBehavior: dismiss and notify, webauthn:extension:credBlob: true, webauthn:extension:largeBlob: true, webauthn:extension:minPinLength: true, webauthn:extension:prf: true, webauthn:virtualAuthenticators: true}
Session ID: 2e7f663c5e3700e856bfdb50a0b02e12
        </td>
      </tr>
      <tr class="event-row">
        <td><span class="badge log fail-bg">Fail</span></td>
        <td>6:51:05‚ÄØPM</td>
        <td>
          <textarea readonly class="code-block">java.lang.RuntimeException: java.lang.RuntimeException: java.lang.RuntimeException: org.openqa.selenium.TimeoutException: Expected condition failed: waiting for visibility of element located by By.xpath: //input[@placeholder='Enter CompanyCode'] (tried for 30 second(s) with 500 milliseconds interval)
Build info: version: '4.28.1', revision: '73f5ad48a2'
System info: os.name: 'Windows 10', os.arch: 'amd64', os.version: '10.0', java.version: '21.0.1'
Driver info: org.openqa.selenium.chrome.ChromeDriver
Capabilities {acceptInsecureCerts: false, browserName: chrome, browserVersion: 134.0.6998.178, chrome: {chromedriverVersion: 134.0.6998.165 (fd886e2cb29..., userDataDir: C:\Users\SANKAR~1\AppData\L...}, fedcm:accounts: true, goog:chromeOptions: {debuggerAddress: localhost:59765}, networkConnectionEnabled: false, pageLoadStrategy: normal, platformName: windows, proxy: Proxy(), se:cdp: ws://localhost:59765/devtoo..., se:cdpVersion: 134.0.6998.178, setWindowRect: true, strictFileInteractability: false, timeouts: {implicit: 0, pageLoad: 300000, script: 30000}, unhandledPromptBehavior: dismiss and notify, webauthn:extension:credBlob: true, webauthn:extension:largeBlob: true, webauthn:extension:minPinLength: true, webauthn:extension:prf: true, webauthn:virtualAuthenticators: true}
Session ID: 2e7f663c5e3700e856bfdb50a0b02e12
	at com.Vcidex.StoryboardSystems.Utils.Reporting.ErrorHandler.handleException(ErrorHandler.java:124)
	at com.Vcidex.StoryboardSystems.Utils.Reporting.ErrorHandler.safeExecute(ErrorHandler.java:86)
	at com.Vcidex.StoryboardSystems.Purchase.DirectPO_Flow.DirectPO_Text_Run.runSingleScenario(DirectPO_Text_Run.java:24)
	at java.base/jdk.internal.reflect.DirectMethodHandleAccessor.invoke(DirectMethodHandleAccessor.java:103)
	at java.base/java.lang.reflect.Method.invoke(Method.java:580)
	at org.testng.internal.invokers.MethodInvocationHelper.invokeMethod(MethodInvocationHelper.java:141)
	at org.testng.internal.invokers.TestInvoker.invokeMethod(TestInvoker.java:686)
	at org.testng.internal.invokers.TestInvoker.retryFailed(TestInvoker.java:269)
	at org.testng.internal.invokers.MethodRunner.runInSequence(MethodRunner.java:76)
	at org.testng.internal.invokers.TestInvoker$MethodInvocationAgent.invoke(TestInvoker.java:992)
	at org.testng.internal.invokers.TestInvoker.invokeTestMethods(TestInvoker.java:203)
	at org.testng.internal.invokers.TestMethodWorker.invokeTestMethods(TestMethodWorker.java:154)
	at org.testng.internal.invokers.TestMethodWorker.run(TestMethodWorker.java:134)
	at java.base/java.util.ArrayList.forEach(ArrayList.java:1596)
	at org.testng.TestRunner.privateRun(TestRunner.java:739)
	at org.testng.TestRunner.run(TestRunner.java:614)
	at org.testng.SuiteRunner.runTest(SuiteRunner.java:421)
	at org.testng.SuiteRunner.runSequentially(SuiteRunner.java:413)
	at org.testng.SuiteRunner.privateRun(SuiteRunner.java:373)
	at org.testng.SuiteRunner.run(SuiteRunner.java:312)
	at org.testng.SuiteRunnerWorker.runSuite(SuiteRunnerWorker.java:52)
	at org.testng.SuiteRunnerWorker.run(SuiteRunnerWorker.java:95)
	at org.testng.TestNG.runSuitesSequentially(TestNG.java:1274)
	at org.testng.TestNG.runSuitesLocally(TestNG.java:1208)
	at org.testng.TestNG.runSuites(TestNG.java:1112)
	at org.testng.TestNG.run(TestNG.java:1079)
	at com.intellij.rt.testng.IDEARemoteTestNG.run(IDEARemoteTestNG.java:65)
	at com.intellij.rt.testng.RemoteTestNGStarter.main(RemoteTestNGStarter.java:105)
Caused by: java.lang.RuntimeException: java.lang.RuntimeException: org.openqa.selenium.TimeoutException: Expected condition failed: waiting for visibility of element located by By.xpath: //input[@placeholder='Enter CompanyCode'] (tried for 30 second(s) with 500 milliseconds interval)
Build info: version: '4.28.1', revision: '73f5ad48a2'
System info: os.name: 'Windows 10', os.arch: 'amd64', os.version: '10.0', java.version: '21.0.1'
Driver info: org.openqa.selenium.chrome.ChromeDriver
Capabilities {acceptInsecureCerts: false, browserName: chrome, browserVersion: 134.0.6998.178, chrome: {chromedriverVersion: 134.0.6998.165 (fd886e2cb29..., userDataDir: C:\Users\SANKAR~1\AppData\L...}, fedcm:accounts: true, goog:chromeOptions: {debuggerAddress: localhost:59765}, networkConnectionEnabled: false, pageLoadStrategy: normal, platformName: windows, proxy: Proxy(), se:cdp: ws://localhost:59765/devtoo..., se:cdpVersion: 134.0.6998.178, setWindowRect: true, strictFileInteractability: false, timeouts: {implicit: 0, pageLoad: 300000, script: 30000}, unhandledPromptBehavior: dismiss and notify, webauthn:extension:credBlob: true, webauthn:extension:largeBlob: true, webauthn:extension:minPinLength: true, webauthn:extension:prf: true, webauthn:virtualAuthenticators: true}
Session ID: 2e7f663c5e3700e856bfdb50a0b02e12
	at com.Vcidex.StoryboardSystems.Utils.Reporting.ErrorHandler.handleException(ErrorHandler.java:124)
	at com.Vcidex.StoryboardSystems.Purchase.DirectPO_Flow.DirectPO_Text_Run.lambda$runSingleScenario$0(DirectPO_Text_Run.java:52)
	at com.Vcidex.StoryboardSystems.Utils.Reporting.ErrorHandler.safeExecute(ErrorHandler.java:82)
	... 26 more
Caused by: java.lang.RuntimeException: org.openqa.selenium.TimeoutException: Expected condition failed: waiting for visibility of element located by By.xpath: //input[@placeholder='Enter CompanyCode'] (tried for 30 second(s) with 500 milliseconds interval)
Build info: version: '4.28.1', revision: '73f5ad48a2'
System info: os.name: 'Windows 10', os.arch: 'amd64', os.version: '10.0', java.version: '21.0.1'
Driver info: org.openqa.selenium.chrome.ChromeDriver
Capabilities {acceptInsecureCerts: false, browserName: chrome, browserVersion: 134.0.6998.178, chrome: {chromedriverVersion: 134.0.6998.165 (fd886e2cb29..., userDataDir: C:\Users\SANKAR~1\AppData\L...}, fedcm:accounts: true, goog:chromeOptions: {debuggerAddress: localhost:59765}, networkConnectionEnabled: false, pageLoadStrategy: normal, platformName: windows, proxy: Proxy(), se:cdp: ws://localhost:59765/devtoo..., se:cdpVersion: 134.0.6998.178, setWindowRect: true, strictFileInteractability: false, timeouts: {implicit: 0, pageLoad: 300000, script: 30000}, unhandledPromptBehavior: dismiss and notify, webauthn:extension:credBlob: true, webauthn:extension:largeBlob: true, webauthn:extension:minPinLength: true, webauthn:extension:prf: true, webauthn:virtualAuthenticators: true}
Session ID: 2e7f663c5e3700e856bfdb50a0b02e12
	at com.Vcidex.StoryboardSystems.Utils.Reporting.ErrorHandler.handleException(ErrorHandler.java:124)
	at com.Vcidex.StoryboardSystems.Utils.Reporting.ErrorHandler.safeExecute(ErrorHandler.java:86)
	at com.Vcidex.StoryboardSystems.Common.Authentication.LoginManager.login(LoginManager.java:29)
	at com.Vcidex.StoryboardSystems.Purchase.DirectPO_Flow.DirectPO_Text_Run.lambda$runSingleScenario$0(DirectPO_Text_Run.java:27)
	... 27 more
Caused by: org.openqa.selenium.TimeoutException: Expected condition failed: waiting for visibility of element located by By.xpath: //input[@placeholder='Enter CompanyCode'] (tried for 30 second(s) with 500 milliseconds interval)
Build info: version: '4.28.1', revision: '73f5ad48a2'
System info: os.name: 'Windows 10', os.arch: 'amd64', os.version: '10.0', java.version: '21.0.1'
Driver info: org.openqa.selenium.chrome.ChromeDriver
Capabilities {acceptInsecureCerts: false, browserName: chrome, browserVersion: 134.0.6998.178, chrome: {chromedriverVersion: 134.0.6998.165 (fd886e2cb29..., userDataDir: C:\Users\SANKAR~1\AppData\L...}, fedcm:accounts: true, goog:chromeOptions: {debuggerAddress: localhost:59765}, networkConnectionEnabled: false, pageLoadStrategy: normal, platformName: windows, proxy: Proxy(), se:cdp: ws://localhost:59765/devtoo..., se:cdpVersion: 134.0.6998.178, setWindowRect: true, strictFileInteractability: false, timeouts: {implicit: 0, pageLoad: 300000, script: 30000}, unhandledPromptBehavior: dismiss and notify, webauthn:extension:credBlob: true, webauthn:extension:largeBlob: true, webauthn:extension:minPinLength: true, webauthn:extension:prf: true, webauthn:virtualAuthenticators: true}
Session ID: 2e7f663c5e3700e856bfdb50a0b02e12
	at org.openqa.selenium.support.ui.WebDriverWait.timeoutException(WebDriverWait.java:84)
	at org.openqa.selenium.support.ui.FluentWait.until(FluentWait.java:228)
	at com.Vcidex.StoryboardSystems.Common.Authentication.LoginManager.lambda$login$0(LoginManager.java:38)
	at com.Vcidex.StoryboardSystems.Utils.Reporting.ErrorHandler.safeExecute(ErrorHandler.java:82)
	... 29 more
</textarea>
          
        </td>
      </tr>
  </tbody>
</table>
</div>
          </div>
        </li>
      </ul>
    </div>
  </div>
<div class="test-content scrollable">
<div class="test-content-tools">
<ul><li><a class="back-to-test" href="#"><i class="fa fa-arrow-left"></i></a></li></ul>
</div>
<div class="test-content-detail"><div class="detail-body"></div></div>
</div></div>
<div class="test-wrapper row view exception-view attributes-view">
<div class="test-list">
<div class="test-list-tools">
<ul class="tools pull-left"><li><a href=""><span class="font-size-14">Exception</span></a></li></ul>
<ul class="tools text-right"><li><a href="#"><span class="badge badge-primary">1</span></a></li></ul>
</div>
<div class="test-list-wrapper scrollable">
<ul class="test-list-item">
<li class="test-item">
<div class="test-detail">
<span class="meta">
<span class='badge log badge-danger'>1</span>
</span>
<p class="name">java.lang.RuntimeException</p>
<p class="duration text-sm">1 tests</p>
</div>
<div class="test-contents d-none">
<div class="info">
<h4>java.lang.RuntimeException</h4>
<span status="fail" class='badge log badge-danger'>1 failed</span>
</div>
<table class='table table-sm mt-4'>
<thead>
<tr>
<th class="status-col">Status</th>
<th class="timestamp-col">Timestamp</th>
<th>TestName</th>
</tr>
</thead>
<tbody>
<tr class="tag-test-status" status="fail">
<td><span class="badge log fail-bg">Fail</span></td>
<td>18:50:33 PM</td>
<td>
<a href="#" class="linked" test-id='6' id='6'>Test Scenario: Scenario 1</a>
</td>
</tr>
</tbody>
</table>
</div>
</li>
</ul>
</div>
</div>
<div class="test-content scrollable">
<div class="test-content-detail">
<div class="detail-body"></div>
</div>
</div>
</div><div class="container-fluid p-4 view dashboard-view">
<div class="row">
<div class="col-md-3">
<div class="card"><div class="card-body">
<p class="m-b-0">Started</p>
<h3>Mar 28, 2025 06:49:38 PM</h3>
</div></div>
</div>
<div class="col-md-3">
<div class="card"><div class="card-body">
<p class="m-b-0">Ended</p>
<h3>Mar 28, 2025 06:51:05 PM</h3>
</div></div>
</div>
<div class="col-md-3">
<div class="card"><div class="card-body">
<p class="m-b-0 text-pass">Tests Passed</p>
<h3>3</h3>
</div></div>
</div>
<div class="col-md-3">
<div class="card"><div class="card-body">
<p class="m-b-0 text-fail">Tests Failed</p>
<h3>3</h3>
</div></div>
</div>
</div>
<div class="row">
<div class="col-md-6">
<div class="card">
<div class="card-header">
<h6 class="card-title">Tests</h6>
</div>
<div class="card-body">
<div class="">
<canvas id='parent-analysis' width='115' height='90'></canvas>
</div>
</div>
<div class="card-footer">
<div><small data-tooltip='50%'>
<b>3</b> tests passed
</small>
</div>
<div>
<small data-tooltip='50%'><b>3</b> tests failed,
<b>0</b> skipped, <b data-tooltip='0%'>0</b> others
</small>
</div>
</div>
</div>
</div>
<div class="col-md-6">
<div class="card">
<div class="card-header">
<h6 class="card-title">Log events</h6>
</div>
<div class="card-body">
<div class="">
<canvas id='events-analysis' width='115' height='90'></canvas>
</div>
</div>
<div class="card-footer">
<div><small data-tooltip='0%'><b>0</b> events passed</small></div>
<div>
<small data-tooltip='26%'><b>12</b> events failed,
<b data-tooltip='%'>33</b> others
</small>
</div>
</div>
</div>
</div>
</div>
<div class="row"><div class="col-md-12">
<div class="card"><div class="card-header"><p>Timeline</p></div>
<div class="card-body pt-0"><div>
<canvas id="timeline" height="120"></canvas>
</div></div>
</div>
</div></div>
<script>
var timeline = {
"runSingleScenario":0,"Test Scenario: Scenario 1":23.228,"runSingleScenario":0,"Test Scenario: Scenario 1":31.933,"runSingleScenario":0,"Test Scenario: Scenario 1":31.808
};
</script>
<div class="row">
</div>
</div>
<script>
var statusGroup = {
parentCount: 5,
passParent: 3,
failParent: 3,
warningParent: 0,
skipParent: 0,
childCount: 5,
passChild: 0,
failChild: 0,
warningChild: 0,
skipChild: 0,
infoChild: 0,
grandChildCount: 5,
passGrandChild: 0,
failGrandChild: 0,
warningGrandChild: 0,
skipGrandChild: 0,
infoGrandChild: 0,
eventsCount: 5,
passEvents: 0,
failEvents: 12,
warningEvents: 0,
skipEvents: 2,
infoEvents: 31
};
</script>        </div>
      </div>
    </div>
  </div>
<script src="https://cdn.jsdelivr.net/gh/extent-framework/extent-github-cdn@c05cd28cde1617b9d0c05a831daff6cb97fd9fd5/spark/js/spark-script.js"></script>
<script type="text/javascript"></script></body>
</html>