

<!DOCTYPE html>
<html>
<head>
<meta charset="UTF-8">
<meta name="viewport" content="width=device-width, initial-scale=1, shrink-to-fit=no">
<title>Storyboard Systems Test Report</title>
<link rel="apple-touch-icon" href="https://cdn.jsdelivr.net/gh/extent-framework/extent-github-cdn@b00a2d0486596e73dd7326beacf352c639623a0e/commons/img/logo.png">
<link rel="shortcut icon" href="https://cdn.jsdelivr.net/gh/extent-framework/extent-github-cdn@b00a2d0486596e73dd7326beacf352c639623a0e/commons/img/logo.png">
<link href="https://cdn.jsdelivr.net/gh/extent-framework/extent-github-cdn@ce8b10435bcbae260c334c0d0c6b61d2c19b6168/spark/css/spark-style.css" rel="stylesheet" />
<link href="https://stackpath.bootstrapcdn.com/font-awesome/4.7.0/css/font-awesome.min.css" rel="stylesheet">
<script src="https://cdn.jsdelivr.net/gh/extent-framework/extent-github-cdn@7cc78ce/spark/js/jsontree.js"></script>
<style type="text/css"></style></head><body class="spa -report standard">
  <div class="app">
    <div class="layout">
<div class="header navbar">
<div class="vheader">
<div class="nav-logo">
<a href="#">
<div class="logo" style="background-image: url('https://cdn.jsdelivr.net/gh/extent-framework/extent-github-cdn@b00a2d0486596e73dd7326beacf352c639623a0e/commons/img/logo.png')"></div>
</a>
</div>
<ul class="nav-left">
<li class="search-box">
<a class="search-toggle" href="#">
<i class="search-icon fa fa-search"></i>
<i class="search-icon-close fa fa-close"></i>
</a>
</li>
<li class="search-input"><input id="search-tests" class="form-control" type="text" placeholder="Search..."></li>
</ul>
<ul class="nav-right">
<li class="m-r-10">
<a href="#"><span class="badge badge-primary">Storyboard Systems - Test Execution Report</span></a>
</li>
<li class="m-r-10">
<a href="#"><span class="badge badge-primary">Mar 29, 2025 12:12:01 PM</span></a>
</li>
</ul>
</div>
</div><div class="side-nav">
<div class="side-nav-inner">
<ul class="side-nav-menu">
<li class="nav-item dropdown" onclick="toggleView('test-view')">
<a id="nav-test" class="dropdown-toggle" href="#">
<span class="ico"><i class="fa fa-list"></i></span>
</a>
</li>
<li class="nav-item dropdown" onclick="toggleView('exception-view')">
<a id="nav-exception" class="dropdown-toggle" href="#">
<span class="ico"><i class="fa fa-bug"></i></span>
</a>
</li>
<li class="nav-item dropdown" onclick="toggleView('dashboard-view')">
<a id="nav-dashboard" class="dropdown-toggle" href="#">
<span class="ico"><i class="fa fa-bar-chart"></i></span>
</a>
</li>
</ul>
</div>
</div>      <div class="vcontainer">
        <div class="main-content">
<div class="test-wrapper row view test-view">
  <div class="test-list">
    <div class="test-list-tools">
<ul class="tools pull-left">
<li><a href="#"><span class="font-size-14">Tests</span></a></li>
</ul>
<ul class="tools text-right">
<li class="dropdown">
<a href="#" class="dropdown-toggle" data-toggle="dropdown"><i class="fa fa-exclamation-circle"></i></a>
<ul id="status-toggle" class="dropdown-menu dropdown-md p-v-0">
<a class="dropdown-item" status="fail" href="#"><span>Fail</span><span class="status danger"></span></a>
<div class="dropdown-divider"></div>
<a status="clear" class="dropdown-item" href="#"><span>Clear</span><span class="pull-right"><i class="fa fa-close"></i></span></a>
</ul>
</li>
</ul>
</div>    <div class="test-list-wrapper scrollable">
      <ul class="test-list-item">
        <li class="test-item"  status="fail" test-id="1"
          author=""
          tag=""
          device="">
          <div class="test-detail">
            <p class="name">runSingleScenario</p>
            <p class="text-sm">
              <span>12:12:02‚ÄØPM</span> / <span>00:00:59:280</span>
              <span class="badge fail-bg log float-right">Fail</span>
            </p>
          </div>
          <div class="test-contents d-none">
<div class="detail-head">
<div class="p-v-10">
<div class="info">
<h5 class="test-status text-fail">runSingleScenario</h5>
<span class='badge badge-success'>03.29.2025 12:12:02‚ÄØPM</span>
<span class='badge badge-danger'>03.29.2025 12:13:01‚ÄØPM</span>
<span class='badge badge-default'>00:00:59:280</span>
&middot; <span class='uri-anchor badge badge-default'>#test-id=1</span>
<span title='Skip to the next failed step' class='badge badge-danger pointer float-right ne ml-1'><i class="fa fa-fast-forward"></i></span>
<span title='Collapse all nodes' class='badge badge-default pointer float-right ct ml-1'><i class="fa fa-compress"></i></span>
<span title='Expand all nodes' class='badge badge-default pointer float-right et'><i class="fa fa-expand"></i></span>
</div>
</div>
</div>    <div class="row mb-3"><div class="col-md-3">
    

<img data-featherlight='C:\Users\SankaraNarayanan\IdeaProjects\StoryboardsSystems/test-output/screenshots/AFTER_SUBMIT_PASS_findElement_841977336055200.png' src="C:\Users\SankaraNarayanan\IdeaProjects\StoryboardsSystems/test-output/screenshots/AFTER_SUBMIT_PASS_findElement_841977336055200.png">
  
    

    </div></div>
    <div class="row mb-3"><div class="col-md-3">
    

<img data-featherlight='C:\Users\SankaraNarayanan\IdeaProjects\StoryboardsSystems/test-output/screenshots/AFTER_SUBMIT_PASS_sendKeys_841977801169700.png' src="C:\Users\SankaraNarayanan\IdeaProjects\StoryboardsSystems/test-output/screenshots/AFTER_SUBMIT_PASS_sendKeys_841977801169700.png">
  
    

    </div></div>
    <div class="row mb-3"><div class="col-md-3">
    

<img data-featherlight='C:\Users\SankaraNarayanan\IdeaProjects\StoryboardsSystems/test-output/screenshots/AFTER_SUBMIT_PASS_findElement_841978142220400.png' src="C:\Users\SankaraNarayanan\IdeaProjects\StoryboardsSystems/test-output/screenshots/AFTER_SUBMIT_PASS_findElement_841978142220400.png">
  
    

    </div></div>
    <div class="row mb-3"><div class="col-md-3">
    

<img data-featherlight='C:\Users\SankaraNarayanan\IdeaProjects\StoryboardsSystems/test-output/screenshots/AFTER_SUBMIT_PASS_sendKeys_841978495190900.png' src="C:\Users\SankaraNarayanan\IdeaProjects\StoryboardsSystems/test-output/screenshots/AFTER_SUBMIT_PASS_sendKeys_841978495190900.png">
  
    

    </div></div>
    <div class="row mb-3"><div class="col-md-3">
    

<img data-featherlight='C:\Users\SankaraNarayanan\IdeaProjects\StoryboardsSystems/test-output/screenshots/AFTER_SUBMIT_PASS_findElement_841978792003700.png' src="C:\Users\SankaraNarayanan\IdeaProjects\StoryboardsSystems/test-output/screenshots/AFTER_SUBMIT_PASS_findElement_841978792003700.png">
  
    

    </div></div>
    <div class="row mb-3"><div class="col-md-3">
    

<img data-featherlight='C:\Users\SankaraNarayanan\IdeaProjects\StoryboardsSystems/test-output/screenshots/AFTER_SUBMIT_PASS_sendKeys_841979209193300.png' src="C:\Users\SankaraNarayanan\IdeaProjects\StoryboardsSystems/test-output/screenshots/AFTER_SUBMIT_PASS_sendKeys_841979209193300.png">
  
    

    </div></div>
    <div class="row mb-3"><div class="col-md-3">
    

<img data-featherlight='C:\Users\SankaraNarayanan\IdeaProjects\StoryboardsSystems/test-output/screenshots/AFTER_SUBMIT_PASS_findElement_841979494389000.png' src="C:\Users\SankaraNarayanan\IdeaProjects\StoryboardsSystems/test-output/screenshots/AFTER_SUBMIT_PASS_findElement_841979494389000.png">
  
    

    </div></div>
    <div class="row mb-3"><div class="col-md-3">
    

<img data-featherlight='C:\Users\SankaraNarayanan\IdeaProjects\StoryboardsSystems/test-output/screenshots/AFTER_SUBMIT_PASS_findElement_841979819529900.png' src="C:\Users\SankaraNarayanan\IdeaProjects\StoryboardsSystems/test-output/screenshots/AFTER_SUBMIT_PASS_findElement_841979819529900.png">
  
    

    </div></div>
    <div class="row mb-3"><div class="col-md-3">
    

<img data-featherlight='C:\Users\SankaraNarayanan\IdeaProjects\StoryboardsSystems/test-output/screenshots/AFTER_SUBMIT_PASS_click_841980413056700.png' src="C:\Users\SankaraNarayanan\IdeaProjects\StoryboardsSystems/test-output/screenshots/AFTER_SUBMIT_PASS_click_841980413056700.png">
  
    

    </div></div>
    <div class="row mb-3"><div class="col-md-3">
    

<img data-featherlight='C:\Users\SankaraNarayanan\IdeaProjects\StoryboardsSystems/test-output/screenshots/AFTER_SUBMIT_PASS_LoginManager_841980712131000.png' src="C:\Users\SankaraNarayanan\IdeaProjects\StoryboardsSystems/test-output/screenshots/AFTER_SUBMIT_PASS_LoginManager_841980712131000.png">
  
    

    </div></div>
    <div class="row mb-3"><div class="col-md-3">
    

<img data-featherlight='C:\Users\SankaraNarayanan\IdeaProjects\StoryboardsSystems/test-output/screenshots/AFTER_SUBMIT_PASS_Navigating to Module and Menu_841987804312900.png' src="C:\Users\SankaraNarayanan\IdeaProjects\StoryboardsSystems/test-output/screenshots/AFTER_SUBMIT_PASS_Navigating to Module and Menu_841987804312900.png">
  
    

    </div></div>
    <div class="row mb-3"><div class="col-md-3">
    

<img data-featherlight='C:\Users\SankaraNarayanan\IdeaProjects\StoryboardsSystems/test-output/screenshots/AFTER_SUBMIT_FAIL_findElement_841999973042600.png' src="C:\Users\SankaraNarayanan\IdeaProjects\StoryboardsSystems/test-output/screenshots/AFTER_SUBMIT_FAIL_findElement_841999973042600.png">
  
    

    </div></div>
    <div class="row mb-3"><div class="col-md-3">
    

<img data-featherlight='C:\Users\SankaraNarayanan\IdeaProjects\StoryboardsSystems/test-output/screenshots/ERROR_findElement_842000152165300.png' src="C:\Users\SankaraNarayanan\IdeaProjects\StoryboardsSystems/test-output/screenshots/ERROR_findElement_842000152165300.png">
  
    

    </div></div>
    <div class="row mb-3"><div class="col-md-3">
    

<img data-featherlight='C:\Users\SankaraNarayanan\IdeaProjects\StoryboardsSystems/test-output/screenshots/AFTER_SUBMIT_FAIL_sendKeys_842000431644500.png' src="C:\Users\SankaraNarayanan\IdeaProjects\StoryboardsSystems/test-output/screenshots/AFTER_SUBMIT_FAIL_sendKeys_842000431644500.png">
  
    

    </div></div>
    <div class="row mb-3"><div class="col-md-3">
    

<img data-featherlight='C:\Users\SankaraNarayanan\IdeaProjects\StoryboardsSystems/test-output/screenshots/ERROR_sendKeys_842000632993700.png' src="C:\Users\SankaraNarayanan\IdeaProjects\StoryboardsSystems/test-output/screenshots/ERROR_sendKeys_842000632993700.png">
  
    

    </div></div>
    <div class="row mb-3"><div class="col-md-3">
    

<img data-featherlight='C:\Users\SankaraNarayanan\IdeaProjects\StoryboardsSystems/test-output/screenshots/AFTER_SUBMIT_PASS_Upload File_842000809750300.png' src="C:\Users\SankaraNarayanan\IdeaProjects\StoryboardsSystems/test-output/screenshots/AFTER_SUBMIT_PASS_Upload File_842000809750300.png">
  
    

    </div></div>
    <div class="row mb-3"><div class="col-md-3">
    

<img data-featherlight='C:\Users\SankaraNarayanan\IdeaProjects\StoryboardsSystems/test-output/screenshots/AFTER_SUBMIT_FAIL_findElement_842011095247100.png' src="C:\Users\SankaraNarayanan\IdeaProjects\StoryboardsSystems/test-output/screenshots/AFTER_SUBMIT_FAIL_findElement_842011095247100.png">
  
    

    </div></div>
    <div class="row mb-3"><div class="col-md-3">
    

<img data-featherlight='C:\Users\SankaraNarayanan\IdeaProjects\StoryboardsSystems/test-output/screenshots/ERROR_findElement_842011349573600.png' src="C:\Users\SankaraNarayanan\IdeaProjects\StoryboardsSystems/test-output/screenshots/ERROR_findElement_842011349573600.png">
  
    

    </div></div>
    <div class="row mb-3"><div class="col-md-3">
    

<img data-featherlight='C:\Users\SankaraNarayanan\IdeaProjects\StoryboardsSystems/test-output/screenshots/AFTER_SUBMIT_FAIL_selectDropdownUsingVisibleText_842011586084700.png' src="C:\Users\SankaraNarayanan\IdeaProjects\StoryboardsSystems/test-output/screenshots/AFTER_SUBMIT_FAIL_selectDropdownUsingVisibleText_842011586084700.png">
  
    

    </div></div>
    <div class="row mb-3"><div class="col-md-3">
    

<img data-featherlight='C:\Users\SankaraNarayanan\IdeaProjects\StoryboardsSystems/test-output/screenshots/ERROR_selectDropdownUsingVisibleText_842011751727000.png' src="C:\Users\SankaraNarayanan\IdeaProjects\StoryboardsSystems/test-output/screenshots/ERROR_selectDropdownUsingVisibleText_842011751727000.png">
  
    

    </div></div>
    <div class="row mb-3"><div class="col-md-3">
    

<img data-featherlight='C:\Users\SankaraNarayanan\IdeaProjects\StoryboardsSystems/test-output/screenshots/AFTER_SUBMIT_PASS_Select Terms and Conditions_842011928245400.png' src="C:\Users\SankaraNarayanan\IdeaProjects\StoryboardsSystems/test-output/screenshots/AFTER_SUBMIT_PASS_Select Terms and Conditions_842011928245400.png">
  
    

    </div></div>
    <div class="row mb-3"><div class="col-md-3">
    

<img data-featherlight='C:\Users\SankaraNarayanan\IdeaProjects\StoryboardsSystems/test-output/screenshots/BEFORE_SUBMIT_Click Submit Button_842012192132900.png' src="C:\Users\SankaraNarayanan\IdeaProjects\StoryboardsSystems/test-output/screenshots/BEFORE_SUBMIT_Click Submit Button_842012192132900.png">
  
    

    </div></div>
    <div class="row mb-3"><div class="col-md-3">
    

<img data-featherlight='C:\Users\SankaraNarayanan\IdeaProjects\StoryboardsSystems/test-output/screenshots/AFTER_SUBMIT_FAIL_findElement_842022433073600.png' src="C:\Users\SankaraNarayanan\IdeaProjects\StoryboardsSystems/test-output/screenshots/AFTER_SUBMIT_FAIL_findElement_842022433073600.png">
  
    

    </div></div>
    <div class="row mb-3"><div class="col-md-3">
    

<img data-featherlight='C:\Users\SankaraNarayanan\IdeaProjects\StoryboardsSystems/test-output/screenshots/ERROR_findElement_842022573102400.png' src="C:\Users\SankaraNarayanan\IdeaProjects\StoryboardsSystems/test-output/screenshots/ERROR_findElement_842022573102400.png">
  
    

    </div></div>
    <div class="row mb-3"><div class="col-md-3">
    

<img data-featherlight='C:\Users\SankaraNarayanan\IdeaProjects\StoryboardsSystems/test-output/screenshots/AFTER_SUBMIT_FAIL_Click Submit Button_842022792753600.png' src="C:\Users\SankaraNarayanan\IdeaProjects\StoryboardsSystems/test-output/screenshots/AFTER_SUBMIT_FAIL_Click Submit Button_842022792753600.png">
  
    

    </div></div>
    <div class="row mb-3"><div class="col-md-3">
    

<img data-featherlight='C:\Users\SankaraNarayanan\IdeaProjects\StoryboardsSystems/test-output/screenshots/ERROR_Click Submit Button_842023003408200.png' src="C:\Users\SankaraNarayanan\IdeaProjects\StoryboardsSystems/test-output/screenshots/ERROR_Click Submit Button_842023003408200.png">
  
    

    </div></div>
    <div class="row mb-3"><div class="col-md-3">
    

<img data-featherlight='C:\Users\SankaraNarayanan\IdeaProjects\StoryboardsSystems/test-output/screenshots/AFTER_SUBMIT_FAIL_findElement_842033262634300.png' src="C:\Users\SankaraNarayanan\IdeaProjects\StoryboardsSystems/test-output/screenshots/AFTER_SUBMIT_FAIL_findElement_842033262634300.png">
  
    

    </div></div>
    <div class="row mb-3"><div class="col-md-3">
    

<img data-featherlight='C:\Users\SankaraNarayanan\IdeaProjects\StoryboardsSystems/test-output/screenshots/ERROR_findElement_842033424465100.png' src="C:\Users\SankaraNarayanan\IdeaProjects\StoryboardsSystems/test-output/screenshots/ERROR_findElement_842033424465100.png">
  
    

    </div></div>
    <div class="row mb-3"><div class="col-md-3">
    

<img data-featherlight='C:\Users\SankaraNarayanan\IdeaProjects\StoryboardsSystems/test-output/screenshots/AFTER_SUBMIT_FAIL_getText_842033679420900.png' src="C:\Users\SankaraNarayanan\IdeaProjects\StoryboardsSystems/test-output/screenshots/AFTER_SUBMIT_FAIL_getText_842033679420900.png">
  
    

    </div></div>
    <div class="row mb-3"><div class="col-md-3">
    

<img data-featherlight='C:\Users\SankaraNarayanan\IdeaProjects\StoryboardsSystems/test-output/screenshots/ERROR_getText_842033838901900.png' src="C:\Users\SankaraNarayanan\IdeaProjects\StoryboardsSystems/test-output/screenshots/ERROR_getText_842033838901900.png">
  
    

    </div></div>
    <div class="row mb-3"><div class="col-md-3">
    

<img data-featherlight='C:\Users\SankaraNarayanan\IdeaProjects\StoryboardsSystems/test-output/screenshots/AFTER_SUBMIT_FAIL_Get Confirmation Message_842034020077200.png' src="C:\Users\SankaraNarayanan\IdeaProjects\StoryboardsSystems/test-output/screenshots/AFTER_SUBMIT_FAIL_Get Confirmation Message_842034020077200.png">
  
    

    </div></div>
    <div class="row mb-3"><div class="col-md-3">
    

<img data-featherlight='C:\Users\SankaraNarayanan\IdeaProjects\StoryboardsSystems/test-output/screenshots/ERROR_Get Confirmation Message_842034308933400.png' src="C:\Users\SankaraNarayanan\IdeaProjects\StoryboardsSystems/test-output/screenshots/ERROR_Get Confirmation Message_842034308933400.png">
  
    

    </div></div>
    <div class="row mb-3"><div class="col-md-3">
    

<img data-featherlight='C:\Users\SankaraNarayanan\IdeaProjects\StoryboardsSystems/test-output/screenshots/FAIL_runSingleScenario_842034682200100.png' src="C:\Users\SankaraNarayanan\IdeaProjects\StoryboardsSystems/test-output/screenshots/FAIL_runSingleScenario_842034682200100.png">
  
    

    </div></div>
<div class="detail-body mt-4">
<table class="table table-sm">
  <thead><tr><th class="status-col">Status</th><th class="timestamp-col">Timestamp</th><th class="details-col">Details</th></tr></thead>
  <tbody>
      <tr class="event-row">
        <td><span class="badge log info-bg">Info</span></td>
        <td>12:12:04‚ÄØPM</td>
        <td>
          <details><summary><b>‚ÑπÔ∏è Info - Click to expand</b></summary><pre>üì∏ Screenshot captured: C:\Users\SankaraNarayanan\IdeaProjects\StoryboardsSystems/test-output/screenshots/AFTER_SUBMIT_PASS_findElement_841977336055200.png</pre></details>
        </td>
      </tr>
      <tr class="event-row">
        <td><span class="badge log info-bg">Info</span></td>
        <td>12:12:04‚ÄØPM</td>
        <td>
          <details><summary><b>‚ÑπÔ∏è Info - Click to expand</b></summary><pre>üì∏ Screenshot captured: C:\Users\SankaraNarayanan\IdeaProjects\StoryboardsSystems/test-output/screenshots/AFTER_SUBMIT_PASS_sendKeys_841977801169700.png</pre></details>
        </td>
      </tr>
      <tr class="event-row">
        <td><span class="badge log info-bg">Info</span></td>
        <td>12:12:04‚ÄØPM</td>
        <td>
          <details><summary><b>‚ÑπÔ∏è Info - Click to expand</b></summary><pre>üì∏ Screenshot captured: C:\Users\SankaraNarayanan\IdeaProjects\StoryboardsSystems/test-output/screenshots/AFTER_SUBMIT_PASS_findElement_841978142220400.png</pre></details>
        </td>
      </tr>
      <tr class="event-row">
        <td><span class="badge log info-bg">Info</span></td>
        <td>12:12:05‚ÄØPM</td>
        <td>
          <details><summary><b>‚ÑπÔ∏è Info - Click to expand</b></summary><pre>üì∏ Screenshot captured: C:\Users\SankaraNarayanan\IdeaProjects\StoryboardsSystems/test-output/screenshots/AFTER_SUBMIT_PASS_sendKeys_841978495190900.png</pre></details>
        </td>
      </tr>
      <tr class="event-row">
        <td><span class="badge log info-bg">Info</span></td>
        <td>12:12:05‚ÄØPM</td>
        <td>
          <details><summary><b>‚ÑπÔ∏è Info - Click to expand</b></summary><pre>üì∏ Screenshot captured: C:\Users\SankaraNarayanan\IdeaProjects\StoryboardsSystems/test-output/screenshots/AFTER_SUBMIT_PASS_findElement_841978792003700.png</pre></details>
        </td>
      </tr>
      <tr class="event-row">
        <td><span class="badge log info-bg">Info</span></td>
        <td>12:12:05‚ÄØPM</td>
        <td>
          <details><summary><b>‚ÑπÔ∏è Info - Click to expand</b></summary><pre>üì∏ Screenshot captured: C:\Users\SankaraNarayanan\IdeaProjects\StoryboardsSystems/test-output/screenshots/AFTER_SUBMIT_PASS_sendKeys_841979209193300.png</pre></details>
        </td>
      </tr>
      <tr class="event-row">
        <td><span class="badge log info-bg">Info</span></td>
        <td>12:12:06‚ÄØPM</td>
        <td>
          <details><summary><b>‚ÑπÔ∏è Info - Click to expand</b></summary><pre>üì∏ Screenshot captured: C:\Users\SankaraNarayanan\IdeaProjects\StoryboardsSystems/test-output/screenshots/AFTER_SUBMIT_PASS_findElement_841979494389000.png</pre></details>
        </td>
      </tr>
      <tr class="event-row">
        <td><span class="badge log info-bg">Info</span></td>
        <td>12:12:06‚ÄØPM</td>
        <td>
          <details><summary><b>‚ÑπÔ∏è Info - Click to expand</b></summary><pre>üì∏ Screenshot captured: C:\Users\SankaraNarayanan\IdeaProjects\StoryboardsSystems/test-output/screenshots/AFTER_SUBMIT_PASS_findElement_841979819529900.png</pre></details>
        </td>
      </tr>
      <tr class="event-row">
        <td><span class="badge log info-bg">Info</span></td>
        <td>12:12:07‚ÄØPM</td>
        <td>
          <details><summary><b>‚ÑπÔ∏è Info - Click to expand</b></summary><pre>üì∏ Screenshot captured: C:\Users\SankaraNarayanan\IdeaProjects\StoryboardsSystems/test-output/screenshots/AFTER_SUBMIT_PASS_click_841980413056700.png</pre></details>
        </td>
      </tr>
      <tr class="event-row">
        <td><span class="badge log info-bg">Info</span></td>
        <td>12:12:07‚ÄØPM</td>
        <td>
          Login successful for user: Superadmin
        </td>
      </tr>
      <tr class="event-row">
        <td><span class="badge log info-bg">Info</span></td>
        <td>12:12:07‚ÄØPM</td>
        <td>
          <details><summary><b>‚ÑπÔ∏è Info - Click to expand</b></summary><pre>üì∏ Screenshot captured: C:\Users\SankaraNarayanan\IdeaProjects\StoryboardsSystems/test-output/screenshots/AFTER_SUBMIT_PASS_LoginManager_841980712131000.png</pre></details>
        </td>
      </tr>
      <tr class="event-row">
        <td><span class="badge log fail-bg">Fail</span></td>
        <td>12:12:10‚ÄØPM</td>
        <td>
          <details><summary><b>‚ùó Error - Click to expand</b></summary><pre>Failed to capture screenshot: The filename, directory name, or volume label syntax is incorrect</pre></details>
        </td>
      </tr>
      <tr class="event-row">
        <td><span class="badge log fail-bg">Fail</span></td>
        <td>12:12:11‚ÄØPM</td>
        <td>
          <details><summary><b>‚ùó Error - Click to expand</b></summary><pre>Failed to capture screenshot: The filename, directory name, or volume label syntax is incorrect</pre></details>
        </td>
      </tr>
      <tr class="event-row">
        <td><span class="badge log fail-bg">Fail</span></td>
        <td>12:12:12‚ÄØPM</td>
        <td>
          <details><summary><b>‚ùó Error - Click to expand</b></summary><pre>Failed to capture screenshot: The filename, directory name, or volume label syntax is incorrect</pre></details>
        </td>
      </tr>
      <tr class="event-row">
        <td><span class="badge log info-bg">Info</span></td>
        <td>12:12:14‚ÄØPM</td>
        <td>
          <details><summary><b>‚ÑπÔ∏è Info - Click to expand</b></summary><pre>üì∏ Screenshot captured: C:\Users\SankaraNarayanan\IdeaProjects\StoryboardsSystems/test-output/screenshots/AFTER_SUBMIT_PASS_Navigating to Module and Menu_841987804312900.png</pre></details>
        </td>
      </tr>
      <tr class="event-row">
        <td><span class="badge log info-bg">Info</span></td>
        <td>12:12:26‚ÄØPM</td>
        <td>
          <details><summary><b>‚ÑπÔ∏è Info - Click to expand</b></summary><pre>üì∏ Screenshot captured: C:\Users\SankaraNarayanan\IdeaProjects\StoryboardsSystems/test-output/screenshots/AFTER_SUBMIT_FAIL_findElement_841999973042600.png</pre></details>
        </td>
      </tr>
      <tr class="event-row">
        <td><span class="badge log fail-bg">Fail</span></td>
        <td>12:12:26‚ÄØPM</td>
        <td>
          <details><summary><b>‚ùó Error - Click to expand</b></summary><pre>Exception occurred in Test: findElement | Expected condition failed: waiting for visibility of element located by By.id: file-upload-section (tried for 10 second(s) with 500 milliseconds interval)
Build info: version: '4.28.1', revision: '73f5ad48a2'
System info: os.name: 'Windows 10', os.arch: 'amd64', os.version: '10.0', java.version: '21.0.1'
Driver info: org.openqa.selenium.chrome.ChromeDriver
Capabilities {acceptInsecureCerts: false, browserName: chrome, browserVersion: 134.0.6998.178, chrome: {chromedriverVersion: 134.0.6998.165 (fd886e2cb29..., userDataDir: C:\Users\SANKAR~1\AppData\L...}, fedcm:accounts: true, goog:chromeOptions: {debuggerAddress: localhost:62054}, networkConnectionEnabled: false, pageLoadStrategy: normal, platformName: windows, proxy: Proxy(), se:cdp: ws://localhost:62054/devtoo..., se:cdpVersion: 134.0.6998.178, setWindowRect: true, strictFileInteractability: false, timeouts: {implicit: 0, pageLoad: 300000, script: 30000}, unhandledPromptBehavior: dismiss and notify, webauthn:extension:credBlob: true, webauthn:extension:largeBlob: true, webauthn:extension:minPinLength: true, webauthn:extension:prf: true, webauthn:virtualAuthenticators: true}
Session ID: c40b032102bf0623eb168520a1a417b1</pre></details>
        </td>
      </tr>
      <tr class="event-row">
        <td><span class="badge log info-bg">Info</span></td>
        <td>12:12:26‚ÄØPM</td>
        <td>
          <details><summary><b>‚ÑπÔ∏è Info - Click to expand</b></summary><pre>üì∏ Screenshot captured: C:\Users\SankaraNarayanan\IdeaProjects\StoryboardsSystems/test-output/screenshots/ERROR_findElement_842000152165300.png</pre></details>
        </td>
      </tr>
      <tr class="event-row">
        <td><span class="badge log info-bg">Info</span></td>
        <td>12:12:26‚ÄØPM</td>
        <td>
          <details><summary><b>‚ÑπÔ∏è Info - Click to expand</b></summary><pre>&lt;details&gt;&lt;summary&gt;&lt;b&gt;üßë&zwj;üíª Browser Logs (Click to expand)&lt;/b&gt;&lt;/summary&gt;&lt;pre&gt;Sat Mar 29 12:12:02 IST 2025 SEVERE https://erplite.storyboarderp.com/v4/main.384d2d37db79e5ae.js 0:1274291 &quot;ERROR&quot; TypeError: Cannot read properties of undefined (reading 'segments')
    at x.isInPaymentsPage (https://erplite.storyboarderp.com/v4/main.384d2d37db79e5ae.js:1:488507)
    at template (https://erplite.storyboarderp.com/v4/main.384d2d37db79e5ae.js:1:489082)
    at dp.runInContext (https://erplite.storyboarderp.com/v4/main.384d2d37db79e5ae.js:1:1274810)
    at _p (https://erplite.storyboarderp.com/v4/main.384d2d37db79e5ae.js:1:1276985)
    at Ip (https://erplite.storyboarderp.com/v4/main.384d2d37db79e5ae.js:1:1286520)
    at Rp (https://erplite.storyboarderp.com/v4/main.384d2d37db79e5ae.js:1:1287724)
    at Wb (https://erplite.storyboarderp.com/v4/main.384d2d37db79e5ae.js:1:1287587)
    at Up (https://erplite.storyboarderp.com/v4/main.384d2d37db79e5ae.js:1:1287866)
    at Ip (https://erplite.storyboarderp.com/v4/main.384d2d37db79e5ae.js:1:1287243)
    at Yu (https://erplite.storyboarderp.com/v4/main.384d2d37db79e5ae.js:1:1286242)
Sat Mar 29 12:12:03 IST 2025 FINE https://erplite.storyboarderp.com/v4/#/auth/login - [DOM] Input elements should have autocomplete attributes (suggested: &quot;current-password&quot;): (More info: https://goo.gl/9p2vKq) %o
Sat Mar 29 12:12:03 IST 2025 FINE https://erplite.storyboarderp.com/v4/#/auth/login - [DOM] Input elements should have autocomplete attributes (suggested: &quot;current-password&quot;): (More info: https://goo.gl/9p2vKq) %o
Sat Mar 29 12:12:07 IST 2025 SEVERE https://erplite.storyboarderp.com/v4/assets/Audio/logon_tone.mp3 - Failed to load resource: the server responded with a status of 404 ()
Sat Mar 29 12:12:07 IST 2025 SEVERE https://erplite.storyboarderp.com/v4/#/auth/login 0:0 Uncaught DOMException: Failed to load because no supported source was found.
Sat Mar 29 12:12:08 IST 2025 SEVERE https://erplite.storyboarderp.com/v4/main.384d2d37db79e5ae.js 0:1274291 &quot;ERROR&quot; TypeError: Cannot read properties of undefined (reading 'totalDays')
    at Object.next (https://erplite.storyboarderp.com/v4/hrm-module.afa1346a908a22da.js:1:1695180)
    at Se.next (https://erplite.storyboarderp.com/v4/main.384d2d37db79e5ae.js:1:1142226)
    at Ae._next (https://erplite.storyboarderp.com/v4/main.384d2d37db79e5ae.js:1:1141893)
    at Ae.next (https://erplite.storyboarderp.com/v4/main.384d2d37db79e5ae.js:1:1141578)
    at https://erplite.storyboarderp.com/v4/main.384d2d37db79e5ae.js:1:1152902
    at t._next (https://erplite.storyboarderp.com/v4/main.384d2d37db79e5ae.js:1:1151288)
    at t.next (https://erplite.storyboarderp.com/v4/main.384d2d37db79e5ae.js:1:1141578)
    at https://erplite.storyboarderp.com/v4/main.384d2d37db79e5ae.js:1:1152602
    at t._next (https://erplite.storyboarderp.com/v4/main.384d2d37db79e5ae.js:1:1151288)
    at t.next (https://erplite.storyboarderp.com/v4/main.384d2d37db79e5ae.js:1:1141578)
Sat Mar 29 12:12:10 IST 2025 INFO https://erplite.storyboarderp.com/v4/main.384d2d37db79e5ae.js 0:426177 &quot;https://calendly.com/support-o3cs&quot;
Sat Mar 29 12:12:10 IST 2025 INFO https://erplite.storyboarderp.com/v4/pmr-module.d999309a31376da0.js 0:710921 &quot;iewk&quot; Array(0)
Sat Mar 29 12:12:10 IST 2025 SEVERE https://erplite.storyboarderp.com/v4/main.384d2d37db79e5ae.js 0:1274291 &quot;ERROR&quot; Error: Uncaught (in promise): TypeError: Cannot read properties of undefined (reading 'type')
TypeError: Cannot read properties of undefined (reading 'type')
    at v.value (https://erplite.storyboarderp.com/v4/default-node_modules_ng-apexcharts_fesm2020_ng-apexcharts_mjs.5eb13394b7867a41.js:1:81573)
    at v.value (https://erplite.storyboarderp.com/v4/default-node_modules_ng-apexcharts_fesm2020_ng-apexcharts_mjs.5eb13394b7867a41.js:1:90010)
    at new v (https://erplite.storyboarderp.com/v4/default-node_modules_ng-apexcharts_fesm2020_ng-apexcharts_mjs.5eb13394b7867a41.js:9:21157)
    at https://erplite.storyboarderp.com/v4/default-node_modules_ng-apexcharts_fesm2020_ng-apexcharts_mjs.5eb13394b7867a41.js:9:48737
    at v.invoke (https://erplite.storyboarderp.com/v4/polyfills.e4f0d6e9859019ee.js:1:6549)
    at h.run (https://erplite.storyboarderp.com/v4/polyfills.e4f0d6e9859019ee.js:1:1915)
    at Ei.runOutsideAngular (https://erplite.storyboarderp.com/v4/main.384d2d37db79e5ae.js:1:1339247)
    at V.createElement (https://erplite.storyboarderp.com/v4/default-node_modules_ng-apexcharts_fesm2020_ng-apexcharts_mjs.5eb13394b7867a41.js:9:48700)
    at D.&lt;anonymous&gt; (https://erplite.storyboarderp.com/v4/default-node_modules_ng-apexcharts_fesm2020_ng-apexcharts_mjs.5eb13394b7867a41.js:9:47684)
    at D._execute (https://erplite.storyboarderp.com/v4/main.384d2d37db79e5ae.js:1:1158389)
    at v.value (https://erplite.storyboarderp.com/v4/default-node_modules_ng-apexcharts_fesm2020_ng-apexcharts_mjs.5eb13394b7867a41.js:1:81573)
    at v.value (https://erplite.storyboarderp.com/v4/default-node_modules_ng-apexcharts_fesm2020_ng-apexcharts_mjs.5eb13394b7867a41.js:1:90010)
    at new v (https://erplite.storyboarderp.com/v4/default-node_modules_ng-apexcharts_fesm2020_ng-apexcharts_mjs.5eb13394b7867a41.js:9:21157)
    at https://erplite.storyboarderp.com/v4/default-node_modules_ng-apexcharts_fesm2020_ng-apexcharts_mjs.5eb13394b7867a41.js:9:48737
    at v.invoke (https://erplite.storyboarderp.com/v4/polyfills.e4f0d6e9859019ee.js:1:6549)
    at h.run (https://erplite.storyboarderp.com/v4/polyfills.e4f0d6e9859019ee.js:1:1915)
    at Ei.runOutsideAngular (https://erplite.storyboarderp.com/v4/main.384d2d37db79e5ae.js:1:1339247)
    at V.createElement (https://erplite.storyboarderp.com/v4/default-node_modules_ng-apexcharts_fesm2020_ng-apexcharts_mjs.5eb13394b7867a41.js:9:48700)
    at D.&lt;anonymous&gt; (https://erplite.storyboarderp.com/v4/default-node_modules_ng-apexcharts_fesm2020_ng-apexcharts_mjs.5eb13394b7867a41.js:9:47684)
    at D._execute (https://erplite.storyboarderp.com/v4/main.384d2d37db79e5ae.js:1:1158389)
    at Y (https://erplite.storyboarderp.com/v4/polyfills.e4f0d6e9859019ee.js:1:15964)
    at https://erplite.storyboarderp.com/v4/polyfills.e4f0d6e9859019ee.js:1:16815
    at v.invokeTask (https://erplite.storyboarderp.com/v4/polyfills.e4f0d6e9859019ee.js:1:7167)
    at Object.onInvokeTask (https://erplite.storyboarderp.com/v4/main.384d2d37db79e5ae.js:1:1338194)
    at v.invokeTask (https://erplite.storyboarderp.com/v4/polyfills.e4f0d6e9859019ee.js:1:7088)
    at h.runTask (https://erplite.storyboarderp.com/v4/polyfills.e4f0d6e9859019ee.js:1:2532)
    at T (https://erplite.storyboarderp.com/v4/polyfills.e4f0d6e9859019ee.js:1:9184)
Sat Mar 29 12:12:11 IST 2025 SEVERE https://erplite.storyboarderp.com/v4/main.384d2d37db79e5ae.js 0:1274291 &quot;ERROR&quot; TypeError: Cannot read properties of undefined (reading 'chart')
    at v.value (https://erplite.storyboarderp.com/v4/default-node_modules_ng-apexcharts_fesm2020_ng-apexcharts_mjs.5eb13394b7867a41.js:1:81567)
    at v.value (https://erplite.storyboarderp.com/v4/default-node_modules_ng-apexcharts_fesm2020_ng-apexcharts_mjs.5eb13394b7867a41.js:1:90010)
    at new v (https://erplite.storyboarderp.com/v4/default-node_modules_ng-apexcharts_fesm2020_ng-apexcharts_mjs.5eb13394b7867a41.js:9:21157)
    at c.renderChart (https://erplite.storyboarderp.com/v4/pmr-module.d999309a31376da0.js:1:380493)
    at c.getpurchaseordersixmonths (https://erplite.storyboarderp.com/v4/pmr-module.d999309a31376da0.js:1:380398)
    at c.ngOnInit (https://erplite.storyboarderp.com/v4/pmr-module.d999309a31376da0.js:1:378955)
    at dl (https://erplite.storyboarderp.com/v4/main.384d2d37db79e5ae.js:1:1246190)
    at $l (https://erplite.storyboarderp.com/v4/main.384d2d37db79e5ae.js:1:1246337)
    at cl (https://erplite.storyboarderp.com/v4/main.384d2d37db79e5ae.js:1:1246094)
    at qs (https://erplite.storyboarderp.com/v4/main.384d2d37db79e5ae.js:1:1245819)
Sat Mar 29 12:12:11 IST 2025 SEVERE https://erplite.storyboarderp.com/v4/main.384d2d37db79e5ae.js 0:1274291 &quot;ERROR&quot; TypeError: Cannot read properties of null (reading 'addControl')
    at J._setUpControl (https://erplite.storyboarderp.com/v4/main.384d2d37db79e5ae.js:1:1399422)
    at J.ngOnChanges (https://erplite.storyboarderp.com/v4/main.384d2d37db79e5ae.js:1:1398927)
    at J.Ls (https://erplite.storyboarderp.com/v4/main.384d2d37db79e5ae.js:1:1241493)
    at dl (https://erplite.storyboarderp.com/v4/main.384d2d37db79e5ae.js:1:1246190)
    at $l (https://erplite.storyboarderp.com/v4/main.384d2d37db79e5ae.js:1:1246346)
    at cl (https://erplite.storyboarderp.com/v4/main.384d2d37db79e5ae.js:1:1246094)
    at qs (https://erplite.storyboarderp.com/v4/main.384d2d37db79e5ae.js:1:1245819)
    at hp (https://erplite.storyboarderp.com/v4/main.384d2d37db79e5ae.js:1:1275210)
    at Object.pp (https://erplite.storyboarderp.com/v4/main.384d2d37db79e5ae.js:1:1275054)
    at template (https://erplite.storyboarderp.com/v4/pmr-module.d999309a31376da0.js:1:389933)
Sat Mar 29 12:12:11 IST 2025 SEVERE https://erplite.storyboarderp.com/v4/main.384d2d37db79e5ae.js 0:1274291 &quot;ERROR&quot; TypeError: Cannot read properties of undefined (reading 'series')
    at Ye (https://erplite.storyboarderp.com/v4/pmr-module.d999309a31376da0.js:1:372658)
    at dp.runInContext (https://erplite.storyboarderp.com/v4/main.384d2d37db79e5ae.js:1:1274810)
    at _p (https://erplite.storyboarderp.com/v4/main.384d2d37db79e5ae.js:1:1276985)
    at Ip (https://erplite.storyboarderp.com/v4/main.384d2d37db79e5ae.js:1:1286520)
    at Rp (https://erplite.storyboarderp.com/v4/main.384d2d37db79e5ae.js:1:1287724)
    at $p (https://erplite.storyboarderp.com/v4/main.384d2d37db79e5ae.js:1:1287557)
    at Ip (https://erplite.storyboarderp.com/v4/main.384d2d37db79e5ae.js:1:1286805)
    at Rp (https://erplite.storyboarderp.com/v4/main.384d2d37db79e5ae.js:1:1287724)
    at Wb (https://erplite.storyboarderp.com/v4/main.384d2d37db79e5ae.js:1:1287587)
    at Up (https://erplite.storyboarderp.com/v4/main.384d2d37db79e5ae.js:1:1287866)
Sat Mar 29 12:12:11 IST 2025 SEVERE https://erplite.storyboarderp.com/v4/main.384d2d37db79e5ae.js 0:1274291 &quot;ERROR&quot; TypeError: Cannot read properties of undefined (reading 'series')
    at Ye (https://erplite.storyboarderp.com/v4/pmr-module.d999309a31376da0.js:1:372658)
    at dp.runInContext (https://erplite.storyboarderp.com/v4/main.384d2d37db79e5ae.js:1:1274810)
    at _p (https://erplite.storyboarderp.com/v4/main.384d2d37db79e5ae.js:1:1276985)
    at Ip (https://erplite.storyboarderp.com/v4/main.384d2d37db79e5ae.js:1:1286520)
    at Rp (https://erplite.storyboarderp.com/v4/main.384d2d37db79e5ae.js:1:1287724)
    at $p (https://erplite.storyboarderp.com/v4/main.384d2d37db79e5ae.js:1:1287557)
    at Ip (https://erplite.storyboarderp.com/v4/main.384d2d37db79e5ae.js:1:1286805)
    at Rp (https://erplite.storyboarderp.com/v4/main.384d2d37db79e5ae.js:1:1287724)
    at Wb (https://erplite.storyboarderp.com/v4/main.384d2d37db79e5ae.js:1:1287587)
    at Up (https://erplite.storyboarderp.com/v4/main.384d2d37db79e5ae.js:1:1287866)
Sat Mar 29 12:12:11 IST 2025 SEVERE https://erplite.storyboarderp.com/v4/main.384d2d37db79e5ae.js 0:1274291 &quot;ERROR&quot; TypeError: Cannot read properties of undefined (reading 'series')
    at Ye (https://erplite.storyboarderp.com/v4/pmr-module.d999309a31376da0.js:1:372658)
    at dp.runInContext (https://erplite.storyboarderp.com/v4/main.384d2d37db79e5ae.js:1:1274810)
    at _p (https://erplite.storyboarderp.com/v4/main.384d2d37db79e5ae.js:1:1276985)
    at Ip (https://erplite.storyboarderp.com/v4/main.384d2d37db79e5ae.js:1:1286520)
    at Rp (https://erplite.storyboarderp.com/v4/main.384d2d37db79e5ae.js:1:1287724)
    at $p (https://erplite.storyboarderp.com/v4/main.384d2d37db79e5ae.js:1:1287557)
    at Ip (https://erplite.storyboarderp.com/v4/main.384d2d37db79e5ae.js:1:1286805)
    at Rp (https://erplite.storyboarderp.com/v4/main.384d2d37db79e5ae.js:1:1287724)
    at Wb (https://erplite.storyboarderp.com/v4/main.384d2d37db79e5ae.js:1:1287587)
    at Up (https://erplite.storyboarderp.com/v4/main.384d2d37db79e5ae.js:1:1287866)
Sat Mar 29 12:12:12 IST 2025 SEVERE https://erplite.storyboarderp.com/v4/main.384d2d37db79e5ae.js 0:1274291 &quot;ERROR&quot; TypeError: Cannot read properties of undefined (reading 'series')
    at Ye (https://erplite.storyboarderp.com/v4/pmr-module.d999309a31376da0.js:1:372658)
    at dp.runInContext (https://erplite.storyboarderp.com/v4/main.384d2d37db79e5ae.js:1:1274810)
    at _p (https://erplite.storyboarderp.com/v4/main.384d2d37db79e5ae.js:1:1276985)
    at Ip (https://erplite.storyboarderp.com/v4/main.384d2d37db79e5ae.js:1:1286520)
    at Rp (https://erplite.storyboarderp.com/v4/main.384d2d37db79e5ae.js:1:1287724)
    at $p (https://erplite.storyboarderp.com/v4/main.384d2d37db79e5ae.js:1:1287557)
    at Ip (https://erplite.storyboarderp.com/v4/main.384d2d37db79e5ae.js:1:1286805)
    at Rp (https://erplite.storyboarderp.com/v4/main.384d2d37db79e5ae.js:1:1287724)
    at Wb (https://erplite.storyboarderp.com/v4/main.384d2d37db79e5ae.js:1:1287587)
    at Up (https://erplite.storyboarderp.com/v4/main.384d2d37db79e5ae.js:1:1287866)
Sat Mar 29 12:12:12 IST 2025 INFO https://erplite.storyboarderp.com/v4/pmr-module.d999309a31376da0.js 0:381894 Array(571)
&lt;/pre&gt;&lt;/details&gt;</pre></details>
        </td>
      </tr>
      <tr class="event-row">
        <td><span class="badge log fail-bg">Fail</span></td>
        <td>12:12:26‚ÄØPM</td>
        <td>
          <details><summary><b>‚ùó Error - Click to expand</b></summary><pre>‚ö†Ô∏è Failed to capture network logs: invalid argument: log type 'performance' not found
  (Session info: chrome=134.0.6998.178)
Build info: version: '4.28.1', revision: '73f5ad48a2'
System info: os.name: 'Windows 10', os.arch: 'amd64', os.version: '10.0', java.version: '21.0.1'
Driver info: org.openqa.selenium.chrome.ChromeDriver
Command: [c40b032102bf0623eb168520a1a417b1, getLog {type=performance}]
Capabilities {acceptInsecureCerts: false, browserName: chrome, browserVersion: 134.0.6998.178, chrome: {chromedriverVersion: 134.0.6998.165 (fd886e2cb29..., userDataDir: C:\Users\SANKAR~1\AppData\L...}, fedcm:accounts: true, goog:chromeOptions: {debuggerAddress: localhost:62054}, networkConnectionEnabled: false, pageLoadStrategy: normal, platformName: windows, proxy: Proxy(), se:cdp: ws://localhost:62054/devtoo..., se:cdpVersion: 134.0.6998.178, setWindowRect: true, strictFileInteractability: false, timeouts: {implicit: 0, pageLoad: 300000, script: 30000}, unhandledPromptBehavior: dismiss and notify, webauthn:extension:credBlob: true, webauthn:extension:largeBlob: true, webauthn:extension:minPinLength: true, webauthn:extension:prf: true, webauthn:virtualAuthenticators: true}
Session ID: c40b032102bf0623eb168520a1a417b1</pre></details>
        </td>
      </tr>
      <tr class="event-row">
        <td><span class="badge log info-bg">Info</span></td>
        <td>12:12:27‚ÄØPM</td>
        <td>
          <details><summary><b>‚ÑπÔ∏è Info - Click to expand</b></summary><pre>üì∏ Screenshot captured: C:\Users\SankaraNarayanan\IdeaProjects\StoryboardsSystems/test-output/screenshots/AFTER_SUBMIT_FAIL_sendKeys_842000431644500.png</pre></details>
        </td>
      </tr>
      <tr class="event-row">
        <td><span class="badge log fail-bg">Fail</span></td>
        <td>12:12:27‚ÄØPM</td>
        <td>
          <details><summary><b>‚ùó Error - Click to expand</b></summary><pre>Exception occurred in Test: sendKeys | Expected condition failed: waiting for visibility of element located by By.id: file-upload-section (tried for 10 second(s) with 500 milliseconds interval)
Build info: version: '4.28.1', revision: '73f5ad48a2'
System info: os.name: 'Windows 10', os.arch: 'amd64', os.version: '10.0', java.version: '21.0.1'
Driver info: org.openqa.selenium.chrome.ChromeDriver
Capabilities {acceptInsecureCerts: false, browserName: chrome, browserVersion: 134.0.6998.178, chrome: {chromedriverVersion: 134.0.6998.165 (fd886e2cb29..., userDataDir: C:\Users\SANKAR~1\AppData\L...}, fedcm:accounts: true, goog:chromeOptions: {debuggerAddress: localhost:62054}, networkConnectionEnabled: false, pageLoadStrategy: normal, platformName: windows, proxy: Proxy(), se:cdp: ws://localhost:62054/devtoo..., se:cdpVersion: 134.0.6998.178, setWindowRect: true, strictFileInteractability: false, timeouts: {implicit: 0, pageLoad: 300000, script: 30000}, unhandledPromptBehavior: dismiss and notify, webauthn:extension:credBlob: true, webauthn:extension:largeBlob: true, webauthn:extension:minPinLength: true, webauthn:extension:prf: true, webauthn:virtualAuthenticators: true}
Session ID: c40b032102bf0623eb168520a1a417b1</pre></details>
        </td>
      </tr>
      <tr class="event-row">
        <td><span class="badge log info-bg">Info</span></td>
        <td>12:12:27‚ÄØPM</td>
        <td>
          <details><summary><b>‚ÑπÔ∏è Info - Click to expand</b></summary><pre>üì∏ Screenshot captured: C:\Users\SankaraNarayanan\IdeaProjects\StoryboardsSystems/test-output/screenshots/ERROR_sendKeys_842000632993700.png</pre></details>
        </td>
      </tr>
      <tr class="event-row">
        <td><span class="badge log info-bg">Info</span></td>
        <td>12:12:27‚ÄØPM</td>
        <td>
          <details><summary><b>‚ÑπÔ∏è Info - Click to expand</b></summary><pre>&lt;details&gt;&lt;summary&gt;&lt;b&gt;üßë&zwj;üíª Browser Logs (Click to expand)&lt;/b&gt;&lt;/summary&gt;&lt;pre&gt;&lt;/pre&gt;&lt;/details&gt;</pre></details>
        </td>
      </tr>
      <tr class="event-row">
        <td><span class="badge log fail-bg">Fail</span></td>
        <td>12:12:27‚ÄØPM</td>
        <td>
          <details><summary><b>‚ùó Error - Click to expand</b></summary><pre>‚ö†Ô∏è Failed to capture network logs: invalid argument: log type 'performance' not found
  (Session info: chrome=134.0.6998.178)
Build info: version: '4.28.1', revision: '73f5ad48a2'
System info: os.name: 'Windows 10', os.arch: 'amd64', os.version: '10.0', java.version: '21.0.1'
Driver info: org.openqa.selenium.chrome.ChromeDriver
Command: [c40b032102bf0623eb168520a1a417b1, getLog {type=performance}]
Capabilities {acceptInsecureCerts: false, browserName: chrome, browserVersion: 134.0.6998.178, chrome: {chromedriverVersion: 134.0.6998.165 (fd886e2cb29..., userDataDir: C:\Users\SANKAR~1\AppData\L...}, fedcm:accounts: true, goog:chromeOptions: {debuggerAddress: localhost:62054}, networkConnectionEnabled: false, pageLoadStrategy: normal, platformName: windows, proxy: Proxy(), se:cdp: ws://localhost:62054/devtoo..., se:cdpVersion: 134.0.6998.178, setWindowRect: true, strictFileInteractability: false, timeouts: {implicit: 0, pageLoad: 300000, script: 30000}, unhandledPromptBehavior: dismiss and notify, webauthn:extension:credBlob: true, webauthn:extension:largeBlob: true, webauthn:extension:minPinLength: true, webauthn:extension:prf: true, webauthn:virtualAuthenticators: true}
Session ID: c40b032102bf0623eb168520a1a417b1</pre></details>
        </td>
      </tr>
      <tr class="event-row">
        <td><span class="badge log info-bg">Info</span></td>
        <td>12:12:27‚ÄØPM</td>
        <td>
          <details><summary><b>‚ÑπÔ∏è Info - Click to expand</b></summary><pre>üì∏ Screenshot captured: C:\Users\SankaraNarayanan\IdeaProjects\StoryboardsSystems/test-output/screenshots/AFTER_SUBMIT_PASS_Upload File_842000809750300.png</pre></details>
        </td>
      </tr>
      <tr class="event-row">
        <td><span class="badge log info-bg">Info</span></td>
        <td>12:12:37‚ÄØPM</td>
        <td>
          <details><summary><b>‚ÑπÔ∏è Info - Click to expand</b></summary><pre>üì∏ Screenshot captured: C:\Users\SankaraNarayanan\IdeaProjects\StoryboardsSystems/test-output/screenshots/AFTER_SUBMIT_FAIL_findElement_842011095247100.png</pre></details>
        </td>
      </tr>
      <tr class="event-row">
        <td><span class="badge log fail-bg">Fail</span></td>
        <td>12:12:37‚ÄØPM</td>
        <td>
          <details><summary><b>‚ùó Error - Click to expand</b></summary><pre>Exception occurred in Test: findElement | Expected condition failed: waiting for visibility of element located by By.id: terms-conditions-dropdown (tried for 10 second(s) with 500 milliseconds interval)
Build info: version: '4.28.1', revision: '73f5ad48a2'
System info: os.name: 'Windows 10', os.arch: 'amd64', os.version: '10.0', java.version: '21.0.1'
Driver info: org.openqa.selenium.chrome.ChromeDriver
Capabilities {acceptInsecureCerts: false, browserName: chrome, browserVersion: 134.0.6998.178, chrome: {chromedriverVersion: 134.0.6998.165 (fd886e2cb29..., userDataDir: C:\Users\SANKAR~1\AppData\L...}, fedcm:accounts: true, goog:chromeOptions: {debuggerAddress: localhost:62054}, networkConnectionEnabled: false, pageLoadStrategy: normal, platformName: windows, proxy: Proxy(), se:cdp: ws://localhost:62054/devtoo..., se:cdpVersion: 134.0.6998.178, setWindowRect: true, strictFileInteractability: false, timeouts: {implicit: 0, pageLoad: 300000, script: 30000}, unhandledPromptBehavior: dismiss and notify, webauthn:extension:credBlob: true, webauthn:extension:largeBlob: true, webauthn:extension:minPinLength: true, webauthn:extension:prf: true, webauthn:virtualAuthenticators: true}
Session ID: c40b032102bf0623eb168520a1a417b1</pre></details>
        </td>
      </tr>
      <tr class="event-row">
        <td><span class="badge log info-bg">Info</span></td>
        <td>12:12:38‚ÄØPM</td>
        <td>
          <details><summary><b>‚ÑπÔ∏è Info - Click to expand</b></summary><pre>üì∏ Screenshot captured: C:\Users\SankaraNarayanan\IdeaProjects\StoryboardsSystems/test-output/screenshots/ERROR_findElement_842011349573600.png</pre></details>
        </td>
      </tr>
      <tr class="event-row">
        <td><span class="badge log info-bg">Info</span></td>
        <td>12:12:38‚ÄØPM</td>
        <td>
          <details><summary><b>‚ÑπÔ∏è Info - Click to expand</b></summary><pre>&lt;details&gt;&lt;summary&gt;&lt;b&gt;üßë&zwj;üíª Browser Logs (Click to expand)&lt;/b&gt;&lt;/summary&gt;&lt;pre&gt;&lt;/pre&gt;&lt;/details&gt;</pre></details>
        </td>
      </tr>
      <tr class="event-row">
        <td><span class="badge log fail-bg">Fail</span></td>
        <td>12:12:38‚ÄØPM</td>
        <td>
          <details><summary><b>‚ùó Error - Click to expand</b></summary><pre>‚ö†Ô∏è Failed to capture network logs: invalid argument: log type 'performance' not found
  (Session info: chrome=134.0.6998.178)
Build info: version: '4.28.1', revision: '73f5ad48a2'
System info: os.name: 'Windows 10', os.arch: 'amd64', os.version: '10.0', java.version: '21.0.1'
Driver info: org.openqa.selenium.chrome.ChromeDriver
Command: [c40b032102bf0623eb168520a1a417b1, getLog {type=performance}]
Capabilities {acceptInsecureCerts: false, browserName: chrome, browserVersion: 134.0.6998.178, chrome: {chromedriverVersion: 134.0.6998.165 (fd886e2cb29..., userDataDir: C:\Users\SANKAR~1\AppData\L...}, fedcm:accounts: true, goog:chromeOptions: {debuggerAddress: localhost:62054}, networkConnectionEnabled: false, pageLoadStrategy: normal, platformName: windows, proxy: Proxy(), se:cdp: ws://localhost:62054/devtoo..., se:cdpVersion: 134.0.6998.178, setWindowRect: true, strictFileInteractability: false, timeouts: {implicit: 0, pageLoad: 300000, script: 30000}, unhandledPromptBehavior: dismiss and notify, webauthn:extension:credBlob: true, webauthn:extension:largeBlob: true, webauthn:extension:minPinLength: true, webauthn:extension:prf: true, webauthn:virtualAuthenticators: true}
Session ID: c40b032102bf0623eb168520a1a417b1</pre></details>
        </td>
      </tr>
      <tr class="event-row">
        <td><span class="badge log info-bg">Info</span></td>
        <td>12:12:38‚ÄØPM</td>
        <td>
          <details><summary><b>‚ÑπÔ∏è Info - Click to expand</b></summary><pre>üì∏ Screenshot captured: C:\Users\SankaraNarayanan\IdeaProjects\StoryboardsSystems/test-output/screenshots/AFTER_SUBMIT_FAIL_selectDropdownUsingVisibleText_842011586084700.png</pre></details>
        </td>
      </tr>
      <tr class="event-row">
        <td><span class="badge log fail-bg">Fail</span></td>
        <td>12:12:38‚ÄØPM</td>
        <td>
          <details><summary><b>‚ùó Error - Click to expand</b></summary><pre>Exception occurred in Test: selectDropdownUsingVisibleText | Expected condition failed: waiting for visibility of element located by By.id: terms-conditions-dropdown (tried for 10 second(s) with 500 milliseconds interval)
Build info: version: '4.28.1', revision: '73f5ad48a2'
System info: os.name: 'Windows 10', os.arch: 'amd64', os.version: '10.0', java.version: '21.0.1'
Driver info: org.openqa.selenium.chrome.ChromeDriver
Capabilities {acceptInsecureCerts: false, browserName: chrome, browserVersion: 134.0.6998.178, chrome: {chromedriverVersion: 134.0.6998.165 (fd886e2cb29..., userDataDir: C:\Users\SANKAR~1\AppData\L...}, fedcm:accounts: true, goog:chromeOptions: {debuggerAddress: localhost:62054}, networkConnectionEnabled: false, pageLoadStrategy: normal, platformName: windows, proxy: Proxy(), se:cdp: ws://localhost:62054/devtoo..., se:cdpVersion: 134.0.6998.178, setWindowRect: true, strictFileInteractability: false, timeouts: {implicit: 0, pageLoad: 300000, script: 30000}, unhandledPromptBehavior: dismiss and notify, webauthn:extension:credBlob: true, webauthn:extension:largeBlob: true, webauthn:extension:minPinLength: true, webauthn:extension:prf: true, webauthn:virtualAuthenticators: true}
Session ID: c40b032102bf0623eb168520a1a417b1</pre></details>
        </td>
      </tr>
      <tr class="event-row">
        <td><span class="badge log info-bg">Info</span></td>
        <td>12:12:38‚ÄØPM</td>
        <td>
          <details><summary><b>‚ÑπÔ∏è Info - Click to expand</b></summary><pre>üì∏ Screenshot captured: C:\Users\SankaraNarayanan\IdeaProjects\StoryboardsSystems/test-output/screenshots/ERROR_selectDropdownUsingVisibleText_842011751727000.png</pre></details>
        </td>
      </tr>
      <tr class="event-row">
        <td><span class="badge log info-bg">Info</span></td>
        <td>12:12:38‚ÄØPM</td>
        <td>
          <details><summary><b>‚ÑπÔ∏è Info - Click to expand</b></summary><pre>&lt;details&gt;&lt;summary&gt;&lt;b&gt;üßë&zwj;üíª Browser Logs (Click to expand)&lt;/b&gt;&lt;/summary&gt;&lt;pre&gt;&lt;/pre&gt;&lt;/details&gt;</pre></details>
        </td>
      </tr>
      <tr class="event-row">
        <td><span class="badge log fail-bg">Fail</span></td>
        <td>12:12:38‚ÄØPM</td>
        <td>
          <details><summary><b>‚ùó Error - Click to expand</b></summary><pre>‚ö†Ô∏è Failed to capture network logs: invalid argument: log type 'performance' not found
  (Session info: chrome=134.0.6998.178)
Build info: version: '4.28.1', revision: '73f5ad48a2'
System info: os.name: 'Windows 10', os.arch: 'amd64', os.version: '10.0', java.version: '21.0.1'
Driver info: org.openqa.selenium.chrome.ChromeDriver
Command: [c40b032102bf0623eb168520a1a417b1, getLog {type=performance}]
Capabilities {acceptInsecureCerts: false, browserName: chrome, browserVersion: 134.0.6998.178, chrome: {chromedriverVersion: 134.0.6998.165 (fd886e2cb29..., userDataDir: C:\Users\SANKAR~1\AppData\L...}, fedcm:accounts: true, goog:chromeOptions: {debuggerAddress: localhost:62054}, networkConnectionEnabled: false, pageLoadStrategy: normal, platformName: windows, proxy: Proxy(), se:cdp: ws://localhost:62054/devtoo..., se:cdpVersion: 134.0.6998.178, setWindowRect: true, strictFileInteractability: false, timeouts: {implicit: 0, pageLoad: 300000, script: 30000}, unhandledPromptBehavior: dismiss and notify, webauthn:extension:credBlob: true, webauthn:extension:largeBlob: true, webauthn:extension:minPinLength: true, webauthn:extension:prf: true, webauthn:virtualAuthenticators: true}
Session ID: c40b032102bf0623eb168520a1a417b1</pre></details>
        </td>
      </tr>
      <tr class="event-row">
        <td><span class="badge log info-bg">Info</span></td>
        <td>12:12:38‚ÄØPM</td>
        <td>
          <details><summary><b>‚ÑπÔ∏è Info - Click to expand</b></summary><pre>üì∏ Screenshot captured: C:\Users\SankaraNarayanan\IdeaProjects\StoryboardsSystems/test-output/screenshots/AFTER_SUBMIT_PASS_Select Terms and Conditions_842011928245400.png</pre></details>
        </td>
      </tr>
      <tr class="event-row">
        <td><span class="badge log info-bg">Info</span></td>
        <td>12:12:38‚ÄØPM</td>
        <td>
          <details><summary><b>‚ÑπÔ∏è Info - Click to expand</b></summary><pre>Performing submit action: Click Submit Button | Locator: submit-button</pre></details>
        </td>
      </tr>
      <tr class="event-row">
        <td><span class="badge log info-bg">Info</span></td>
        <td>12:12:38‚ÄØPM</td>
        <td>
          <details><summary><b>‚ÑπÔ∏è Info - Click to expand</b></summary><pre>üì∏ Screenshot captured: C:\Users\SankaraNarayanan\IdeaProjects\StoryboardsSystems/test-output/screenshots/BEFORE_SUBMIT_Click Submit Button_842012192132900.png</pre></details>
        </td>
      </tr>
      <tr class="event-row">
        <td><span class="badge log info-bg">Info</span></td>
        <td>12:12:49‚ÄØPM</td>
        <td>
          <details><summary><b>‚ÑπÔ∏è Info - Click to expand</b></summary><pre>üì∏ Screenshot captured: C:\Users\SankaraNarayanan\IdeaProjects\StoryboardsSystems/test-output/screenshots/AFTER_SUBMIT_FAIL_findElement_842022433073600.png</pre></details>
        </td>
      </tr>
      <tr class="event-row">
        <td><span class="badge log fail-bg">Fail</span></td>
        <td>12:12:49‚ÄØPM</td>
        <td>
          <details><summary><b>‚ùó Error - Click to expand</b></summary><pre>Exception occurred in Test: findElement | Expected condition failed: waiting for visibility of element located by By.id: submit-button (tried for 10 second(s) with 500 milliseconds interval)
Build info: version: '4.28.1', revision: '73f5ad48a2'
System info: os.name: 'Windows 10', os.arch: 'amd64', os.version: '10.0', java.version: '21.0.1'
Driver info: org.openqa.selenium.chrome.ChromeDriver
Capabilities {acceptInsecureCerts: false, browserName: chrome, browserVersion: 134.0.6998.178, chrome: {chromedriverVersion: 134.0.6998.165 (fd886e2cb29..., userDataDir: C:\Users\SANKAR~1\AppData\L...}, fedcm:accounts: true, goog:chromeOptions: {debuggerAddress: localhost:62054}, networkConnectionEnabled: false, pageLoadStrategy: normal, platformName: windows, proxy: Proxy(), se:cdp: ws://localhost:62054/devtoo..., se:cdpVersion: 134.0.6998.178, setWindowRect: true, strictFileInteractability: false, timeouts: {implicit: 0, pageLoad: 300000, script: 30000}, unhandledPromptBehavior: dismiss and notify, webauthn:extension:credBlob: true, webauthn:extension:largeBlob: true, webauthn:extension:minPinLength: true, webauthn:extension:prf: true, webauthn:virtualAuthenticators: true}
Session ID: c40b032102bf0623eb168520a1a417b1</pre></details>
        </td>
      </tr>
      <tr class="event-row">
        <td><span class="badge log info-bg">Info</span></td>
        <td>12:12:49‚ÄØPM</td>
        <td>
          <details><summary><b>‚ÑπÔ∏è Info - Click to expand</b></summary><pre>üì∏ Screenshot captured: C:\Users\SankaraNarayanan\IdeaProjects\StoryboardsSystems/test-output/screenshots/ERROR_findElement_842022573102400.png</pre></details>
        </td>
      </tr>
      <tr class="event-row">
        <td><span class="badge log info-bg">Info</span></td>
        <td>12:12:49‚ÄØPM</td>
        <td>
          <details><summary><b>‚ÑπÔ∏è Info - Click to expand</b></summary><pre>&lt;details&gt;&lt;summary&gt;&lt;b&gt;üßë&zwj;üíª Browser Logs (Click to expand)&lt;/b&gt;&lt;/summary&gt;&lt;pre&gt;&lt;/pre&gt;&lt;/details&gt;</pre></details>
        </td>
      </tr>
      <tr class="event-row">
        <td><span class="badge log fail-bg">Fail</span></td>
        <td>12:12:49‚ÄØPM</td>
        <td>
          <details><summary><b>‚ùó Error - Click to expand</b></summary><pre>‚ö†Ô∏è Failed to capture network logs: invalid argument: log type 'performance' not found
  (Session info: chrome=134.0.6998.178)
Build info: version: '4.28.1', revision: '73f5ad48a2'
System info: os.name: 'Windows 10', os.arch: 'amd64', os.version: '10.0', java.version: '21.0.1'
Driver info: org.openqa.selenium.chrome.ChromeDriver
Command: [c40b032102bf0623eb168520a1a417b1, getLog {type=performance}]
Capabilities {acceptInsecureCerts: false, browserName: chrome, browserVersion: 134.0.6998.178, chrome: {chromedriverVersion: 134.0.6998.165 (fd886e2cb29..., userDataDir: C:\Users\SANKAR~1\AppData\L...}, fedcm:accounts: true, goog:chromeOptions: {debuggerAddress: localhost:62054}, networkConnectionEnabled: false, pageLoadStrategy: normal, platformName: windows, proxy: Proxy(), se:cdp: ws://localhost:62054/devtoo..., se:cdpVersion: 134.0.6998.178, setWindowRect: true, strictFileInteractability: false, timeouts: {implicit: 0, pageLoad: 300000, script: 30000}, unhandledPromptBehavior: dismiss and notify, webauthn:extension:credBlob: true, webauthn:extension:largeBlob: true, webauthn:extension:minPinLength: true, webauthn:extension:prf: true, webauthn:virtualAuthenticators: true}
Session ID: c40b032102bf0623eb168520a1a417b1</pre></details>
        </td>
      </tr>
      <tr class="event-row">
        <td><span class="badge log info-bg">Info</span></td>
        <td>12:12:49‚ÄØPM</td>
        <td>
          <details><summary><b>‚ÑπÔ∏è Info - Click to expand</b></summary><pre>üì∏ Screenshot captured: C:\Users\SankaraNarayanan\IdeaProjects\StoryboardsSystems/test-output/screenshots/AFTER_SUBMIT_FAIL_Click Submit Button_842022792753600.png</pre></details>
        </td>
      </tr>
      <tr class="event-row">
        <td><span class="badge log fail-bg">Fail</span></td>
        <td>12:12:49‚ÄØPM</td>
        <td>
          <details><summary><b>‚ùó Error - Click to expand</b></summary><pre>Exception occurred in Test: Click Submit Button | Expected condition failed: waiting for visibility of element located by By.id: submit-button (tried for 10 second(s) with 500 milliseconds interval)
Build info: version: '4.28.1', revision: '73f5ad48a2'
System info: os.name: 'Windows 10', os.arch: 'amd64', os.version: '10.0', java.version: '21.0.1'
Driver info: org.openqa.selenium.chrome.ChromeDriver
Capabilities {acceptInsecureCerts: false, browserName: chrome, browserVersion: 134.0.6998.178, chrome: {chromedriverVersion: 134.0.6998.165 (fd886e2cb29..., userDataDir: C:\Users\SANKAR~1\AppData\L...}, fedcm:accounts: true, goog:chromeOptions: {debuggerAddress: localhost:62054}, networkConnectionEnabled: false, pageLoadStrategy: normal, platformName: windows, proxy: Proxy(), se:cdp: ws://localhost:62054/devtoo..., se:cdpVersion: 134.0.6998.178, setWindowRect: true, strictFileInteractability: false, timeouts: {implicit: 0, pageLoad: 300000, script: 30000}, unhandledPromptBehavior: dismiss and notify, webauthn:extension:credBlob: true, webauthn:extension:largeBlob: true, webauthn:extension:minPinLength: true, webauthn:extension:prf: true, webauthn:virtualAuthenticators: true}
Session ID: c40b032102bf0623eb168520a1a417b1</pre></details>
        </td>
      </tr>
      <tr class="event-row">
        <td><span class="badge log info-bg">Info</span></td>
        <td>12:12:49‚ÄØPM</td>
        <td>
          <details><summary><b>‚ÑπÔ∏è Info - Click to expand</b></summary><pre>üì∏ Screenshot captured: C:\Users\SankaraNarayanan\IdeaProjects\StoryboardsSystems/test-output/screenshots/ERROR_Click Submit Button_842023003408200.png</pre></details>
        </td>
      </tr>
      <tr class="event-row">
        <td><span class="badge log info-bg">Info</span></td>
        <td>12:12:49‚ÄØPM</td>
        <td>
          <details><summary><b>‚ÑπÔ∏è Info - Click to expand</b></summary><pre>&lt;details&gt;&lt;summary&gt;&lt;b&gt;üßë&zwj;üíª Browser Logs (Click to expand)&lt;/b&gt;&lt;/summary&gt;&lt;pre&gt;&lt;/pre&gt;&lt;/details&gt;</pre></details>
        </td>
      </tr>
      <tr class="event-row">
        <td><span class="badge log fail-bg">Fail</span></td>
        <td>12:12:49‚ÄØPM</td>
        <td>
          <details><summary><b>‚ùó Error - Click to expand</b></summary><pre>‚ö†Ô∏è Failed to capture network logs: invalid argument: log type 'performance' not found
  (Session info: chrome=134.0.6998.178)
Build info: version: '4.28.1', revision: '73f5ad48a2'
System info: os.name: 'Windows 10', os.arch: 'amd64', os.version: '10.0', java.version: '21.0.1'
Driver info: org.openqa.selenium.chrome.ChromeDriver
Command: [c40b032102bf0623eb168520a1a417b1, getLog {type=performance}]
Capabilities {acceptInsecureCerts: false, browserName: chrome, browserVersion: 134.0.6998.178, chrome: {chromedriverVersion: 134.0.6998.165 (fd886e2cb29..., userDataDir: C:\Users\SANKAR~1\AppData\L...}, fedcm:accounts: true, goog:chromeOptions: {debuggerAddress: localhost:62054}, networkConnectionEnabled: false, pageLoadStrategy: normal, platformName: windows, proxy: Proxy(), se:cdp: ws://localhost:62054/devtoo..., se:cdpVersion: 134.0.6998.178, setWindowRect: true, strictFileInteractability: false, timeouts: {implicit: 0, pageLoad: 300000, script: 30000}, unhandledPromptBehavior: dismiss and notify, webauthn:extension:credBlob: true, webauthn:extension:largeBlob: true, webauthn:extension:minPinLength: true, webauthn:extension:prf: true, webauthn:virtualAuthenticators: true}
Session ID: c40b032102bf0623eb168520a1a417b1</pre></details>
        </td>
      </tr>
      <tr class="event-row">
        <td><span class="badge log info-bg">Info</span></td>
        <td>12:13:00‚ÄØPM</td>
        <td>
          <details><summary><b>‚ÑπÔ∏è Info - Click to expand</b></summary><pre>üì∏ Screenshot captured: C:\Users\SankaraNarayanan\IdeaProjects\StoryboardsSystems/test-output/screenshots/AFTER_SUBMIT_FAIL_findElement_842033262634300.png</pre></details>
        </td>
      </tr>
      <tr class="event-row">
        <td><span class="badge log fail-bg">Fail</span></td>
        <td>12:13:00‚ÄØPM</td>
        <td>
          <details><summary><b>‚ùó Error - Click to expand</b></summary><pre>Exception occurred in Test: findElement | Expected condition failed: waiting for visibility of element located by By.id: confirmation-message (tried for 10 second(s) with 500 milliseconds interval)
Build info: version: '4.28.1', revision: '73f5ad48a2'
System info: os.name: 'Windows 10', os.arch: 'amd64', os.version: '10.0', java.version: '21.0.1'
Driver info: org.openqa.selenium.chrome.ChromeDriver
Capabilities {acceptInsecureCerts: false, browserName: chrome, browserVersion: 134.0.6998.178, chrome: {chromedriverVersion: 134.0.6998.165 (fd886e2cb29..., userDataDir: C:\Users\SANKAR~1\AppData\L...}, fedcm:accounts: true, goog:chromeOptions: {debuggerAddress: localhost:62054}, networkConnectionEnabled: false, pageLoadStrategy: normal, platformName: windows, proxy: Proxy(), se:cdp: ws://localhost:62054/devtoo..., se:cdpVersion: 134.0.6998.178, setWindowRect: true, strictFileInteractability: false, timeouts: {implicit: 0, pageLoad: 300000, script: 30000}, unhandledPromptBehavior: dismiss and notify, webauthn:extension:credBlob: true, webauthn:extension:largeBlob: true, webauthn:extension:minPinLength: true, webauthn:extension:prf: true, webauthn:virtualAuthenticators: true}
Session ID: c40b032102bf0623eb168520a1a417b1</pre></details>
        </td>
      </tr>
      <tr class="event-row">
        <td><span class="badge log info-bg">Info</span></td>
        <td>12:13:00‚ÄØPM</td>
        <td>
          <details><summary><b>‚ÑπÔ∏è Info - Click to expand</b></summary><pre>üì∏ Screenshot captured: C:\Users\SankaraNarayanan\IdeaProjects\StoryboardsSystems/test-output/screenshots/ERROR_findElement_842033424465100.png</pre></details>
        </td>
      </tr>
      <tr class="event-row">
        <td><span class="badge log info-bg">Info</span></td>
        <td>12:13:00‚ÄØPM</td>
        <td>
          <details><summary><b>‚ÑπÔ∏è Info - Click to expand</b></summary><pre>&lt;details&gt;&lt;summary&gt;&lt;b&gt;üßë&zwj;üíª Browser Logs (Click to expand)&lt;/b&gt;&lt;/summary&gt;&lt;pre&gt;&lt;/pre&gt;&lt;/details&gt;</pre></details>
        </td>
      </tr>
      <tr class="event-row">
        <td><span class="badge log fail-bg">Fail</span></td>
        <td>12:13:00‚ÄØPM</td>
        <td>
          <details><summary><b>‚ùó Error - Click to expand</b></summary><pre>‚ö†Ô∏è Failed to capture network logs: invalid argument: log type 'performance' not found
  (Session info: chrome=134.0.6998.178)
Build info: version: '4.28.1', revision: '73f5ad48a2'
System info: os.name: 'Windows 10', os.arch: 'amd64', os.version: '10.0', java.version: '21.0.1'
Driver info: org.openqa.selenium.chrome.ChromeDriver
Command: [c40b032102bf0623eb168520a1a417b1, getLog {type=performance}]
Capabilities {acceptInsecureCerts: false, browserName: chrome, browserVersion: 134.0.6998.178, chrome: {chromedriverVersion: 134.0.6998.165 (fd886e2cb29..., userDataDir: C:\Users\SANKAR~1\AppData\L...}, fedcm:accounts: true, goog:chromeOptions: {debuggerAddress: localhost:62054}, networkConnectionEnabled: false, pageLoadStrategy: normal, platformName: windows, proxy: Proxy(), se:cdp: ws://localhost:62054/devtoo..., se:cdpVersion: 134.0.6998.178, setWindowRect: true, strictFileInteractability: false, timeouts: {implicit: 0, pageLoad: 300000, script: 30000}, unhandledPromptBehavior: dismiss and notify, webauthn:extension:credBlob: true, webauthn:extension:largeBlob: true, webauthn:extension:minPinLength: true, webauthn:extension:prf: true, webauthn:virtualAuthenticators: true}
Session ID: c40b032102bf0623eb168520a1a417b1</pre></details>
        </td>
      </tr>
      <tr class="event-row">
        <td><span class="badge log info-bg">Info</span></td>
        <td>12:13:00‚ÄØPM</td>
        <td>
          <details><summary><b>‚ÑπÔ∏è Info - Click to expand</b></summary><pre>üì∏ Screenshot captured: C:\Users\SankaraNarayanan\IdeaProjects\StoryboardsSystems/test-output/screenshots/AFTER_SUBMIT_FAIL_getText_842033679420900.png</pre></details>
        </td>
      </tr>
      <tr class="event-row">
        <td><span class="badge log fail-bg">Fail</span></td>
        <td>12:13:00‚ÄØPM</td>
        <td>
          <details><summary><b>‚ùó Error - Click to expand</b></summary><pre>Exception occurred in Test: getText | Expected condition failed: waiting for visibility of element located by By.id: confirmation-message (tried for 10 second(s) with 500 milliseconds interval)
Build info: version: '4.28.1', revision: '73f5ad48a2'
System info: os.name: 'Windows 10', os.arch: 'amd64', os.version: '10.0', java.version: '21.0.1'
Driver info: org.openqa.selenium.chrome.ChromeDriver
Capabilities {acceptInsecureCerts: false, browserName: chrome, browserVersion: 134.0.6998.178, chrome: {chromedriverVersion: 134.0.6998.165 (fd886e2cb29..., userDataDir: C:\Users\SANKAR~1\AppData\L...}, fedcm:accounts: true, goog:chromeOptions: {debuggerAddress: localhost:62054}, networkConnectionEnabled: false, pageLoadStrategy: normal, platformName: windows, proxy: Proxy(), se:cdp: ws://localhost:62054/devtoo..., se:cdpVersion: 134.0.6998.178, setWindowRect: true, strictFileInteractability: false, timeouts: {implicit: 0, pageLoad: 300000, script: 30000}, unhandledPromptBehavior: dismiss and notify, webauthn:extension:credBlob: true, webauthn:extension:largeBlob: true, webauthn:extension:minPinLength: true, webauthn:extension:prf: true, webauthn:virtualAuthenticators: true}
Session ID: c40b032102bf0623eb168520a1a417b1</pre></details>
        </td>
      </tr>
      <tr class="event-row">
        <td><span class="badge log info-bg">Info</span></td>
        <td>12:13:00‚ÄØPM</td>
        <td>
          <details><summary><b>‚ÑπÔ∏è Info - Click to expand</b></summary><pre>üì∏ Screenshot captured: C:\Users\SankaraNarayanan\IdeaProjects\StoryboardsSystems/test-output/screenshots/ERROR_getText_842033838901900.png</pre></details>
        </td>
      </tr>
      <tr class="event-row">
        <td><span class="badge log info-bg">Info</span></td>
        <td>12:13:00‚ÄØPM</td>
        <td>
          <details><summary><b>‚ÑπÔ∏è Info - Click to expand</b></summary><pre>&lt;details&gt;&lt;summary&gt;&lt;b&gt;üßë&zwj;üíª Browser Logs (Click to expand)&lt;/b&gt;&lt;/summary&gt;&lt;pre&gt;&lt;/pre&gt;&lt;/details&gt;</pre></details>
        </td>
      </tr>
      <tr class="event-row">
        <td><span class="badge log fail-bg">Fail</span></td>
        <td>12:13:00‚ÄØPM</td>
        <td>
          <details><summary><b>‚ùó Error - Click to expand</b></summary><pre>‚ö†Ô∏è Failed to capture network logs: invalid argument: log type 'performance' not found
  (Session info: chrome=134.0.6998.178)
Build info: version: '4.28.1', revision: '73f5ad48a2'
System info: os.name: 'Windows 10', os.arch: 'amd64', os.version: '10.0', java.version: '21.0.1'
Driver info: org.openqa.selenium.chrome.ChromeDriver
Command: [c40b032102bf0623eb168520a1a417b1, getLog {type=performance}]
Capabilities {acceptInsecureCerts: false, browserName: chrome, browserVersion: 134.0.6998.178, chrome: {chromedriverVersion: 134.0.6998.165 (fd886e2cb29..., userDataDir: C:\Users\SANKAR~1\AppData\L...}, fedcm:accounts: true, goog:chromeOptions: {debuggerAddress: localhost:62054}, networkConnectionEnabled: false, pageLoadStrategy: normal, platformName: windows, proxy: Proxy(), se:cdp: ws://localhost:62054/devtoo..., se:cdpVersion: 134.0.6998.178, setWindowRect: true, strictFileInteractability: false, timeouts: {implicit: 0, pageLoad: 300000, script: 30000}, unhandledPromptBehavior: dismiss and notify, webauthn:extension:credBlob: true, webauthn:extension:largeBlob: true, webauthn:extension:minPinLength: true, webauthn:extension:prf: true, webauthn:virtualAuthenticators: true}
Session ID: c40b032102bf0623eb168520a1a417b1</pre></details>
        </td>
      </tr>
      <tr class="event-row">
        <td><span class="badge log info-bg">Info</span></td>
        <td>12:13:00‚ÄØPM</td>
        <td>
          <details><summary><b>‚ÑπÔ∏è Info - Click to expand</b></summary><pre>üì∏ Screenshot captured: C:\Users\SankaraNarayanan\IdeaProjects\StoryboardsSystems/test-output/screenshots/AFTER_SUBMIT_FAIL_Get Confirmation Message_842034020077200.png</pre></details>
        </td>
      </tr>
      <tr class="event-row">
        <td><span class="badge log fail-bg">Fail</span></td>
        <td>12:13:00‚ÄØPM</td>
        <td>
          <details><summary><b>‚ùó Error - Click to expand</b></summary><pre>Exception occurred in Test: Get Confirmation Message | Expected condition failed: waiting for visibility of element located by By.id: confirmation-message (tried for 10 second(s) with 500 milliseconds interval)
Build info: version: '4.28.1', revision: '73f5ad48a2'
System info: os.name: 'Windows 10', os.arch: 'amd64', os.version: '10.0', java.version: '21.0.1'
Driver info: org.openqa.selenium.chrome.ChromeDriver
Capabilities {acceptInsecureCerts: false, browserName: chrome, browserVersion: 134.0.6998.178, chrome: {chromedriverVersion: 134.0.6998.165 (fd886e2cb29..., userDataDir: C:\Users\SANKAR~1\AppData\L...}, fedcm:accounts: true, goog:chromeOptions: {debuggerAddress: localhost:62054}, networkConnectionEnabled: false, pageLoadStrategy: normal, platformName: windows, proxy: Proxy(), se:cdp: ws://localhost:62054/devtoo..., se:cdpVersion: 134.0.6998.178, setWindowRect: true, strictFileInteractability: false, timeouts: {implicit: 0, pageLoad: 300000, script: 30000}, unhandledPromptBehavior: dismiss and notify, webauthn:extension:credBlob: true, webauthn:extension:largeBlob: true, webauthn:extension:minPinLength: true, webauthn:extension:prf: true, webauthn:virtualAuthenticators: true}
Session ID: c40b032102bf0623eb168520a1a417b1</pre></details>
        </td>
      </tr>
      <tr class="event-row">
        <td><span class="badge log info-bg">Info</span></td>
        <td>12:13:01‚ÄØPM</td>
        <td>
          <details><summary><b>‚ÑπÔ∏è Info - Click to expand</b></summary><pre>üì∏ Screenshot captured: C:\Users\SankaraNarayanan\IdeaProjects\StoryboardsSystems/test-output/screenshots/ERROR_Get Confirmation Message_842034308933400.png</pre></details>
        </td>
      </tr>
      <tr class="event-row">
        <td><span class="badge log info-bg">Info</span></td>
        <td>12:13:01‚ÄØPM</td>
        <td>
          <details><summary><b>‚ÑπÔ∏è Info - Click to expand</b></summary><pre>&lt;details&gt;&lt;summary&gt;&lt;b&gt;üßë&zwj;üíª Browser Logs (Click to expand)&lt;/b&gt;&lt;/summary&gt;&lt;pre&gt;&lt;/pre&gt;&lt;/details&gt;</pre></details>
        </td>
      </tr>
      <tr class="event-row">
        <td><span class="badge log fail-bg">Fail</span></td>
        <td>12:13:01‚ÄØPM</td>
        <td>
          <details><summary><b>‚ùó Error - Click to expand</b></summary><pre>‚ö†Ô∏è Failed to capture network logs: invalid argument: log type 'performance' not found
  (Session info: chrome=134.0.6998.178)
Build info: version: '4.28.1', revision: '73f5ad48a2'
System info: os.name: 'Windows 10', os.arch: 'amd64', os.version: '10.0', java.version: '21.0.1'
Driver info: org.openqa.selenium.chrome.ChromeDriver
Command: [c40b032102bf0623eb168520a1a417b1, getLog {type=performance}]
Capabilities {acceptInsecureCerts: false, browserName: chrome, browserVersion: 134.0.6998.178, chrome: {chromedriverVersion: 134.0.6998.165 (fd886e2cb29..., userDataDir: C:\Users\SANKAR~1\AppData\L...}, fedcm:accounts: true, goog:chromeOptions: {debuggerAddress: localhost:62054}, networkConnectionEnabled: false, pageLoadStrategy: normal, platformName: windows, proxy: Proxy(), se:cdp: ws://localhost:62054/devtoo..., se:cdpVersion: 134.0.6998.178, setWindowRect: true, strictFileInteractability: false, timeouts: {implicit: 0, pageLoad: 300000, script: 30000}, unhandledPromptBehavior: dismiss and notify, webauthn:extension:credBlob: true, webauthn:extension:largeBlob: true, webauthn:extension:minPinLength: true, webauthn:extension:prf: true, webauthn:virtualAuthenticators: true}
Session ID: c40b032102bf0623eb168520a1a417b1</pre></details>
        </td>
      </tr>
      <tr class="event-row">
        <td><span class="badge log info-bg">Info</span></td>
        <td>12:13:01‚ÄØPM</td>
        <td>
          <details><summary><b>‚ÑπÔ∏è Info - Click to expand</b></summary><pre>üì∏ Screenshot captured: C:\Users\SankaraNarayanan\IdeaProjects\StoryboardsSystems/test-output/screenshots/FAIL_runSingleScenario_842034682200100.png</pre></details>
        </td>
      </tr>
      <tr class="event-row">
        <td><span class="badge log info-bg">Info</span></td>
        <td>12:13:01‚ÄØPM</td>
        <td>
          <details><summary><b>‚ÑπÔ∏è Info - Click to expand</b></summary><pre>&lt;details&gt;&lt;summary&gt;&lt;b&gt;üßë&zwj;üíª Browser Logs (Click to expand)&lt;/b&gt;&lt;/summary&gt;&lt;pre&gt;&lt;/pre&gt;&lt;/details&gt;</pre></details>
        </td>
      </tr>
      <tr class="event-row">
        <td><span class="badge log fail-bg">Fail</span></td>
        <td>12:13:01‚ÄØPM</td>
        <td>
          <details><summary><b>‚ùó Error - Click to expand</b></summary><pre>‚ö†Ô∏è Failed to capture network logs: invalid argument: log type 'performance' not found
  (Session info: chrome=134.0.6998.178)
Build info: version: '4.28.1', revision: '73f5ad48a2'
System info: os.name: 'Windows 10', os.arch: 'amd64', os.version: '10.0', java.version: '21.0.1'
Driver info: org.openqa.selenium.chrome.ChromeDriver
Command: [c40b032102bf0623eb168520a1a417b1, getLog {type=performance}]
Capabilities {acceptInsecureCerts: false, browserName: chrome, browserVersion: 134.0.6998.178, chrome: {chromedriverVersion: 134.0.6998.165 (fd886e2cb29..., userDataDir: C:\Users\SANKAR~1\AppData\L...}, fedcm:accounts: true, goog:chromeOptions: {debuggerAddress: localhost:62054}, networkConnectionEnabled: false, pageLoadStrategy: normal, platformName: windows, proxy: Proxy(), se:cdp: ws://localhost:62054/devtoo..., se:cdpVersion: 134.0.6998.178, setWindowRect: true, strictFileInteractability: false, timeouts: {implicit: 0, pageLoad: 300000, script: 30000}, unhandledPromptBehavior: dismiss and notify, webauthn:extension:credBlob: true, webauthn:extension:largeBlob: true, webauthn:extension:minPinLength: true, webauthn:extension:prf: true, webauthn:virtualAuthenticators: true}
Session ID: c40b032102bf0623eb168520a1a417b1</pre></details>
        </td>
      </tr>
      <tr class="event-row">
        <td><span class="badge log fail-bg">Fail</span></td>
        <td>12:13:01‚ÄØPM</td>
        <td>
          <textarea readonly class="code-block">org.openqa.selenium.TimeoutException: Expected condition failed: waiting for visibility of element located by By.id: confirmation-message (tried for 10 second(s) with 500 milliseconds interval)
Build info: version: '4.28.1', revision: '73f5ad48a2'
System info: os.name: 'Windows 10', os.arch: 'amd64', os.version: '10.0', java.version: '21.0.1'
Driver info: org.openqa.selenium.chrome.ChromeDriver
Capabilities {acceptInsecureCerts: false, browserName: chrome, browserVersion: 134.0.6998.178, chrome: {chromedriverVersion: 134.0.6998.165 (fd886e2cb29..., userDataDir: C:\Users\SANKAR~1\AppData\L...}, fedcm:accounts: true, goog:chromeOptions: {debuggerAddress: localhost:62054}, networkConnectionEnabled: false, pageLoadStrategy: normal, platformName: windows, proxy: Proxy(), se:cdp: ws://localhost:62054/devtoo..., se:cdpVersion: 134.0.6998.178, setWindowRect: true, strictFileInteractability: false, timeouts: {implicit: 0, pageLoad: 300000, script: 30000}, unhandledPromptBehavior: dismiss and notify, webauthn:extension:credBlob: true, webauthn:extension:largeBlob: true, webauthn:extension:minPinLength: true, webauthn:extension:prf: true, webauthn:virtualAuthenticators: true}
Session ID: c40b032102bf0623eb168520a1a417b1
	at org.openqa.selenium.support.ui.WebDriverWait.timeoutException(WebDriverWait.java:84)
	at org.openqa.selenium.support.ui.FluentWait.until(FluentWait.java:228)
	at com.Vcidex.StoryboardSystems.Common.Base.BasePage.lambda$findElement$0(BasePage.java:31)
	at com.Vcidex.StoryboardSystems.Utils.Reporting.ErrorHandler.safeExecute(ErrorHandler.java:88)
	at com.Vcidex.StoryboardSystems.Common.Base.BasePage.findElement(BasePage.java:31)
	at com.Vcidex.StoryboardSystems.Common.Base.BasePage.lambda$getText$3(BasePage.java:43)
	at com.Vcidex.StoryboardSystems.Utils.Reporting.ErrorHandler.safeExecute(ErrorHandler.java:88)
	at com.Vcidex.StoryboardSystems.Common.Base.BasePage.getText(BasePage.java:43)
	at com.Vcidex.StoryboardSystems.Purchase.Pages.Purchase_Order.Direct_PO.lambda$getConfirmationMessage$4(Direct_PO.java:84)
	at com.Vcidex.StoryboardSystems.Utils.Reporting.ErrorHandler.safeExecute(ErrorHandler.java:88)
	at com.Vcidex.StoryboardSystems.Purchase.Pages.Purchase_Order.Direct_PO.getConfirmationMessage(Direct_PO.java:83)
	at com.Vcidex.StoryboardSystems.Purchase.DirectPO_Flow.DirectPO_Text_Run.runSingleScenario(DirectPO_Text_Run.java:28)
	at java.base/jdk.internal.reflect.DirectMethodHandleAccessor.invoke(DirectMethodHandleAccessor.java:103)
	at java.base/java.lang.reflect.Method.invoke(Method.java:580)
	at org.testng.internal.invokers.MethodInvocationHelper.invokeMethod(MethodInvocationHelper.java:141)
	at org.testng.internal.invokers.TestInvoker.invokeMethod(TestInvoker.java:686)
	at org.testng.internal.invokers.TestInvoker.invokeTestMethod(TestInvoker.java:230)
	at org.testng.internal.invokers.MethodRunner.runInSequence(MethodRunner.java:63)
	at org.testng.internal.invokers.TestInvoker$MethodInvocationAgent.invoke(TestInvoker.java:992)
	at org.testng.internal.invokers.TestInvoker.invokeTestMethods(TestInvoker.java:203)
	at org.testng.internal.invokers.TestMethodWorker.invokeTestMethods(TestMethodWorker.java:154)
	at org.testng.internal.invokers.TestMethodWorker.run(TestMethodWorker.java:134)
	at java.base/java.util.ArrayList.forEach(ArrayList.java:1596)
	at org.testng.TestRunner.privateRun(TestRunner.java:739)
	at org.testng.TestRunner.run(TestRunner.java:614)
	at org.testng.SuiteRunner.runTest(SuiteRunner.java:421)
	at org.testng.SuiteRunner.runSequentially(SuiteRunner.java:413)
	at org.testng.SuiteRunner.privateRun(SuiteRunner.java:373)
	at org.testng.SuiteRunner.run(SuiteRunner.java:312)
	at org.testng.SuiteRunnerWorker.runSuite(SuiteRunnerWorker.java:52)
	at org.testng.SuiteRunnerWorker.run(SuiteRunnerWorker.java:95)
	at org.testng.TestNG.runSuitesSequentially(TestNG.java:1274)
	at org.testng.TestNG.runSuitesLocally(TestNG.java:1208)
	at org.testng.TestNG.runSuites(TestNG.java:1112)
	at org.testng.TestNG.run(TestNG.java:1079)
	at com.intellij.rt.testng.IDEARemoteTestNG.run(IDEARemoteTestNG.java:65)
	at com.intellij.rt.testng.RemoteTestNGStarter.main(RemoteTestNGStarter.java:105)
</textarea>
          
        </td>
      </tr>
  </tbody>
</table>
</div>
          </div>
        </li>
      </ul>
    </div>
  </div>
<div class="test-content scrollable">
<div class="test-content-tools">
<ul><li><a class="back-to-test" href="#"><i class="fa fa-arrow-left"></i></a></li></ul>
</div>
<div class="test-content-detail"><div class="detail-body"></div></div>
</div></div>
<div class="test-wrapper row view exception-view attributes-view">
<div class="test-list">
<div class="test-list-tools">
<ul class="tools pull-left"><li><a href=""><span class="font-size-14">Exception</span></a></li></ul>
<ul class="tools text-right"><li><a href="#"><span class="badge badge-primary">1</span></a></li></ul>
</div>
<div class="test-list-wrapper scrollable">
<ul class="test-list-item">
<li class="test-item">
<div class="test-detail">
<span class="meta">
<span class='badge log badge-danger'>1</span>
</span>
<p class="name">org.openqa.selenium.TimeoutException</p>
<p class="duration text-sm">1 tests</p>
</div>
<div class="test-contents d-none">
<div class="info">
<h4>org.openqa.selenium.TimeoutException</h4>
<span status="fail" class='badge log badge-danger'>1 failed</span>
</div>
<table class='table table-sm mt-4'>
<thead>
<tr>
<th class="status-col">Status</th>
<th class="timestamp-col">Timestamp</th>
<th>TestName</th>
</tr>
</thead>
<tbody>
<tr class="tag-test-status" status="fail">
<td><span class="badge log fail-bg">Fail</span></td>
<td>12:12:02 PM</td>
<td>
<a href="#" class="linked" test-id='1' id='1'>runSingleScenario</a>
</td>
</tr>
</tbody>
</table>
</div>
</li>
</ul>
</div>
</div>
<div class="test-content scrollable">
<div class="test-content-detail">
<div class="detail-body"></div>
</div>
</div>
</div><div class="container-fluid p-4 view dashboard-view">
<div class="row">
<div class="col-md-3">
<div class="card"><div class="card-body">
<p class="m-b-0">Started</p>
<h3>Mar 29, 2025 12:12:01 PM</h3>
</div></div>
</div>
<div class="col-md-3">
<div class="card"><div class="card-body">
<p class="m-b-0">Ended</p>
<h3>Mar 29, 2025 12:13:02 PM</h3>
</div></div>
</div>
<div class="col-md-3">
<div class="card"><div class="card-body">
<p class="m-b-0 text-pass">Tests Passed</p>
<h3>0</h3>
</div></div>
</div>
<div class="col-md-3">
<div class="card"><div class="card-body">
<p class="m-b-0 text-fail">Tests Failed</p>
<h3>1</h3>
</div></div>
</div>
</div>
<div class="row">
<div class="col-md-6">
<div class="card">
<div class="card-header">
<h6 class="card-title">Tests</h6>
</div>
<div class="card-body">
<div class="">
<canvas id='parent-analysis' width='115' height='90'></canvas>
</div>
</div>
<div class="card-footer">
<div><small data-tooltip='0%'>
<b>0</b> tests passed
</small>
</div>
<div>
<small data-tooltip='100%'><b>1</b> tests failed,
<b>0</b> skipped, <b data-tooltip='0%'>0</b> others
</small>
</div>
</div>
</div>
</div>
<div class="col-md-6">
<div class="card">
<div class="card-header">
<h6 class="card-title">Log events</h6>
</div>
<div class="card-body">
<div class="">
<canvas id='events-analysis' width='115' height='90'></canvas>
</div>
</div>
<div class="card-footer">
<div><small data-tooltip='0%'><b>0</b> events passed</small></div>
<div>
<small data-tooltip='33%'><b>23</b> events failed,
<b data-tooltip='%'>45</b> others
</small>
</div>
</div>
</div>
</div>
</div>
<div class="row"><div class="col-md-12">
<div class="card"><div class="card-header"><p>Timeline</p></div>
<div class="card-body pt-0"><div>
<canvas id="timeline" height="120"></canvas>
</div></div>
</div>
</div></div>
<script>
var timeline = {
"runSingleScenario":59.28
};
</script>
<div class="row">
</div>
</div>
<script>
var statusGroup = {
parentCount: 5,
passParent: 0,
failParent: 1,
warningParent: 0,
skipParent: 0,
childCount: 5,
passChild: 0,
failChild: 0,
warningChild: 0,
skipChild: 0,
infoChild: 0,
grandChildCount: 5,
passGrandChild: 0,
failGrandChild: 0,
warningGrandChild: 0,
skipGrandChild: 0,
infoGrandChild: 0,
eventsCount: 5,
passEvents: 0,
failEvents: 23,
warningEvents: 0,
skipEvents: 0,
infoEvents: 45
};
</script>        </div>
      </div>
    </div>
  </div>
<script src="https://cdn.jsdelivr.net/gh/extent-framework/extent-github-cdn@c05cd28cde1617b9d0c05a831daff6cb97fd9fd5/spark/js/spark-script.js"></script>
<script type="text/javascript"></script></body>
</html>